<!doctype html>
<html>
<head><meta http-equiv="content-type" content="text/html; charset=UTF-8">
<title>801 Test results</title>
<link href="../assets/css/style.css" rel="stylesheet" type="text/css" />
<link href="../favicon.ico" rel="icon" type="image/x-icon" />
</head>
<!--                      N O T E                   -->
<!-- The contents of this page are auto generated -->
<!--   To change it - please modify the PHP code    -->
<body>
<a href="../index.html">&lArr; Index &lArr;</a>
<h1>Details for <a href="https://github.com/joomla/joomla-platform/pull/801">Pull Request #801</a></h1>
<div class="avatar"><img alt="avatar" src="https://secure.gravatar.com/avatar/cab39d7e547423f2a0c72823eeec95b2?d=https://a248.e.akamai.net/assets.github.com%2Fimages%2Fgravatars%2Fgravatar-140.png" /><br />realityking</div>
<p class="title">Move JTable to its own package.</p>
<div class="clr"></div>
<h2>Unit Tests</h2>
<p class="img24 img-warn">There were 0 failures and 25 errors. <a href="../logs/801junit.xml">Unit Test Log (XML)</a></p>
<h3>Errors</h3>
<ol>
<li><pre class="debug">JTableContentTest::testBind
InvalidArgumentException: Could not find csv file: .../tests/suite/joomla/table/stubs/jos_assets.csv

.../tests/suite/cms/table/JTableContentTest.php:63
.../tests/includes/JoomlaDatabaseTestCase.php:227
.../tests/suite/cms/table/JTableContentTest.php:29
</pre></li>
<li><pre class="debug">JTableContentTest::testCheck
InvalidArgumentException: Could not find csv file: .../tests/suite/joomla/table/stubs/jos_assets.csv

.../tests/suite/cms/table/JTableContentTest.php:63
.../tests/includes/JoomlaDatabaseTestCase.php:227
.../tests/suite/cms/table/JTableContentTest.php:29
</pre></li>
<li><pre class="debug">JTableContentTest::testStore
InvalidArgumentException: Could not find csv file: .../tests/suite/joomla/table/stubs/jos_assets.csv

.../tests/suite/cms/table/JTableContentTest.php:63
.../tests/includes/JoomlaDatabaseTestCase.php:227
.../tests/suite/cms/table/JTableContentTest.php:29
</pre></li>
<li><pre class="debug">JTableContentTest::testPublish
InvalidArgumentException: Could not find csv file: .../tests/suite/joomla/table/stubs/jos_assets.csv

.../tests/suite/cms/table/JTableContentTest.php:63
.../tests/includes/JoomlaDatabaseTestCase.php:227
.../tests/suite/cms/table/JTableContentTest.php:29
</pre></li>
<li><pre class="debug">JTableExtensionTest::testCheck
InvalidArgumentException: Could not find csv file: .../tests/suite/joomla/stubs/jos_extensions.csv

.../tests/suite/joomla/table/JTableExtensionTest.php:61
.../tests/includes/JoomlaDatabaseTestCase.php:227
.../tests/suite/joomla/table/JTableExtensionTest.php:29
</pre></li>
<li><pre class="debug">JTableExtensionTest::testBind
InvalidArgumentException: Could not find csv file: .../tests/suite/joomla/stubs/jos_extensions.csv

.../tests/suite/joomla/table/JTableExtensionTest.php:61
.../tests/includes/JoomlaDatabaseTestCase.php:227
.../tests/suite/joomla/table/JTableExtensionTest.php:29
</pre></li>
<li><pre class="debug">JTableExtensionTest::testFind
InvalidArgumentException: Could not find csv file: .../tests/suite/joomla/stubs/jos_extensions.csv

.../tests/suite/joomla/table/JTableExtensionTest.php:61
.../tests/includes/JoomlaDatabaseTestCase.php:227
.../tests/suite/joomla/table/JTableExtensionTest.php:29
</pre></li>
<li><pre class="debug">JTableExtensionTest::testPublish
InvalidArgumentException: Could not find csv file: .../tests/suite/joomla/stubs/jos_extensions.csv

.../tests/suite/joomla/table/JTableExtensionTest.php:61
.../tests/includes/JoomlaDatabaseTestCase.php:227
.../tests/suite/joomla/table/JTableExtensionTest.php:29
</pre></li>
<li><pre class="debug">JTableNestedTest::testDebug
InvalidArgumentException: Could not find csv file: .../tests/suite/joomla/table/stubs/jos_categories.csv

.../tests/suite/joomla/table/JTableNestedTest.php:70
.../tests/includes/JoomlaDatabaseTestCase.php:227
.../tests/suite/joomla/table/JTableNestedTest.php:34
</pre></li>
<li><pre class="debug">JTableNestedTest::testGetPath
InvalidArgumentException: Could not find csv file: .../tests/suite/joomla/table/stubs/jos_categories.csv

.../tests/suite/joomla/table/JTableNestedTest.php:70
.../tests/includes/JoomlaDatabaseTestCase.php:227
.../tests/suite/joomla/table/JTableNestedTest.php:34
</pre></li>
<li><pre class="debug">JTableNestedTest::testGetTree
InvalidArgumentException: Could not find csv file: .../tests/suite/joomla/table/stubs/jos_categories.csv

.../tests/suite/joomla/table/JTableNestedTest.php:70
.../tests/includes/JoomlaDatabaseTestCase.php:227
.../tests/suite/joomla/table/JTableNestedTest.php:34
</pre></li>
<li><pre class="debug">JTableNestedTest::testIsLeaf
InvalidArgumentException: Could not find csv file: .../tests/suite/joomla/table/stubs/jos_categories.csv

.../tests/suite/joomla/table/JTableNestedTest.php:70
.../tests/includes/JoomlaDatabaseTestCase.php:227
.../tests/suite/joomla/table/JTableNestedTest.php:34
</pre></li>
<li><pre class="debug">JTableNestedTest::testSetLocation
InvalidArgumentException: Could not find csv file: .../tests/suite/joomla/table/stubs/jos_categories.csv

.../tests/suite/joomla/table/JTableNestedTest.php:70
.../tests/includes/JoomlaDatabaseTestCase.php:227
.../tests/suite/joomla/table/JTableNestedTest.php:34
</pre></li>
<li><pre class="debug">JTableNestedTest::testMove
InvalidArgumentException: Could not find csv file: .../tests/suite/joomla/table/stubs/jos_categories.csv

.../tests/suite/joomla/table/JTableNestedTest.php:70
.../tests/includes/JoomlaDatabaseTestCase.php:227
.../tests/suite/joomla/table/JTableNestedTest.php:34
</pre></li>
<li><pre class="debug">JTableNestedTest::testMoveByReference
InvalidArgumentException: Could not find csv file: .../tests/suite/joomla/table/stubs/jos_categories.csv

.../tests/suite/joomla/table/JTableNestedTest.php:70
.../tests/includes/JoomlaDatabaseTestCase.php:227
.../tests/suite/joomla/table/JTableNestedTest.php:34
</pre></li>
<li><pre class="debug">JTableNestedTest::testDelete
InvalidArgumentException: Could not find csv file: .../tests/suite/joomla/table/stubs/jos_categories.csv

.../tests/suite/joomla/table/JTableNestedTest.php:70
.../tests/includes/JoomlaDatabaseTestCase.php:227
.../tests/suite/joomla/table/JTableNestedTest.php:34
</pre></li>
<li><pre class="debug">JTableNestedTest::testCheck
InvalidArgumentException: Could not find csv file: .../tests/suite/joomla/table/stubs/jos_categories.csv

.../tests/suite/joomla/table/JTableNestedTest.php:70
.../tests/includes/JoomlaDatabaseTestCase.php:227
.../tests/suite/joomla/table/JTableNestedTest.php:34
</pre></li>
<li><pre class="debug">JTableNestedTest::testStore
InvalidArgumentException: Could not find csv file: .../tests/suite/joomla/table/stubs/jos_categories.csv

.../tests/suite/joomla/table/JTableNestedTest.php:70
.../tests/includes/JoomlaDatabaseTestCase.php:227
.../tests/suite/joomla/table/JTableNestedTest.php:34
</pre></li>
<li><pre class="debug">JTableNestedTest::testPublish
InvalidArgumentException: Could not find csv file: .../tests/suite/joomla/table/stubs/jos_categories.csv

.../tests/suite/joomla/table/JTableNestedTest.php:70
.../tests/includes/JoomlaDatabaseTestCase.php:227
.../tests/suite/joomla/table/JTableNestedTest.php:34
</pre></li>
<li><pre class="debug">JTableNestedTest::testOrderUp
InvalidArgumentException: Could not find csv file: .../tests/suite/joomla/table/stubs/jos_categories.csv

.../tests/suite/joomla/table/JTableNestedTest.php:70
.../tests/includes/JoomlaDatabaseTestCase.php:227
.../tests/suite/joomla/table/JTableNestedTest.php:34
</pre></li>
<li><pre class="debug">JTableNestedTest::testOrderDown
InvalidArgumentException: Could not find csv file: .../tests/suite/joomla/table/stubs/jos_categories.csv

.../tests/suite/joomla/table/JTableNestedTest.php:70
.../tests/includes/JoomlaDatabaseTestCase.php:227
.../tests/suite/joomla/table/JTableNestedTest.php:34
</pre></li>
<li><pre class="debug">JTableNestedTest::testGetRootId
InvalidArgumentException: Could not find csv file: .../tests/suite/joomla/table/stubs/jos_categories.csv

.../tests/suite/joomla/table/JTableNestedTest.php:70
.../tests/includes/JoomlaDatabaseTestCase.php:227
.../tests/suite/joomla/table/JTableNestedTest.php:34
</pre></li>
<li><pre class="debug">JTableNestedTest::testRebuild
InvalidArgumentException: Could not find csv file: .../tests/suite/joomla/table/stubs/jos_categories.csv

.../tests/suite/joomla/table/JTableNestedTest.php:70
.../tests/includes/JoomlaDatabaseTestCase.php:227
.../tests/suite/joomla/table/JTableNestedTest.php:34
</pre></li>
<li><pre class="debug">JTableNestedTest::testRebuildPath
InvalidArgumentException: Could not find csv file: .../tests/suite/joomla/table/stubs/jos_categories.csv

.../tests/suite/joomla/table/JTableNestedTest.php:70
.../tests/includes/JoomlaDatabaseTestCase.php:227
.../tests/suite/joomla/table/JTableNestedTest.php:34
</pre></li>
<li><pre class="debug">JTableNestedTest::testSaveorder
InvalidArgumentException: Could not find csv file: .../tests/suite/joomla/table/stubs/jos_categories.csv

.../tests/suite/joomla/table/JTableNestedTest.php:70
.../tests/includes/JoomlaDatabaseTestCase.php:227
.../tests/suite/joomla/table/JTableNestedTest.php:34
</pre></li>
</ol>
<h2>Checkstyle</h2>
<p class="img24 img-success">There were 165 warnings and  0 errors. <a href="../logs/801checkstyle.xml">Checkstyle Log (XML)</a></p>
<h3>Warnings</h3>
<p>Currently there are 165 expected warnings - If your number differs, please check the log.</p>
<a href="../index.html">&lArr; Index &lArr;</a>
<div class="footer">Generated on 28-Jan-2012 23:14 -05:00 ECT America/Guayaquil
<div class="myLinx"><em>BTW</em>: If you want to run this tests on your own machine - The source code is <a href="https://github.com/elkuku/pulltester/tree/testing1">available on GitHub</a>, based on <a href="https://github.com/ianmacl/pulltester">Ian McLennan's PullTester</a> =;)</div>
</div>
</body>
</html>
