<?xml version="1.0" encoding="UTF-8"?>
<testsuites>
  <testsuite name="AllTests" tests="1926" assertions="11150" failures="2" errors="0" time="104.172240">
    <testsuite name="JRegistryTest" file=".../tests/suite/joomla/registry/JRegistryTest.php" tests="18" assertions="48" failures="0" errors="0" time="0.160889">
      <testcase name="test__clone" class="JRegistryTest" file=".../tests/suite/joomla/registry/JRegistryTest.php" line="33" assertions="2" time="0.014704"/>
      <testcase name="test__toString" class="JRegistryTest" file=".../tests/suite/joomla/registry/JRegistryTest.php" line="54" assertions="1" time="0.007893"/>
      <testcase name="testDef" class="JRegistryTest" file=".../tests/suite/joomla/registry/JRegistryTest.php" line="69" assertions="2" time="0.007095"/>
      <testcase name="testBindData" class="JRegistryTest" file=".../tests/suite/joomla/registry/JRegistryTest.php" line="100" assertions="4" time="0.009016"/>
      <testcase name="testExists" class="JRegistryTest" file=".../tests/suite/joomla/registry/JRegistryTest.php" line="137" assertions="5" time="0.009657"/>
      <testcase name="testGet" class="JRegistryTest" file=".../tests/suite/joomla/registry/JRegistryTest.php" line="178" assertions="2" time="0.007597"/>
      <testcase name="testGetInstance" class="JRegistryTest" file=".../tests/suite/joomla/registry/JRegistryTest.php" line="189" assertions="3" time="0.007652"/>
      <testcase name="testGetNameSpaces" class="JRegistryTest" file=".../tests/suite/joomla/registry/JRegistryTest.php" line="221" assertions="1" time="0.007090"/>
      <testcase name="testGetValue" class="JRegistryTest" file=".../tests/suite/joomla/registry/JRegistryTest.php" line="239" assertions="5" time="0.009651"/>
      <testcase name="testLoadArray" class="JRegistryTest" file=".../tests/suite/joomla/registry/JRegistryTest.php" line="282" assertions="1" time="0.006451"/>
      <testcase name="testLoadFile" class="JRegistryTest" file=".../tests/suite/joomla/registry/JRegistryTest.php" line="303" assertions="3" time="0.012456"/>
      <testcase name="testLoadString" class="JRegistryTest" file=".../tests/suite/joomla/registry/JRegistryTest.php" line="345" assertions="4" time="0.011257"/>
      <testcase name="testLoadObject" class="JRegistryTest" file=".../tests/suite/joomla/registry/JRegistryTest.php" line="392" assertions="2" time="0.007794"/>
      <testcase name="testMerge" class="JRegistryTest" file=".../tests/suite/joomla/registry/JRegistryTest.php" line="421" assertions="8" time="0.013746"/>
      <testcase name="testSet" class="JRegistryTest" file=".../tests/suite/joomla/registry/JRegistryTest.php" line="490" assertions="1" time="0.006370"/>
      <testcase name="testToArray" class="JRegistryTest" file=".../tests/suite/joomla/registry/JRegistryTest.php" line="505" assertions="1" time="0.006856"/>
      <testcase name="testToObject" class="JRegistryTest" file=".../tests/suite/joomla/registry/JRegistryTest.php" line="528" assertions="1" time="0.007338"/>
      <testcase name="testToString" class="JRegistryTest" file=".../tests/suite/joomla/registry/JRegistryTest.php" line="551" assertions="2" time="0.008266"/>
    </testsuite>
    <testsuite name="JRegistryFormatINITest" file=".../tests/suite/joomla/registry/format/JRegistryFormatIniTest.php" tests="2" assertions="7" failures="0" errors="0" time="0.020516">
      <testcase name="testObjectToString" class="JRegistryFormatINITest" file=".../tests/suite/joomla/registry/format/JRegistryFormatIniTest.php" line="21" assertions="1" time="0.007146"/>
      <testcase name="testStringToObject" class="JRegistryFormatINITest" file=".../tests/suite/joomla/registry/format/JRegistryFormatIniTest.php" line="45" assertions="6" time="0.013370"/>
    </testsuite>
    <testsuite name="JRegistryFormatPHPTest" file=".../tests/suite/joomla/registry/format/JRegistryFormatPhpTest.php" tests="2" assertions="2" failures="0" errors="0" time="0.014028">
      <testcase name="testObjectToString" class="JRegistryFormatPHPTest" file=".../tests/suite/joomla/registry/format/JRegistryFormatPhpTest.php" line="21" assertions="1" time="0.007841"/>
      <testcase name="testStringToObject" class="JRegistryFormatPHPTest" file=".../tests/suite/joomla/registry/format/JRegistryFormatPhpTest.php" line="56" assertions="1" time="0.006187"/>
    </testsuite>
    <testsuite name="JRegistryFormatXMLTest" file=".../tests/suite/joomla/registry/format/JRegistryFormatXmlTest.php" tests="2" assertions="2" failures="0" errors="0" time="0.016943">
      <testcase name="testObjectToString" class="JRegistryFormatXMLTest" file=".../tests/suite/joomla/registry/format/JRegistryFormatXmlTest.php" line="21" assertions="1" time="0.008470"/>
      <testcase name="testStringToObject" class="JRegistryFormatXMLTest" file=".../tests/suite/joomla/registry/format/JRegistryFormatXmlTest.php" line="63" assertions="1" time="0.008473"/>
    </testsuite>
    <testsuite name="JRegistryFormatJSONTest" file=".../tests/suite/joomla/registry/format/JRegistryFormatJsonTest.php" tests="2" assertions="5" failures="0" errors="0" time="0.018678">
      <testcase name="testObjectToString" class="JRegistryFormatJSONTest" file=".../tests/suite/joomla/registry/format/JRegistryFormatJsonTest.php" line="21" assertions="1" time="0.006345"/>
      <testcase name="testStringToObject" class="JRegistryFormatJSONTest" file=".../tests/suite/joomla/registry/format/JRegistryFormatJsonTest.php" line="53" assertions="4" time="0.012333"/>
    </testsuite>
    <testsuite name="JRegistryFormatTest" file=".../tests/suite/joomla/registry/JRegistryFormatTest.php" tests="1" assertions="4" failures="0" errors="0" time="0.011398">
      <testcase name="testGetInstance" class="JRegistryFormatTest" file=".../tests/suite/joomla/registry/JRegistryFormatTest.php" line="21" assertions="4" time="0.011398"/>
    </testsuite>
    <testsuite name="JModuleHelperTest" file=".../tests/suite/joomla/application/module/JModuleHelperTest.php" tests="0" assertions="0" failures="0" errors="0" time="0.000000"/>
    <testsuite name="JWebClientTest" file=".../tests/suite/joomla/application/web/JWebClientTest.php" tests="104" assertions="164" failures="0" errors="0" time="0.732622">
      <testsuite name="JWebClientTest::testDetectBrowser" tests="30" assertions="60" failures="0" errors="0" time="0.222785">
        <testcase name="testDetectBrowser with data set #0" assertions="2" time="0.007872"/>
        <testcase name="testDetectBrowser with data set #1" assertions="2" time="0.007515"/>
        <testcase name="testDetectBrowser with data set #2" assertions="2" time="0.007476"/>
        <testcase name="testDetectBrowser with data set #3" assertions="2" time="0.007262"/>
        <testcase name="testDetectBrowser with data set #4" assertions="2" time="0.007326"/>
        <testcase name="testDetectBrowser with data set #5" assertions="2" time="0.007452"/>
        <testcase name="testDetectBrowser with data set #6" assertions="2" time="0.007297"/>
        <testcase name="testDetectBrowser with data set #7" assertions="2" time="0.007453"/>
        <testcase name="testDetectBrowser with data set #8" assertions="2" time="0.007451"/>
        <testcase name="testDetectBrowser with data set #9" assertions="2" time="0.007673"/>
        <testcase name="testDetectBrowser with data set #10" assertions="2" time="0.007434"/>
        <testcase name="testDetectBrowser with data set #11" assertions="2" time="0.007345"/>
        <testcase name="testDetectBrowser with data set #12" assertions="2" time="0.007317"/>
        <testcase name="testDetectBrowser with data set #13" assertions="2" time="0.007407"/>
        <testcase name="testDetectBrowser with data set #14" assertions="2" time="0.007321"/>
        <testcase name="testDetectBrowser with data set #15" assertions="2" time="0.007410"/>
        <testcase name="testDetectBrowser with data set #16" assertions="2" time="0.007538"/>
        <testcase name="testDetectBrowser with data set #17" assertions="2" time="0.007306"/>
        <testcase name="testDetectBrowser with data set #18" assertions="2" time="0.007570"/>
        <testcase name="testDetectBrowser with data set #19" assertions="2" time="0.007291"/>
        <testcase name="testDetectBrowser with data set #20" assertions="2" time="0.007343"/>
        <testcase name="testDetectBrowser with data set #21" assertions="2" time="0.007311"/>
        <testcase name="testDetectBrowser with data set #22" assertions="2" time="0.007341"/>
        <testcase name="testDetectBrowser with data set #23" assertions="2" time="0.007389"/>
        <testcase name="testDetectBrowser with data set #24" assertions="2" time="0.007337"/>
        <testcase name="testDetectBrowser with data set #25" assertions="2" time="0.007500"/>
        <testcase name="testDetectBrowser with data set #26" assertions="2" time="0.007489"/>
        <testcase name="testDetectBrowser with data set #27" assertions="2" time="0.007442"/>
        <testcase name="testDetectBrowser with data set #28" assertions="2" time="0.007398"/>
        <testcase name="testDetectBrowser with data set #29" assertions="2" time="0.007519"/>
      </testsuite>
      <testsuite name="JWebClientTest::testDetectEncoding" tests="7" assertions="7" failures="0" errors="0" time="0.046171">
        <testcase name="testDetectEncoding with data set #0" assertions="1" time="0.006570"/>
        <testcase name="testDetectEncoding with data set #1" assertions="1" time="0.006599"/>
        <testcase name="testDetectEncoding with data set #2" assertions="1" time="0.006631"/>
        <testcase name="testDetectEncoding with data set #3" assertions="1" time="0.006593"/>
        <testcase name="testDetectEncoding with data set #4" assertions="1" time="0.006560"/>
        <testcase name="testDetectEncoding with data set #5" assertions="1" time="0.006562"/>
        <testcase name="testDetectEncoding with data set #6" assertions="1" time="0.006656"/>
      </testsuite>
      <testsuite name="JWebClientTest::testDetectEngine" tests="30" assertions="30" failures="0" errors="0" time="0.198823">
        <testcase name="testDetectEngine with data set #0" assertions="1" time="0.006585"/>
        <testcase name="testDetectEngine with data set #1" assertions="1" time="0.006647"/>
        <testcase name="testDetectEngine with data set #2" assertions="1" time="0.006644"/>
        <testcase name="testDetectEngine with data set #3" assertions="1" time="0.006547"/>
        <testcase name="testDetectEngine with data set #4" assertions="1" time="0.006603"/>
        <testcase name="testDetectEngine with data set #5" assertions="1" time="0.006613"/>
        <testcase name="testDetectEngine with data set #6" assertions="1" time="0.006603"/>
        <testcase name="testDetectEngine with data set #7" assertions="1" time="0.006664"/>
        <testcase name="testDetectEngine with data set #8" assertions="1" time="0.006562"/>
        <testcase name="testDetectEngine with data set #9" assertions="1" time="0.006655"/>
        <testcase name="testDetectEngine with data set #10" assertions="1" time="0.006585"/>
        <testcase name="testDetectEngine with data set #11" assertions="1" time="0.006596"/>
        <testcase name="testDetectEngine with data set #12" assertions="1" time="0.006749"/>
        <testcase name="testDetectEngine with data set #13" assertions="1" time="0.006565"/>
        <testcase name="testDetectEngine with data set #14" assertions="1" time="0.006566"/>
        <testcase name="testDetectEngine with data set #15" assertions="1" time="0.006623"/>
        <testcase name="testDetectEngine with data set #16" assertions="1" time="0.006669"/>
        <testcase name="testDetectEngine with data set #17" assertions="1" time="0.006649"/>
        <testcase name="testDetectEngine with data set #18" assertions="1" time="0.006564"/>
        <testcase name="testDetectEngine with data set #19" assertions="1" time="0.006581"/>
        <testcase name="testDetectEngine with data set #20" assertions="1" time="0.006623"/>
        <testcase name="testDetectEngine with data set #21" assertions="1" time="0.006650"/>
        <testcase name="testDetectEngine with data set #22" assertions="1" time="0.006800"/>
        <testcase name="testDetectEngine with data set #23" assertions="1" time="0.006644"/>
        <testcase name="testDetectEngine with data set #24" assertions="1" time="0.006656"/>
        <testcase name="testDetectEngine with data set #25" assertions="1" time="0.006586"/>
        <testcase name="testDetectEngine with data set #26" assertions="1" time="0.006638"/>
        <testcase name="testDetectEngine with data set #27" assertions="1" time="0.006659"/>
        <testcase name="testDetectEngine with data set #28" assertions="1" time="0.006679"/>
        <testcase name="testDetectEngine with data set #29" assertions="1" time="0.006618"/>
      </testsuite>
      <testsuite name="JWebClientTest::testDetectLanguage" tests="7" assertions="7" failures="0" errors="0" time="0.046445">
        <testcase name="testDetectLanguage with data set #0" assertions="1" time="0.006574"/>
        <testcase name="testDetectLanguage with data set #1" assertions="1" time="0.006673"/>
        <testcase name="testDetectLanguage with data set #2" assertions="1" time="0.006629"/>
        <testcase name="testDetectLanguage with data set #3" assertions="1" time="0.006633"/>
        <testcase name="testDetectLanguage with data set #4" assertions="1" time="0.006722"/>
        <testcase name="testDetectLanguage with data set #5" assertions="1" time="0.006610"/>
        <testcase name="testDetectLanguage with data set #6" assertions="1" time="0.006604"/>
      </testsuite>
      <testsuite name="JWebClientTest::testDetectPlatform" tests="30" assertions="60" failures="0" errors="0" time="0.218398">
        <testcase name="testDetectPlatform with data set #0" assertions="2" time="0.007291"/>
        <testcase name="testDetectPlatform with data set #1" assertions="2" time="0.007253"/>
        <testcase name="testDetectPlatform with data set #2" assertions="2" time="0.007428"/>
        <testcase name="testDetectPlatform with data set #3" assertions="2" time="0.007242"/>
        <testcase name="testDetectPlatform with data set #4" assertions="2" time="0.007279"/>
        <testcase name="testDetectPlatform with data set #5" assertions="2" time="0.007226"/>
        <testcase name="testDetectPlatform with data set #6" assertions="2" time="0.007355"/>
        <testcase name="testDetectPlatform with data set #7" assertions="2" time="0.007264"/>
        <testcase name="testDetectPlatform with data set #8" assertions="2" time="0.007270"/>
        <testcase name="testDetectPlatform with data set #9" assertions="2" time="0.007364"/>
        <testcase name="testDetectPlatform with data set #10" assertions="2" time="0.007268"/>
        <testcase name="testDetectPlatform with data set #11" assertions="2" time="0.007315"/>
        <testcase name="testDetectPlatform with data set #12" assertions="2" time="0.007266"/>
        <testcase name="testDetectPlatform with data set #13" assertions="2" time="0.007252"/>
        <testcase name="testDetectPlatform with data set #14" assertions="2" time="0.007198"/>
        <testcase name="testDetectPlatform with data set #15" assertions="2" time="0.007247"/>
        <testcase name="testDetectPlatform with data set #16" assertions="2" time="0.007247"/>
        <testcase name="testDetectPlatform with data set #17" assertions="2" time="0.007295"/>
        <testcase name="testDetectPlatform with data set #18" assertions="2" time="0.007329"/>
        <testcase name="testDetectPlatform with data set #19" assertions="2" time="0.007296"/>
        <testcase name="testDetectPlatform with data set #20" assertions="2" time="0.007267"/>
        <testcase name="testDetectPlatform with data set #21" assertions="2" time="0.007218"/>
        <testcase name="testDetectPlatform with data set #22" assertions="2" time="0.007274"/>
        <testcase name="testDetectPlatform with data set #23" assertions="2" time="0.007217"/>
        <testcase name="testDetectPlatform with data set #24" assertions="2" time="0.007255"/>
        <testcase name="testDetectPlatform with data set #25" assertions="2" time="0.007244"/>
        <testcase name="testDetectPlatform with data set #26" assertions="2" time="0.007265"/>
        <testcase name="testDetectPlatform with data set #27" assertions="2" time="0.007341"/>
        <testcase name="testDetectPlatform with data set #28" assertions="2" time="0.007288"/>
        <testcase name="testDetectPlatform with data set #29" assertions="2" time="0.007343"/>
      </testsuite>
    </testsuite>
    <testsuite name="JMenuTest" file=".../tests/suite/joomla/application/JMenuTest.php" tests="0" assertions="0" failures="0" errors="0" time="0.000000"/>
    <testsuite name="JRouterTest" file=".../tests/suite/joomla/application/JRouterTest.php" tests="8" assertions="12" failures="0" errors="0" time="0.086447">
      <testsuite name="JRouterTest::testSetVar" tests="4" assertions="4" failures="0" errors="0" time="0.025882">
        <testcase name="testSetVar with data set #0" assertions="1" time="0.006510"/>
        <testcase name="testSetVar with data set #1" assertions="1" time="0.006505"/>
        <testcase name="testSetVar with data set #2" assertions="1" time="0.006442"/>
        <testcase name="testSetVar with data set #3" assertions="1" time="0.006425"/>
      </testsuite>
      <testsuite name="JRouterTest::test_processParseRules" tests="4" assertions="8" failures="0" errors="0" time="0.060565">
        <testcase name="test_processParseRules with data set #0" assertions="2" time="0.028286"/>
        <testcase name="test_processParseRules with data set #1" assertions="2" time="0.010502"/>
        <testcase name="test_processParseRules with data set #2" assertions="2" time="0.010749"/>
        <testcase name="test_processParseRules with data set #3" assertions="2" time="0.011028"/>
      </testsuite>
    </testsuite>
    <testsuite name="JInputCLITest" file=".../tests/suite/joomla/application/input/JInputCLITest.php" tests="4" assertions="15" failures="0" errors="0" time="0.035459">
      <testcase name="testGet" class="JInputCLITest" file=".../tests/suite/joomla/application/input/JInputCLITest.php" line="36" assertions="4" time="0.009362"/>
      <testcase name="testParseLongArguments" class="JInputCLITest" file=".../tests/suite/joomla/application/input/JInputCLITest.php" line="69" assertions="4" time="0.008969"/>
      <testcase name="testParseShortArguments" class="JInputCLITest" file=".../tests/suite/joomla/application/input/JInputCLITest.php" line="102" assertions="5" time="0.009430"/>
      <testcase name="testGetFromServer" class="JInputCLITest" file=".../tests/suite/joomla/application/input/JInputCLITest.php" line="141" assertions="2" time="0.007698"/>
    </testsuite>
    <testsuite name="JCategoriesTest" file=".../tests/suite/joomla/application/JCategoriesTest.php" tests="0" assertions="0" failures="0" errors="0" time="0.000000"/>
    <testsuite name="JModelListTest" file=".../tests/suite/joomla/application/component/JModelListTest.php" tests="0" assertions="0" failures="0" errors="0" time="0.000000"/>
    <testsuite name="JControllerTest" file=".../tests/suite/joomla/application/component/JControllerTest.php" tests="10" assertions="51" failures="0" errors="0" time="0.140449">
      <testcase name="test__construct" class="JControllerTest" file=".../tests/suite/joomla/application/component/JControllerTest.php" line="46" assertions="1" time="0.012627"/>
      <testcase name="testAddModelPath" class="JControllerTest" file=".../tests/suite/joomla/application/component/JControllerTest.php" line="65" assertions="1" time="0.009752"/>
      <testcase name="testAddPath" class="JControllerTest" file=".../tests/suite/joomla/application/component/JControllerTest.php" line="91" assertions="3" time="0.013065"/>
      <testcase name="testAddViewPath" class="JControllerTest" file=".../tests/suite/joomla/application/component/JControllerTest.php" line="121" assertions="3" time="0.013061"/>
      <testcase name="testGetInstanceException" class="JControllerTest" file=".../tests/suite/joomla/application/component/JControllerTest.php" line="251" assertions="1" time="0.011671"/>
      <testcase name="testGetName" class="JControllerTest" file=".../tests/suite/joomla/application/component/JControllerTest.php" line="268" assertions="2" time="0.009858"/>
      <testcase name="testGetTask" class="JControllerTest" file=".../tests/suite/joomla/application/component/JControllerTest.php" line="290" assertions="2" time="0.009780"/>
      <testcase name="testGetTasks" class="JControllerTest" file=".../tests/suite/joomla/application/component/JControllerTest.php" line="308" assertions="1" time="0.011770"/>
      <testcase name="testSetMessage" class="JControllerTest" file=".../tests/suite/joomla/application/component/JControllerTest.php" line="371" assertions="4" time="0.014007"/>
      <testcase name="testSetRedirect" class="JControllerTest" file=".../tests/suite/joomla/application/component/JControllerTest.php" line="407" assertions="33" time="0.034858"/>
    </testsuite>
    <testsuite name="JViewTest" file=".../tests/suite/joomla/application/component/JViewTest.php" tests="0" assertions="0" failures="0" errors="0" time="0.000000"/>
    <testsuite name="JModelFormTest" file=".../tests/suite/joomla/application/component/JModelFormTest.php" tests="0" assertions="0" failures="0" errors="0" time="0.000000"/>
    <testsuite name="JControllerFormTest" file=".../tests/suite/joomla/application/component/JControllerFormTest.php" tests="1" assertions="6" failures="0" errors="0" time="0.020844">
      <testcase name="testConstructor" class="JControllerFormTest" file=".../tests/suite/joomla/application/component/JControllerFormTest.php" line="25" assertions="6" time="0.020844"/>
    </testsuite>
    <testsuite name="JModelItemTest" file=".../tests/suite/joomla/application/component/JModelItemTest.php" tests="0" assertions="0" failures="0" errors="0" time="0.000000"/>
    <testsuite name="JModelAdminTest" file=".../tests/suite/joomla/application/component/JModelAdminTest.php" tests="0" assertions="0" failures="0" errors="0" time="0.000000"/>
    <testsuite name="JModelTest" file=".../tests/suite/joomla/application/component/JModelTest.php" tests="0" assertions="0" failures="0" errors="0" time="0.000000"/>
    <testsuite name="JComponentHelperTest" file=".../tests/suite/joomla/application/component/JComponentHelperTest.php" tests="0" assertions="0" failures="0" errors="0" time="0.000000"/>
    <testsuite name="JWebTest" file=".../tests/suite/joomla/application/JWebTest.php" fullPackage="Joomla.UnitTest.Application" package="Joomla.UnitTest" subpackage="Application" tests="48" assertions="216" failures="0" errors="0" time="1.787433">
      <testcase name="test__construct" class="JWebTest" file=".../tests/suite/joomla/application/JWebTest.php" line="135" assertions="8" time="0.048115"/>
      <testcase name="test__constructDependancyInjection" class="JWebTest" file=".../tests/suite/joomla/application/JWebTest.php" line="183" assertions="8" time="0.055815"/>
      <testcase name="testAllowCache" class="JWebTest" file=".../tests/suite/joomla/application/JWebTest.php" line="237" assertions="5" time="0.030862"/>
      <testcase name="testAppendBody" class="JWebTest" file=".../tests/suite/joomla/application/JWebTest.php" line="265" assertions="4" time="0.031202"/>
      <testcase name="testClearHeaders" class="JWebTest" file=".../tests/suite/joomla/application/JWebTest.php" line="298" assertions="3" time="0.030526"/>
      <testcase name="testClose" class="JWebTest" file=".../tests/suite/joomla/application/JWebTest.php" line="326" assertions="4" time="0.030580"/>
      <testcase name="testCompressWithGzipEncoding" class="JWebTest" file=".../tests/suite/joomla/application/JWebTest.php" line="352" assertions="4" time="0.032887"/>
      <testcase name="testCompressWithDeflateEncoding" class="JWebTest" file=".../tests/suite/joomla/application/JWebTest.php" line="404" assertions="4" time="0.031905"/>
      <testcase name="testCompressWithNoAcceptEncodings" class="JWebTest" file=".../tests/suite/joomla/application/JWebTest.php" line="456" assertions="4" time="0.031346"/>
      <testcase name="testCompressWithHeadersSent" class="JWebTest" file=".../tests/suite/joomla/application/JWebTest.php" line="505" assertions="4" time="0.031521"/>
      <testcase name="testCompressWithUnsupportedEncodings" class="JWebTest" file=".../tests/suite/joomla/application/JWebTest.php" line="559" assertions="4" time="0.031317"/>
      <testsuite name="JWebTest::testDetectRequestUri" tests="4" assertions="12" failures="0" errors="0" time="0.122272">
        <testcase name="testDetectRequestUri with data set #0" assertions="3" time="0.030605"/>
        <testcase name="testDetectRequestUri with data set #1" assertions="3" time="0.030591"/>
        <testcase name="testDetectRequestUri with data set #2" assertions="3" time="0.030549"/>
        <testcase name="testDetectRequestUri with data set #3" assertions="3" time="0.030527"/>
      </testsuite>
      <testcase name="testExecuteWithoutDocument" class="JWebTest" file=".../tests/suite/joomla/application/JWebTest.php" line="635" assertions="4" time="0.070944"/>
      <testcase name="testExecuteWithDocument" class="JWebTest" file=".../tests/suite/joomla/application/JWebTest.php" line="671" assertions="7" time="0.089701"/>
      <testsuite name="JWebTest::testFetchConfigurationData" tests="2" assertions="7" failures="0" errors="0" time="0.062199">
        <testcase name="testFetchConfigurationData with data set &quot;Default configuration class&quot;" assertions="4" time="0.031444"/>
        <testcase name="testFetchConfigurationData with data set &quot;Custom file, invalid class&quot;" assertions="3" time="0.030755"/>
      </testsuite>
      <testcase name="testGet" class="JWebTest" file=".../tests/suite/joomla/application/JWebTest.php" line="804" assertions="4" time="0.051129"/>
      <testcase name="testGetBody" class="JWebTest" file=".../tests/suite/joomla/application/JWebTest.php" line="830" assertions="5" time="0.031894"/>
      <testcase name="testGetHeaders" class="JWebTest" file=".../tests/suite/joomla/application/JWebTest.php" line="868" assertions="3" time="0.030428"/>
      <testcase name="testGetInstance" class="JWebTest" file=".../tests/suite/joomla/application/JWebTest.php" line="894" assertions="5" time="0.049138"/>
      <testcase name="testInitialiseWithDefaults" class="JWebTest" file=".../tests/suite/joomla/application/JWebTest.php" line="926" assertions="5" time="0.033273"/>
      <testcase name="testInitialiseWithFalse" class="JWebTest" file=".../tests/suite/joomla/application/JWebTest.php" line="958" assertions="5" time="0.032297"/>
      <testcase name="testInitialiseWithInjection" class="JWebTest" file=".../tests/suite/joomla/application/JWebTest.php" line="988" assertions="10" time="0.057383"/>
      <testcase name="testLoadConfiguration" class="JWebTest" file=".../tests/suite/joomla/application/JWebTest.php" line="1056" assertions="5" time="0.032653"/>
      <testcase name="testLoadDocument" class="JWebTest" file=".../tests/suite/joomla/application/JWebTest.php" line="1106" assertions="5" time="0.039398"/>
      <testcase name="testLoadLanguage" class="JWebTest" file=".../tests/suite/joomla/application/JWebTest.php" line="1133" assertions="4" time="0.034589"/>
      <testcase name="testLoadSystemUrisWithSiteUriSet" class="JWebTest" file=".../tests/suite/joomla/application/JWebTest.php" line="1169" assertions="7" time="0.039675"/>
      <testcase name="testLoadSystemUrisWithoutSiteUriSet" class="JWebTest" file=".../tests/suite/joomla/application/JWebTest.php" line="1215" assertions="7" time="0.039168"/>
      <testcase name="testLoadSystemUrisWithoutSiteUriWithMediaUriSet" class="JWebTest" file=".../tests/suite/joomla/application/JWebTest.php" line="1257" assertions="7" time="0.038341"/>
      <testcase name="testLoadSystemUrisWithoutSiteUriWithRelativeMediaUriSet" class="JWebTest" file=".../tests/suite/joomla/application/JWebTest.php" line="1304" assertions="7" time="0.038667"/>
      <testcase name="testPrependBody" class="JWebTest" file=".../tests/suite/joomla/application/JWebTest.php" line="1351" assertions="4" time="0.031605"/>
      <testcase name="testRedirect" class="JWebTest" file=".../tests/suite/joomla/application/JWebTest.php" line="1384" assertions="3" time="0.033680"/>
      <testcase name="testRedirectWithHeadersSent" class="JWebTest" file=".../tests/suite/joomla/application/JWebTest.php" line="1424" assertions="3" time="0.031698"/>
      <testcase name="testRedirectWithJavascriptRedirect" class="JWebTest" file=".../tests/suite/joomla/application/JWebTest.php" line="1457" assertions="3" time="0.031426"/>
      <testcase name="testRedirectWithMoved" class="JWebTest" file=".../tests/suite/joomla/application/JWebTest.php" line="1493" assertions="3" time="0.031421"/>
      <testsuite name="JWebTest::testRedirectWithUrl" tests="2" assertions="6" failures="0" errors="0" time="0.065973">
        <testcase name="testRedirectWithUrl with data set #0" assertions="3" time="0.033172"/>
        <testcase name="testRedirectWithUrl with data set #1" assertions="3" time="0.032801"/>
      </testsuite>
      <testcase name="testRedirectWithWebkitBug" class="JWebTest" file=".../tests/suite/joomla/application/JWebTest.php" line="1559" assertions="3" time="0.031257"/>
      <testcase name="testRegisterEvent" class="JWebTest" file=".../tests/suite/joomla/application/JWebTest.php" line="1595" assertions="5" time="0.040151"/>
      <testcase name="testRender" class="JWebTest" file=".../tests/suite/joomla/application/JWebTest.php" line="1619" assertions="4" time="0.042050"/>
      <testcase name="testSendHeaders" class="JWebTest" file=".../tests/suite/joomla/application/JWebTest.php" line="1657" assertions="4" time="0.031591"/>
      <testcase name="testSet" class="JWebTest" file=".../tests/suite/joomla/application/JWebTest.php" line="1689" assertions="4" time="0.031907"/>
      <testcase name="testSetBody" class="JWebTest" file=".../tests/suite/joomla/application/JWebTest.php" line="1715" assertions="4" time="0.031601"/>
      <testcase name="testSetHeader" class="JWebTest" file=".../tests/suite/joomla/application/JWebTest.php" line="1745" assertions="4" time="0.031561"/>
      <testcase name="testTriggerEvents" class="JWebTest" file=".../tests/suite/joomla/application/JWebTest.php" line="1790" assertions="5" time="0.042287"/>
    </testsuite>
    <testsuite name="JApplicationTest" file=".../tests/suite/joomla/application/JApplicationTest.php" tests="2" assertions="2" failures="0" errors="0" time="0.015389">
      <testcase name="testConstructJInput" class="JApplicationTest" file=".../tests/suite/joomla/application/JApplicationTest.php" line="40" assertions="1" time="0.008281"/>
      <testcase name="testGetHash" class="JApplicationTest" file=".../tests/suite/joomla/application/JApplicationTest.php" line="246" assertions="1" time="0.007108"/>
    </testsuite>
    <testsuite name="JPathwayTest" file=".../tests/suite/joomla/application/JPathwayTest.php" tests="0" assertions="0" failures="0" errors="0" time="0.000000"/>
    <testsuite name="JApplicationHelperTest" file=".../tests/suite/joomla/application/JApplicationHelperTest.php" tests="0" assertions="0" failures="0" errors="0" time="0.000000"/>
    <testsuite name="JCliTest" file=".../tests/suite/joomla/application/JCliTest.php" fullPackage="Joomla.UnitTest.Application" package="Joomla.UnitTest" subpackage="Application" tests="13" assertions="37" failures="0" errors="0" time="0.287239">
      <testcase name="test__construct" class="JCliTest" file=".../tests/suite/joomla/application/JCliTest.php" line="69" assertions="5" time="0.017499"/>
      <testcase name="test__constructDependancyInjection" class="JCliTest" file=".../tests/suite/joomla/application/JCliTest.php" line="111" assertions="6" time="0.038666"/>
      <testcase name="testClose" class="JCliTest" file=".../tests/suite/joomla/application/JCliTest.php" line="165" assertions="2" time="0.015528"/>
      <testcase name="testExecute" class="JCliTest" file=".../tests/suite/joomla/application/JCliTest.php" line="191" assertions="2" time="0.037300"/>
      <testsuite name="JCliTest::testFetchConfigurationData" tests="2" assertions="3" failures="0" errors="0" time="0.031148">
        <testcase name="testFetchConfigurationData with data set &quot;Default configuration class&quot;" assertions="2" time="0.015907"/>
        <testcase name="testFetchConfigurationData with data set &quot;Custom file, invalid class&quot;" assertions="1" time="0.015241"/>
      </testsuite>
      <testcase name="testGet" class="JCliTest" file=".../tests/suite/joomla/application/JCliTest.php" line="294" assertions="2" time="0.016250"/>
      <testcase name="testGetInstance" class="JCliTest" file=".../tests/suite/joomla/application/JCliTest.php" line="320" assertions="3" time="0.021891"/>
      <testcase name="testLoadConfiguration" class="JCliTest" file=".../tests/suite/joomla/application/JCliTest.php" line="352" assertions="3" time="0.017092"/>
      <testcase name="testLoadDispatcher" class="JCliTest" file=".../tests/suite/joomla/application/JCliTest.php" line="390" assertions="3" time="0.024462"/>
      <testcase name="testRegisterEvent" class="JCliTest" file=".../tests/suite/joomla/application/JCliTest.php" line="417" assertions="3" time="0.023988"/>
      <testcase name="testSet" class="JCliTest" file=".../tests/suite/joomla/application/JCliTest.php" line="441" assertions="2" time="0.016370"/>
      <testcase name="testTriggerEvents" class="JCliTest" file=".../tests/suite/joomla/application/JCliTest.php" line="467" assertions="3" time="0.027045"/>
    </testsuite>
    <testsuite name="JCategoryNodeTest" file=".../tests/suite/joomla/application/JCategoryNodeTest.php" tests="0" assertions="0" failures="0" errors="0" time="0.000000"/>
    <testsuite name="JDaemonTest" file=".../tests/suite/joomla/application/cli/JDaemonTest.php" fullPackage="Joomla.UnitTest.Application" package="Joomla.UnitTest" subpackage="Application" tests="3" assertions="6" failures="0" errors="0" time="0.060987">
      <testcase name="testSetupSignalHandlers" class="JDaemonTest" file=".../tests/suite/joomla/application/cli/JDaemonTest.php" line="183" assertions="2" time="0.019782"/>
      <testcase name="testSetupSignalHandlersFailure" class="JDaemonTest" file=".../tests/suite/joomla/application/cli/JDaemonTest.php" line="207" assertions="2" time="0.020200"/>
      <testcase name="testWriteProcessIdFile" class="JDaemonTest" file=".../tests/suite/joomla/application/cli/JDaemonTest.php" line="268" assertions="2" time="0.021005"/>
    </testsuite>
    <testsuite name="JInputTest" file=".../tests/suite/joomla/application/JInputTest.php" tests="4" assertions="13" failures="0" errors="0" time="0.036967">
      <testcase name="testGet" class="JInputTest" file=".../tests/suite/joomla/application/JInputTest.php" line="36" assertions="3" time="0.009623"/>
      <testcase name="testGetArray" class="JInputTest" file=".../tests/suite/joomla/application/JInputTest.php" line="70" assertions="4" time="0.009180"/>
      <testcase name="testGetArrayNested" class="JInputTest" file=".../tests/suite/joomla/application/JInputTest.php" line="113" assertions="4" time="0.009845"/>
      <testcase name="testGetFromCookie" class="JInputTest" file=".../tests/suite/joomla/application/JInputTest.php" line="159" assertions="2" time="0.008319"/>
    </testsuite>
    <testsuite name="JGithubTest" file=".../tests/suite/joomla/github/JGithubTest.php" tests="7" assertions="14" failures="0" errors="0" time="0.073374">
      <testcase name="test__GetGists" class="JGithubTest" file=".../tests/suite/joomla/github/JGithubTest.php" line="62" assertions="2" time="0.017722"/>
      <testcase name="test__GetIssues" class="JGithubTest" file=".../tests/suite/joomla/github/JGithubTest.php" line="73" assertions="2" time="0.009190"/>
      <testcase name="test__GetPulls" class="JGithubTest" file=".../tests/suite/joomla/github/JGithubTest.php" line="84" assertions="2" time="0.009166"/>
      <testcase name="test__GetRefs" class="JGithubTest" file=".../tests/suite/joomla/github/JGithubTest.php" line="95" assertions="2" time="0.009199"/>
      <testcase name="test__GetOther" class="JGithubTest" file=".../tests/suite/joomla/github/JGithubTest.php" line="106" assertions="2" time="0.009055"/>
      <testcase name="testSetOption" class="JGithubTest" file=".../tests/suite/joomla/github/JGithubTest.php" line="117" assertions="2" time="0.009507"/>
      <testcase name="testGetOption" class="JGithubTest" file=".../tests/suite/joomla/github/JGithubTest.php" line="130" assertions="2" time="0.009535"/>
    </testsuite>
    <testsuite name="JGithubPullsTest" file=".../tests/suite/joomla/github/JGithubPullsTest.php" tests="31" assertions="61" failures="0" errors="0" time="0.476370">
      <testcase name="testCreate" class="JGithubPullsTest" file=".../tests/suite/joomla/github/JGithubPullsTest.php" line="74" assertions="2" time="0.017821"/>
      <testcase name="testCreateFailure" class="JGithubPullsTest" file=".../tests/suite/joomla/github/JGithubPullsTest.php" line="101" assertions="2" time="0.015246"/>
      <testcase name="testCreateComment" class="JGithubPullsTest" file=".../tests/suite/joomla/github/JGithubPullsTest.php" line="124" assertions="2" time="0.016418"/>
      <testcase name="testCreateCommentFailure" class="JGithubPullsTest" file=".../tests/suite/joomla/github/JGithubPullsTest.php" line="151" assertions="2" time="0.015498"/>
      <testcase name="testCreateCommentReply" class="JGithubPullsTest" file=".../tests/suite/joomla/github/JGithubPullsTest.php" line="174" assertions="2" time="0.016299"/>
      <testcase name="testCreateCommentReplyFailure" class="JGithubPullsTest" file=".../tests/suite/joomla/github/JGithubPullsTest.php" line="199" assertions="2" time="0.015363"/>
      <testcase name="testCreateFromIssue" class="JGithubPullsTest" file=".../tests/suite/joomla/github/JGithubPullsTest.php" line="220" assertions="2" time="0.016259"/>
      <testcase name="testCreateFromIssueFailure" class="JGithubPullsTest" file=".../tests/suite/joomla/github/JGithubPullsTest.php" line="246" assertions="2" time="0.015143"/>
      <testcase name="testDeleteComment" class="JGithubPullsTest" file=".../tests/suite/joomla/github/JGithubPullsTest.php" line="268" assertions="1" time="0.014560"/>
      <testcase name="testDeleteCommentFailure" class="JGithubPullsTest" file=".../tests/suite/joomla/github/JGithubPullsTest.php" line="286" assertions="2" time="0.014572"/>
      <testcase name="testEdit" class="JGithubPullsTest" file=".../tests/suite/joomla/github/JGithubPullsTest.php" line="303" assertions="2" time="0.016351"/>
      <testcase name="testEditFailure" class="JGithubPullsTest" file=".../tests/suite/joomla/github/JGithubPullsTest.php" line="329" assertions="2" time="0.015426"/>
      <testcase name="testEditComment" class="JGithubPullsTest" file=".../tests/suite/joomla/github/JGithubPullsTest.php" line="350" assertions="2" time="0.016736"/>
      <testcase name="testEditCommentFailure" class="JGithubPullsTest" file=".../tests/suite/joomla/github/JGithubPullsTest.php" line="374" assertions="2" time="0.015541"/>
      <testcase name="testGet" class="JGithubPullsTest" file=".../tests/suite/joomla/github/JGithubPullsTest.php" line="394" assertions="2" time="0.015522"/>
      <testcase name="testGetFailure" class="JGithubPullsTest" file=".../tests/suite/joomla/github/JGithubPullsTest.php" line="415" assertions="2" time="0.014515"/>
      <testcase name="testGetComment" class="JGithubPullsTest" file=".../tests/suite/joomla/github/JGithubPullsTest.php" line="432" assertions="2" time="0.015483"/>
      <testcase name="testGetCommentFailure" class="JGithubPullsTest" file=".../tests/suite/joomla/github/JGithubPullsTest.php" line="453" assertions="2" time="0.014541"/>
      <testcase name="testGetComments" class="JGithubPullsTest" file=".../tests/suite/joomla/github/JGithubPullsTest.php" line="470" assertions="2" time="0.015604"/>
      <testcase name="testGetCommentsFailure" class="JGithubPullsTest" file=".../tests/suite/joomla/github/JGithubPullsTest.php" line="491" assertions="2" time="0.014665"/>
      <testcase name="testGetCommits" class="JGithubPullsTest" file=".../tests/suite/joomla/github/JGithubPullsTest.php" line="508" assertions="2" time="0.015684"/>
      <testcase name="testGetCommitsFailure" class="JGithubPullsTest" file=".../tests/suite/joomla/github/JGithubPullsTest.php" line="529" assertions="2" time="0.014551"/>
      <testcase name="testGetFiles" class="JGithubPullsTest" file=".../tests/suite/joomla/github/JGithubPullsTest.php" line="546" assertions="2" time="0.015619"/>
      <testcase name="testGetFilesFailure" class="JGithubPullsTest" file=".../tests/suite/joomla/github/JGithubPullsTest.php" line="567" assertions="2" time="0.014674"/>
      <testcase name="testGetList" class="JGithubPullsTest" file=".../tests/suite/joomla/github/JGithubPullsTest.php" line="584" assertions="2" time="0.015436"/>
      <testcase name="testGetListFailure" class="JGithubPullsTest" file=".../tests/suite/joomla/github/JGithubPullsTest.php" line="605" assertions="2" time="0.014503"/>
      <testcase name="testIsMergedTrue" class="JGithubPullsTest" file=".../tests/suite/joomla/github/JGithubPullsTest.php" line="622" assertions="2" time="0.014841"/>
      <testcase name="testIsMergedFalse" class="JGithubPullsTest" file=".../tests/suite/joomla/github/JGithubPullsTest.php" line="642" assertions="2" time="0.014794"/>
      <testcase name="testIsMergedFailure" class="JGithubPullsTest" file=".../tests/suite/joomla/github/JGithubPullsTest.php" line="663" assertions="2" time="0.014548"/>
      <testcase name="testMerge" class="JGithubPullsTest" file=".../tests/suite/joomla/github/JGithubPullsTest.php" line="680" assertions="2" time="0.015608"/>
      <testcase name="testMergeFailure" class="JGithubPullsTest" file=".../tests/suite/joomla/github/JGithubPullsTest.php" line="701" assertions="2" time="0.014549"/>
    </testsuite>
    <testsuite name="JGithubObjectTest" file=".../tests/suite/joomla/github/JGithubObjectTest.php" tests="4" assertions="8" failures="0" errors="0" time="0.043217">
      <testsuite name="JGithubObjectTest::testFetchUrl" tests="4" assertions="8" failures="0" errors="0" time="0.043217">
        <testcase name="testFetchUrl with data set &quot;Standard github - no pagination data&quot;" assertions="2" time="0.010598"/>
        <testcase name="testFetchUrl with data set &quot;Enterprise github - no pagination data&quot;" assertions="2" time="0.010663"/>
        <testcase name="testFetchUrl with data set &quot;Standard github - page 3&quot;" assertions="2" time="0.010911"/>
        <testcase name="testFetchUrl with data set &quot;Enterprise github - page 3, 50 per page&quot;" assertions="2" time="0.011045"/>
      </testsuite>
    </testsuite>
    <testsuite name="JGithubGistsTest" file=".../tests/suite/joomla/github/JGithubGistsTest.php" tests="37" assertions="87" failures="0" errors="0" time="0.587998">
      <testcase name="testCreate" class="JGithubGistsTest" file=".../tests/suite/joomla/github/JGithubGistsTest.php" line="66" assertions="2" time="0.016417"/>
      <testcase name="testCreateGistFromFile" class="JGithubGistsTest" file=".../tests/suite/joomla/github/JGithubGistsTest.php" line="103" assertions="2" time="0.017247"/>
      <testcase name="testCreateGistFromFileNotFound" class="JGithubGistsTest" file=".../tests/suite/joomla/github/JGithubGistsTest.php" line="141" assertions="2" time="0.009069"/>
      <testcase name="testCreateFailure" class="JGithubGistsTest" file=".../tests/suite/joomla/github/JGithubGistsTest.php" line="159" assertions="3" time="0.016861"/>
      <testcase name="testCreateComment" class="JGithubGistsTest" file=".../tests/suite/joomla/github/JGithubGistsTest.php" line="196" assertions="2" time="0.018091"/>
      <testcase name="testCreateCommentFailure" class="JGithubGistsTest" file=".../tests/suite/joomla/github/JGithubGistsTest.php" line="219" assertions="3" time="0.017524"/>
      <testcase name="testDelete" class="JGithubGistsTest" file=".../tests/suite/joomla/github/JGithubGistsTest.php" line="254" assertions="1" time="0.014613"/>
      <testcase name="testDeleteFailure" class="JGithubGistsTest" file=".../tests/suite/joomla/github/JGithubGistsTest.php" line="271" assertions="3" time="0.015879"/>
      <testcase name="testDeleteComment" class="JGithubGistsTest" file=".../tests/suite/joomla/github/JGithubGistsTest.php" line="303" assertions="1" time="0.014760"/>
      <testcase name="testDeleteCommentFailure" class="JGithubGistsTest" file=".../tests/suite/joomla/github/JGithubGistsTest.php" line="320" assertions="3" time="0.015853"/>
      <testcase name="testEdit" class="JGithubGistsTest" file=".../tests/suite/joomla/github/JGithubGistsTest.php" line="352" assertions="2" time="0.017035"/>
      <testcase name="testEditFailure" class="JGithubGistsTest" file=".../tests/suite/joomla/github/JGithubGistsTest.php" line="392" assertions="3" time="0.016899"/>
      <testcase name="testEditComment" class="JGithubGistsTest" file=".../tests/suite/joomla/github/JGithubGistsTest.php" line="444" assertions="2" time="0.016860"/>
      <testcase name="testEditCommentFailure" class="JGithubGistsTest" file=".../tests/suite/joomla/github/JGithubGistsTest.php" line="467" assertions="3" time="0.017145"/>
      <testcase name="testFork" class="JGithubGistsTest" file=".../tests/suite/joomla/github/JGithubGistsTest.php" line="502" assertions="2" time="0.016645"/>
      <testcase name="testForkFailure" class="JGithubGistsTest" file=".../tests/suite/joomla/github/JGithubGistsTest.php" line="522" assertions="3" time="0.016558"/>
      <testcase name="testGet" class="JGithubGistsTest" file=".../tests/suite/joomla/github/JGithubGistsTest.php" line="554" assertions="2" time="0.016046"/>
      <testcase name="testGetFailure" class="JGithubGistsTest" file=".../tests/suite/joomla/github/JGithubGistsTest.php" line="574" assertions="3" time="0.016323"/>
      <testcase name="testGetComment" class="JGithubGistsTest" file=".../tests/suite/joomla/github/JGithubGistsTest.php" line="606" assertions="2" time="0.016292"/>
      <testcase name="testGetCommentFailure" class="JGithubGistsTest" file=".../tests/suite/joomla/github/JGithubGistsTest.php" line="626" assertions="3" time="0.016231"/>
      <testcase name="testGetComments" class="JGithubGistsTest" file=".../tests/suite/joomla/github/JGithubGistsTest.php" line="658" assertions="2" time="0.016347"/>
      <testcase name="testGetCommentsFailure" class="JGithubGistsTest" file=".../tests/suite/joomla/github/JGithubGistsTest.php" line="678" assertions="3" time="0.016234"/>
      <testcase name="testGetList" class="JGithubGistsTest" file=".../tests/suite/joomla/github/JGithubGistsTest.php" line="710" assertions="2" time="0.016478"/>
      <testcase name="testGetListFailure" class="JGithubGistsTest" file=".../tests/suite/joomla/github/JGithubGistsTest.php" line="730" assertions="3" time="0.016157"/>
      <testcase name="testGetListByUser" class="JGithubGistsTest" file=".../tests/suite/joomla/github/JGithubGistsTest.php" line="762" assertions="2" time="0.016253"/>
      <testcase name="testGetListByUserFailure" class="JGithubGistsTest" file=".../tests/suite/joomla/github/JGithubGistsTest.php" line="782" assertions="3" time="0.015634"/>
      <testcase name="testGetListPublic" class="JGithubGistsTest" file=".../tests/suite/joomla/github/JGithubGistsTest.php" line="814" assertions="2" time="0.015574"/>
      <testcase name="testGetListPublicFailure" class="JGithubGistsTest" file=".../tests/suite/joomla/github/JGithubGistsTest.php" line="834" assertions="3" time="0.015461"/>
      <testcase name="testGetListStarred" class="JGithubGistsTest" file=".../tests/suite/joomla/github/JGithubGistsTest.php" line="866" assertions="2" time="0.015571"/>
      <testcase name="testGetListStarredFailure" class="JGithubGistsTest" file=".../tests/suite/joomla/github/JGithubGistsTest.php" line="886" assertions="3" time="0.015532"/>
      <testcase name="testIsStarredTrue" class="JGithubGistsTest" file=".../tests/suite/joomla/github/JGithubGistsTest.php" line="918" assertions="2" time="0.014856"/>
      <testcase name="testIsStarredFalse" class="JGithubGistsTest" file=".../tests/suite/joomla/github/JGithubGistsTest.php" line="938" assertions="2" time="0.014838"/>
      <testcase name="testIsStarredFailure" class="JGithubGistsTest" file=".../tests/suite/joomla/github/JGithubGistsTest.php" line="958" assertions="3" time="0.015646"/>
      <testcase name="testStar" class="JGithubGistsTest" file=".../tests/suite/joomla/github/JGithubGistsTest.php" line="990" assertions="1" time="0.015031"/>
      <testcase name="testStarFailure" class="JGithubGistsTest" file=".../tests/suite/joomla/github/JGithubGistsTest.php" line="1007" assertions="3" time="0.016170"/>
      <testcase name="testUnstar" class="JGithubGistsTest" file=".../tests/suite/joomla/github/JGithubGistsTest.php" line="1039" assertions="1" time="0.014303"/>
      <testcase name="testUnstarFailure" class="JGithubGistsTest" file=".../tests/suite/joomla/github/JGithubGistsTest.php" line="1056" assertions="3" time="0.015566"/>
    </testsuite>
    <testsuite name="JGithubHttpTest" file=".../tests/suite/joomla/github/JGithubHttpTest.php" tests="1" assertions="2" failures="0" errors="0" time="0.022765">
      <testcase name="testPatch" class="JGithubHttpTest" file=".../tests/suite/joomla/github/JGithubHttpTest.php" line="63" assertions="2" time="0.022765"/>
    </testsuite>
    <testsuite name="JGithubIssuesTest" file=".../tests/suite/joomla/github/JGithubIssuesTest.php" tests="20" assertions="39" failures="0" errors="0" time="0.306177">
      <testcase name="testCreate" class="JGithubIssuesTest" file=".../tests/suite/joomla/github/JGithubIssuesTest.php" line="66" assertions="2" time="0.016400"/>
      <testcase name="testCreateFailure" class="JGithubIssuesTest" file=".../tests/suite/joomla/github/JGithubIssuesTest.php" line="94" assertions="2" time="0.015240"/>
      <testcase name="testCreateComment" class="JGithubIssuesTest" file=".../tests/suite/joomla/github/JGithubIssuesTest.php" line="118" assertions="2" time="0.016393"/>
      <testcase name="testCreateCommentFailure" class="JGithubIssuesTest" file=".../tests/suite/joomla/github/JGithubIssuesTest.php" line="142" assertions="2" time="0.015183"/>
      <testcase name="testDeleteComment" class="JGithubIssuesTest" file=".../tests/suite/joomla/github/JGithubIssuesTest.php" line="162" assertions="1" time="0.014275"/>
      <testcase name="testDeleteCommentFailure" class="JGithubIssuesTest" file=".../tests/suite/joomla/github/JGithubIssuesTest.php" line="180" assertions="2" time="0.014585"/>
      <testcase name="testEdit" class="JGithubIssuesTest" file=".../tests/suite/joomla/github/JGithubIssuesTest.php" line="197" assertions="2" time="0.016429"/>
      <testcase name="testEditFailure" class="JGithubIssuesTest" file=".../tests/suite/joomla/github/JGithubIssuesTest.php" line="228" assertions="2" time="0.015265"/>
      <testcase name="testEditComment" class="JGithubIssuesTest" file=".../tests/suite/joomla/github/JGithubIssuesTest.php" line="250" assertions="2" time="0.016313"/>
      <testcase name="testEditCommentFailure" class="JGithubIssuesTest" file=".../tests/suite/joomla/github/JGithubIssuesTest.php" line="274" assertions="2" time="0.015296"/>
      <testcase name="testGet" class="JGithubIssuesTest" file=".../tests/suite/joomla/github/JGithubIssuesTest.php" line="294" assertions="2" time="0.015678"/>
      <testcase name="testGetFailure" class="JGithubIssuesTest" file=".../tests/suite/joomla/github/JGithubIssuesTest.php" line="315" assertions="2" time="0.014492"/>
      <testcase name="testGetComment" class="JGithubIssuesTest" file=".../tests/suite/joomla/github/JGithubIssuesTest.php" line="332" assertions="2" time="0.015615"/>
      <testcase name="testGetCommentFailure" class="JGithubIssuesTest" file=".../tests/suite/joomla/github/JGithubIssuesTest.php" line="353" assertions="2" time="0.014482"/>
      <testcase name="testGetComments" class="JGithubIssuesTest" file=".../tests/suite/joomla/github/JGithubIssuesTest.php" line="370" assertions="2" time="0.015578"/>
      <testcase name="testGetCommentsFailure" class="JGithubIssuesTest" file=".../tests/suite/joomla/github/JGithubIssuesTest.php" line="391" assertions="2" time="0.014589"/>
      <testcase name="testGetList" class="JGithubIssuesTest" file=".../tests/suite/joomla/github/JGithubIssuesTest.php" line="408" assertions="2" time="0.015732"/>
      <testcase name="testGetListFailure" class="JGithubIssuesTest" file=".../tests/suite/joomla/github/JGithubIssuesTest.php" line="429" assertions="2" time="0.014494"/>
      <testcase name="testGetListByRepository" class="JGithubIssuesTest" file=".../tests/suite/joomla/github/JGithubIssuesTest.php" line="446" assertions="2" time="0.015677"/>
      <testcase name="testGetListByRepositoryFailure" class="JGithubIssuesTest" file=".../tests/suite/joomla/github/JGithubIssuesTest.php" line="467" assertions="2" time="0.014461"/>
    </testsuite>
    <testsuite name="JGithubRefsTest" file=".../tests/suite/joomla/github/JGithubRefsTest.php" tests="8" assertions="16" failures="0" errors="0" time="0.123553">
      <testcase name="testGet" class="JGithubRefsTest" file=".../tests/suite/joomla/github/JGithubRefsTest.php" line="66" assertions="2" time="0.015606"/>
      <testcase name="testGetFailure" class="JGithubRefsTest" file=".../tests/suite/joomla/github/JGithubRefsTest.php" line="87" assertions="2" time="0.014544"/>
      <testcase name="testCreate" class="JGithubRefsTest" file=".../tests/suite/joomla/github/JGithubRefsTest.php" line="104" assertions="2" time="0.016257"/>
      <testcase name="testCreateFailure" class="JGithubRefsTest" file=".../tests/suite/joomla/github/JGithubRefsTest.php" line="133" assertions="2" time="0.015319"/>
      <testcase name="testEdit" class="JGithubRefsTest" file=".../tests/suite/joomla/github/JGithubRefsTest.php" line="158" assertions="2" time="0.016400"/>
      <testcase name="testEditFailure" class="JGithubRefsTest" file=".../tests/suite/joomla/github/JGithubRefsTest.php" line="187" assertions="2" time="0.015381"/>
      <testcase name="testGetList" class="JGithubRefsTest" file=".../tests/suite/joomla/github/JGithubRefsTest.php" line="211" assertions="2" time="0.015558"/>
      <testcase name="testGetListFailure" class="JGithubRefsTest" file=".../tests/suite/joomla/github/JGithubRefsTest.php" line="232" assertions="2" time="0.014488"/>
    </testsuite>
    <testsuite name="JAuthenticationTest" file=".../tests/suite/joomla/user/JAuthenticationTest.php" fullPackage="Joomla.UnitTest.Utilities" package="Joomla.UnitTest" subpackage="Utilities" tests="6" assertions="12" failures="0" errors="0" time="0.126337">
      <testsuite name="JAuthenticationTest::testAuthentication" tests="2" assertions="4" failures="0" errors="0" time="0.039711">
        <testcase name="testAuthentication with data set #0" assertions="2" time="0.020262"/>
        <testcase name="testAuthentication with data set #1" assertions="2" time="0.019449"/>
      </testsuite>
      <testsuite name="JAuthenticationTest::testAuthorise" tests="4" assertions="8" failures="0" errors="0" time="0.086626">
        <testcase name="testAuthorise with data set #0" assertions="2" time="0.021669"/>
        <testcase name="testAuthorise with data set #1" assertions="2" time="0.021697"/>
        <testcase name="testAuthorise with data set #2" assertions="2" time="0.021639"/>
        <testcase name="testAuthorise with data set #3" assertions="2" time="0.021621"/>
      </testsuite>
    </testsuite>
    <testsuite name="JMailHelperTest" file=".../tests/suite/joomla/mail/JMailHelperTest.php" tests="0" assertions="0" failures="0" errors="0" time="0.000000"/>
    <testsuite name="JMailTest" file=".../tests/suite/joomla/mail/JMailTest.php" tests="0" assertions="0" failures="0" errors="0" time="0.000000"/>
    <testsuite name="JObserverTest" file=".../tests/suite/joomla/base/JObserverTest.php" tests="0" assertions="0" failures="0" errors="0" time="0.000000"/>
    <testsuite name="JTreeTest" file=".../tests/suite/joomla/base/JTreeTest.php" tests="0" assertions="0" failures="0" errors="0" time="0.000000"/>
    <testsuite name="JNodeTest" file=".../tests/suite/joomla/base/JNodeTest.php" tests="5" assertions="12" failures="0" errors="0" time="0.040791">
      <testcase name="testAddChild" class="JNodeTest" file=".../tests/suite/joomla/base/JNodeTest.php" line="44" assertions="1" time="0.007206"/>
      <testcase name="testGetParent" class="JNodeTest" file=".../tests/suite/joomla/base/JNodeTest.php" line="61" assertions="4" time="0.009450"/>
      <testcase name="testSetParent" class="JNodeTest" file=".../tests/suite/joomla/base/JNodeTest.php" line="93" assertions="1" time="0.007038"/>
      <testcase name="testHasChildren" class="JNodeTest" file=".../tests/suite/joomla/base/JNodeTest.php" line="110" assertions="2" time="0.007374"/>
      <testcase name="testGetChildren" class="JNodeTest" file=".../tests/suite/joomla/base/JNodeTest.php" line="130" assertions="4" time="0.009722"/>
    </testsuite>
    <testsuite name="JAdapterInstanceTest" file=".../tests/suite/joomla/base/JAdapterInstanceTest.php" tests="1" assertions="2" failures="0" errors="0" time="0.094785">
      <testcase name="testGetParent" class="JAdapterInstanceTest" file=".../tests/suite/joomla/base/JAdapterInstanceTest.php" line="55" assertions="2" time="0.094785"/>
    </testsuite>
    <testsuite name="JObservableTest" file=".../tests/suite/joomla/base/JObservableTest.php" tests="1" assertions="1" failures="0" errors="0" time="0.006654">
      <testcase name="testGetState" class="JObservableTest" file=".../tests/suite/joomla/base/JObservableTest.php" line="93" assertions="1" time="0.006654"/>
    </testsuite>
    <testsuite name="JObjectTest" file=".../tests/suite/joomla/base/JObjectTest.php" tests="11" assertions="25" failures="0" errors="0" time="0.090721">
      <testcase name="test__construct" class="JObjectTest" file=".../tests/suite/joomla/base/JObjectTest.php" line="45" assertions="1" time="0.006998"/>
      <testcase name="test__toString" class="JObjectTest" file=".../tests/suite/joomla/base/JObjectTest.php" line="60" assertions="1" time="0.006517"/>
      <testcase name="testDef" class="JObjectTest" file=".../tests/suite/joomla/base/JObjectTest.php" line="71" assertions="3" time="0.009703"/>
      <testcase name="testGet" class="JObjectTest" file=".../tests/suite/joomla/base/JObjectTest.php" line="87" assertions="2" time="0.007612"/>
      <testcase name="testGetProperties" class="JObjectTest" file=".../tests/suite/joomla/base/JObjectTest.php" line="99" assertions="2" time="0.007809"/>
      <testcase name="testGetError" class="JObjectTest" file=".../tests/suite/joomla/base/JObjectTest.php" line="134" assertions="5" time="0.012874"/>
      <testcase name="testGetErrors" class="JObjectTest" file=".../tests/suite/joomla/base/JObjectTest.php" line="173" assertions="2" time="0.007969"/>
      <testcase name="testSet" class="JObjectTest" file=".../tests/suite/joomla/base/JObjectTest.php" line="197" assertions="3" time="0.007848"/>
      <testcase name="testSetProperties" class="JObjectTest" file=".../tests/suite/joomla/base/JObjectTest.php" line="210" assertions="4" time="0.008696"/>
      <testcase name="testSetError" class="JObjectTest" file=".../tests/suite/joomla/base/JObjectTest.php" line="226" assertions="1" time="0.006892"/>
      <testcase name="testToString" class="JObjectTest" file=".../tests/suite/joomla/base/JObjectTest.php" line="242" assertions="1" time="0.007803"/>
    </testsuite>
    <testsuite name="JAdapterTest" file=".../tests/suite/joomla/base/JAdapterTest.php" tests="4" assertions="11" failures="0" errors="0" time="0.097669">
      <testcase name="testGetDbo" class="JAdapterTest" file=".../tests/suite/joomla/base/JAdapterTest.php" line="59" assertions="2" time="0.022631"/>
      <testcase name="testSetAdapter" class="JAdapterTest" file=".../tests/suite/joomla/base/JAdapterTest.php" line="77" assertions="4" time="0.024912"/>
      <testcase name="testGetAdapter" class="JAdapterTest" file=".../tests/suite/joomla/base/JAdapterTest.php" line="106" assertions="3" time="0.023782"/>
      <testcase name="testLoadAllAdapters" class="JAdapterTest" file=".../tests/suite/joomla/base/JAdapterTest.php" line="130" assertions="2" time="0.026344"/>
    </testsuite>
    <testsuite name="JPaneTest" file=".../tests/suite/joomla/html/JPaneTest.php" tests="0" assertions="0" failures="0" errors="0" time="0.000000"/>
    <testsuite name="JParameterTest" file=".../tests/suite/joomla/html/JParameterTest.php" tests="7" assertions="16" failures="0" errors="0" time="0.169495">
      <testcase name="testAddElementPath" class="JParameterTest" file=".../tests/suite/joomla/html/JParameterTest.php" line="33" assertions="1" time="0.008507"/>
      <testcase name="testBind" class="JParameterTest" file=".../tests/suite/joomla/html/JParameterTest.php" line="57" assertions="4" time="0.015339"/>
      <testcase name="testDef" class="JParameterTest" file=".../tests/suite/joomla/html/JParameterTest.php" line="101" assertions="2" time="0.010800"/>
      <testcase name="testGet" class="JParameterTest" file=".../tests/suite/joomla/html/JParameterTest.php" line="125" assertions="3" time="0.010251"/>
      <testcase name="testGetGroups" class="JParameterTest" file=".../tests/suite/joomla/html/JParameterTest.php" line="152" assertions="1" time="0.057414"/>
      <testcase name="testGetNumParams" class="JParameterTest" file=".../tests/suite/joomla/html/JParameterTest.php" line="174" assertions="3" time="0.058196"/>
      <testcase name="testSet" class="JParameterTest" file=".../tests/suite/joomla/html/JParameterTest.php" line="267" assertions="2" time="0.008988"/>
    </testsuite>
    <testsuite name="JHtmlListTest" file=".../tests/suite/joomla/html/html/JHtmlListTest.php" tests="2" assertions="3" failures="0" errors="0" time="2.020682">
      <testcase name="testUsers" class="JHtmlListTest" file=".../tests/suite/joomla/html/html/JHtmlListTest.php" line="99" assertions="2" time="1.021126"/>
      <testcase name="testPositions" class="JHtmlListTest" file=".../tests/suite/joomla/html/html/JHtmlListTest.php" line="119" assertions="1" time="0.999556"/>
    </testsuite>
    <testsuite name="JHtmlStringTest" file=".../tests/suite/joomla/html/html/JHtmlStringTest.php" fullPackage="Joomla.UnitTest.Html" package="Joomla.UnitTest" subpackage="Html" tests="19" assertions="19" failures="0" errors="0" time="0.148548">
      <testsuite name="JHtmlStringTest::testAbridge" tests="2" assertions="2" failures="0" errors="0" time="0.014264">
        <testcase name="testAbridge with data set &quot;No change case&quot;" assertions="1" time="0.006931"/>
        <testcase name="testAbridge with data set &quot;Normal case&quot;" assertions="1" time="0.007333"/>
      </testsuite>
      <testsuite name="JHtmlStringTest::testTruncate" tests="17" assertions="17" failures="0" errors="0" time="0.134284">
        <testcase name="testTruncate with data set &quot;No change case&quot;" assertions="1" time="0.006528"/>
        <testcase name="testTruncate with data set &quot;Plain text under the limit&quot;" assertions="1" time="0.006913"/>
        <testcase name="testTruncate with data set &quot;Plain text at the limit&quot;" assertions="1" time="0.006695"/>
        <testcase name="testTruncate with data set &quot;Plain text over the limit by two words&quot;" assertions="1" time="0.008498"/>
        <testcase name="testTruncate with data set &quot;Plain text over the limit by one word&quot;" assertions="1" time="0.008043"/>
        <testcase name="testTruncate with data set &quot;Plain text over the limit with short trailing words&quot;" assertions="1" time="0.008530"/>
        <testcase name="testTruncate with data set &quot;Plain text over the limit splitting first word&quot;" assertions="1" time="0.008529"/>
        <testcase name="testTruncate with data set &quot;Plain text with word split&quot;" assertions="1" time="0.008556"/>
        <testcase name="testTruncate with data set &quot;Plain html under the limit&quot;" assertions="1" time="0.006746"/>
        <testcase name="testTruncate with data set &quot;Plain html at the limit&quot;" assertions="1" time="0.006720"/>
        <testcase name="testTruncate with data set &quot;Plain html over the limit&quot;" assertions="1" time="0.008224"/>
        <testcase name="testTruncate with data set &quot;Plain html over the limit by one word&quot;" assertions="1" time="0.008486"/>
        <testcase name="testTruncate with data set &quot;Plain html over the limit splitting first word&quot;" assertions="1" time="0.008411"/>
        <testcase name="testTruncate with data set &quot;Complex html over the limit&quot;" assertions="1" time="0.008513"/>
        <testcase name="testTruncate with data set &quot;Complex html over the limit 2&quot;" assertions="1" time="0.008137"/>
        <testcase name="testTruncate with data set &quot;HTML not allowed, split words&quot;" assertions="1" time="0.007844"/>
        <testcase name="testTruncate with data set &quot;HTML not allowed, no split&quot;" assertions="1" time="0.008911"/>
      </testsuite>
    </testsuite>
    <testsuite name="JHtmlBehaviorTest" file=".../tests/suite/joomla/html/html/JHtmlBehaviorTest.php" fullPackage="Joomla.UnitTest.Html" package="Joomla.UnitTest" subpackage="Html" tests="26" assertions="52" failures="0" errors="0" time="0.602772">
      <testsuite name="JHtmlBehaviorTest::testFramework" tests="6" assertions="12" failures="0" errors="0" time="0.109866">
        <testcase name="testFramework with data set #0" assertions="2" time="0.023277"/>
        <testcase name="testFramework with data set #1" assertions="2" time="0.019020"/>
        <testcase name="testFramework with data set #2" assertions="2" time="0.014924"/>
        <testcase name="testFramework with data set #3" assertions="2" time="0.015189"/>
        <testcase name="testFramework with data set #4" assertions="2" time="0.018123"/>
        <testcase name="testFramework with data set #5" assertions="2" time="0.019333"/>
      </testsuite>
      <testsuite name="JHtmlBehaviorTest::testCaption" tests="2" assertions="4" failures="0" errors="0" time="0.042492">
        <testcase name="testCaption with data set #0" assertions="2" time="0.021585"/>
        <testcase name="testCaption with data set #1" assertions="2" time="0.020907"/>
      </testsuite>
      <testcase name="testFormvalidation" class="JHtmlBehaviorTest" file=".../tests/suite/joomla/html/html/JHtmlBehaviorTest.php" line="189" assertions="2" time="0.020459"/>
      <testcase name="testSwitcher" class="JHtmlBehaviorTest" file=".../tests/suite/joomla/html/html/JHtmlBehaviorTest.php" line="217" assertions="2" time="0.020793"/>
      <testcase name="testCombobox" class="JHtmlBehaviorTest" file=".../tests/suite/joomla/html/html/JHtmlBehaviorTest.php" line="245" assertions="2" time="0.020391"/>
      <testsuite name="JHtmlBehaviorTest::testTooltip" tests="3" assertions="6" failures="0" errors="0" time="0.059442">
        <testcase name="testTooltip with data set #0" assertions="2" time="0.019878"/>
        <testcase name="testTooltip with data set #1" assertions="2" time="0.019806"/>
        <testcase name="testTooltip with data set #2" assertions="2" time="0.019758"/>
      </testsuite>
      <testsuite name="JHtmlBehaviorTest::testModal" tests="3" assertions="6" failures="0" errors="0" time="0.076076">
        <testcase name="testModal with data set #0" assertions="2" time="0.025496"/>
        <testcase name="testModal with data set #1" assertions="2" time="0.025162"/>
        <testcase name="testModal with data set #2" assertions="2" time="0.025418"/>
      </testsuite>
      <testsuite name="JHtmlBehaviorTest::testMultiselect" tests="2" assertions="4" failures="0" errors="0" time="0.041657">
        <testcase name="testMultiselect with data set #0" assertions="2" time="0.020884"/>
        <testcase name="testMultiselect with data set #1" assertions="2" time="0.020773"/>
      </testsuite>
      <testsuite name="JHtmlBehaviorTest::testUploader" tests="2" assertions="4" failures="0" errors="0" time="0.078828">
        <testcase name="testUploader with data set #0" assertions="2" time="0.039318"/>
        <testcase name="testUploader with data set #1" assertions="2" time="0.039510"/>
      </testsuite>
      <testsuite name="JHtmlBehaviorTest::testTree" tests="1" assertions="2" failures="0" errors="0" time="0.027147">
        <testcase name="testTree with data set #0" assertions="2" time="0.027147"/>
      </testsuite>
      <testcase name="testCalendar" class="JHtmlBehaviorTest" file=".../tests/suite/joomla/html/html/JHtmlBehaviorTest.php" line="570" assertions="2" time="0.044665"/>
      <testcase name="testColorpicker" class="JHtmlBehaviorTest" file=".../tests/suite/joomla/html/html/JHtmlBehaviorTest.php" line="598" assertions="2" time="0.028501"/>
      <testcase name="testKeepalive" class="JHtmlBehaviorTest" file=".../tests/suite/joomla/html/html/JHtmlBehaviorTest.php" line="626" assertions="2" time="0.016328"/>
      <testcase name="testNoFrames" class="JHtmlBehaviorTest" file=".../tests/suite/joomla/html/html/JHtmlBehaviorTest.php" line="654" assertions="2" time="0.016127"/>
    </testsuite>
    <testsuite name="JHtmlContentTest" file=".../tests/suite/joomla/html/html/JHtmlContentTest.php" tests="0" assertions="0" failures="0" errors="0" time="0.000000"/>
    <testsuite name="JHtmlMenuTest" file=".../tests/suite/joomla/html/html/JHtmlMenuTest.php" tests="2" assertions="2" failures="0" errors="0" time="2.044435">
      <testcase name="testMenus" class="JHtmlMenuTest" file=".../tests/suite/joomla/html/html/JHtmlMenuTest.php" line="59" assertions="1" time="1.012148"/>
      <testcase name="testMenuitems" class="JHtmlMenuTest" file=".../tests/suite/joomla/html/html/JHtmlMenuTest.php" line="74" assertions="1" time="1.032287"/>
    </testsuite>
    <testsuite name="JHtmlEmailTest" file=".../tests/suite/joomla/html/html/JHtmlEmailTest.php" tests="1" assertions="4" failures="0" errors="0" time="0.010972">
      <testcase name="testCloak" class="JHtmlEmailTest" file=".../tests/suite/joomla/html/html/JHtmlEmailTest.php" line="26" assertions="4" time="0.010972"/>
    </testsuite>
    <testsuite name="JHtmlRulesTest" file=".../tests/suite/joomla/html/html/JHtmlRulesTest.php" tests="0" assertions="0" failures="0" errors="0" time="0.000000"/>
    <testsuite name="JHtmlJGridTest" file=".../tests/suite/joomla/html/html/JHtmlJgridTest.php" tests="0" assertions="0" failures="0" errors="0" time="0.000000"/>
    <testsuite name="JHtmlSelectTest" file=".../tests/suite/joomla/html/html/JHtmlSelectTest.php" tests="0" assertions="0" failures="0" errors="0" time="0.000000">
      <testsuite name="JHtmlSelectTest::testOptions" tests="0" assertions="0" failures="0" errors="0" time="0.000000"/>
    </testsuite>
    <testsuite name="JHtmlCategoryTest" file=".../tests/suite/joomla/html/html/JHtmlCategoryTest.php" tests="0" assertions="0" failures="0" errors="0" time="0.000000"/>
    <testsuite name="JHtmlNumberTest" file=".../tests/suite/joomla/html/html/JHtmlNumberTest.php" tests="17" assertions="17" failures="0" errors="0" time="0.204351">
      <testsuite name="JHtmlNumberTest::testBytes" tests="17" assertions="17" failures="0" errors="0" time="0.204351">
        <testcase name="testBytes with data set #0" assertions="1" time="0.011996"/>
        <testcase name="testBytes with data set #1" assertions="1" time="0.012035"/>
        <testcase name="testBytes with data set #2" assertions="1" time="0.011955"/>
        <testcase name="testBytes with data set #3" assertions="1" time="0.011910"/>
        <testcase name="testBytes with data set #4" assertions="1" time="0.011876"/>
        <testcase name="testBytes with data set #5" assertions="1" time="0.012173"/>
        <testcase name="testBytes with data set #6" assertions="1" time="0.012139"/>
        <testcase name="testBytes with data set #7" assertions="1" time="0.012106"/>
        <testcase name="testBytes with data set #8" assertions="1" time="0.011927"/>
        <testcase name="testBytes with data set #9" assertions="1" time="0.012037"/>
        <testcase name="testBytes with data set #10" assertions="1" time="0.011834"/>
        <testcase name="testBytes with data set #11" assertions="1" time="0.011923"/>
        <testcase name="testBytes with data set #12" assertions="1" time="0.011917"/>
        <testcase name="testBytes with data set #13" assertions="1" time="0.012668"/>
        <testcase name="testBytes with data set #14" assertions="1" time="0.011945"/>
        <testcase name="testBytes with data set #15" assertions="1" time="0.012019"/>
        <testcase name="testBytes with data set #16" assertions="1" time="0.011891"/>
      </testsuite>
    </testsuite>
    <testsuite name="JHtmlImageTest" file=".../tests/suite/joomla/html/html/JHtmlImageTest.php" tests="0" assertions="0" failures="0" errors="0" time="0.000000"/>
    <testsuite name="JHtmlDateTest" file=".../tests/suite/joomla/html/html/JHtmlDateTest.php" tests="4" assertions="8" failures="0" errors="0" time="0.095541">
      <testsuite name="JHtmlDateTest::testRelative" tests="4" assertions="8" failures="0" errors="0" time="0.095541">
        <testcase name="testRelative with data set #0" assertions="2" time="0.024036"/>
        <testcase name="testRelative with data set #1" assertions="2" time="0.023961"/>
        <testcase name="testRelative with data set #2" assertions="2" time="0.023835"/>
        <testcase name="testRelative with data set #3" assertions="2" time="0.023708"/>
      </testsuite>
    </testsuite>
    <testsuite name="JHtmlFormTest" file=".../tests/suite/joomla/html/html/JHtmlFormTest.php" tests="0" assertions="0" failures="0" errors="0" time="0.000000"/>
    <testsuite name="JHtmlTelTest" file=".../tests/suite/joomla/html/html/JHtmlTelTest.php" tests="1" assertions="4" failures="0" errors="0" time="0.013907">
      <testcase name="testTel" class="JHtmlTelTest" file=".../tests/suite/joomla/html/html/JHtmlTelTest.php" line="32" assertions="4" time="0.013907"/>
    </testsuite>
    <testsuite name="JHtmlGridTest" file=".../tests/suite/joomla/html/html/JHtmlGridTest.php" tests="0" assertions="0" failures="0" errors="0" time="0.000000"/>
    <testsuite name="JHtmlBatchTest" file=".../tests/suite/joomla/html/html/JHtmlBatchTest.php" tests="3" assertions="3" failures="0" errors="0" time="3.037998">
      <testcase name="testAccess" class="JHtmlBatchTest" file=".../tests/suite/joomla/html/html/JHtmlBatchTest.php" line="57" assertions="1" time="1.005910"/>
      <testcase name="testItem" class="JHtmlBatchTest" file=".../tests/suite/joomla/html/html/JHtmlBatchTest.php" line="72" assertions="1" time="1.032472"/>
      <testcase name="testLanguage" class="JHtmlBatchTest" file=".../tests/suite/joomla/html/html/JHtmlBatchTest.php" line="87" assertions="1" time="0.999616"/>
    </testsuite>
    <testsuite name="JHtmlAccessTest" file=".../tests/suite/joomla/html/html/JHtmlAccessTest.php" tests="0" assertions="0" failures="0" errors="0" time="0.000000"/>
    <testsuite name="JPaginationTest" file=".../tests/suite/joomla/html/JPaginationTest.php" fullPackage="Joomla.UnitTest.HTML" package="Joomla.UnitTest" subpackage="HTML" tests="3" assertions="21" failures="0" errors="0" time="0.037013">
      <testsuite name="JPaginationTest::testConstructor" tests="3" assertions="21" failures="0" errors="0" time="0.037013">
        <testcase name="testConstructor with data set #0" assertions="7" time="0.012354"/>
        <testcase name="testConstructor with data set #1" assertions="7" time="0.012384"/>
        <testcase name="testConstructor with data set #2" assertions="7" time="0.012275"/>
      </testsuite>
    </testsuite>
    <testsuite name="JHtmlTest" file=".../tests/suite/joomla/html/JHtmlTest.php" fullPackage="Joomla.UnitTest.Html" package="Joomla.UnitTest" subpackage="Html" tests="11" assertions="41" failures="2" errors="0" time="0.214006">
      <testcase name="test_" class="JHtmlTest" file=".../tests/suite/joomla/html/JHtmlTest.php" line="58" assertions="6" time="0.059810"/>
      <testcase name="testRegister" class="JHtmlTest" file=".../tests/suite/joomla/html/JHtmlTest.php" line="126" assertions="3" time="0.015985"/>
      <testcase name="testUnregister" class="JHtmlTest" file=".../tests/suite/joomla/html/JHtmlTest.php" line="157" assertions="3" time="0.008791"/>
      <testcase name="testIsRegistered" class="JHtmlTest" file=".../tests/suite/joomla/html/JHtmlTest.php" line="184" assertions="3" time="0.008837"/>
      <testsuite name="JHtmlTest::testLink" tests="2" assertions="2" failures="0" errors="0" time="0.014151">
        <testcase name="testLink with data set #0" assertions="1" time="0.006988"/>
        <testcase name="testLink with data set #1" assertions="1" time="0.007163"/>
      </testsuite>
      <testcase name="testImage" class="JHtmlTest" file=".../tests/suite/joomla/html/JHtmlTest.php" line="274" assertions="20" time="0.058953"/>
      <testsuite name="JHtmlTest::testIframe" tests="2" assertions="2" failures="0" errors="0" time="0.014177">
        <testcase name="testIframe with data set #0" assertions="1" time="0.006944"/>
        <testcase name="testIframe with data set #1" assertions="1" time="0.007233"/>
      </testsuite>
      <testcase name="testScript" class="JHtmlTest" file=".../tests/suite/joomla/html/JHtmlTest.php" line="567" assertions="1" time="0.017916">
        <failure type="PHPUnit_Framework_ExpectationFailedException">JHtmlTest::testScript
Line:605 JHtml::script failed when we should get it from the templates directory
Failed asserting that an array has the key &lt;string:/templates/mytemplate591/js/test1/script1.js&gt;.

.../tests/suite/joomla/html/JHtmlTest.php:606
</failure>
      </testcase>
      <testcase name="testStylesheet" class="JHtmlTest" file=".../tests/suite/joomla/html/JHtmlTest.php" line="954" assertions="1" time="0.015386">
        <failure type="PHPUnit_Framework_ExpectationFailedException">JHtmlTest::testStylesheet
Line:992 JHtml::script failed when we should get it from the templates directory
Failed asserting that an array has the key &lt;string:/templates/mytemplate7185/css/test1/style1.css&gt;.

.../tests/suite/joomla/html/JHtmlTest.php:993
</failure>
      </testcase>
    </testsuite>
    <testsuite name="JButtonTest" file=".../tests/suite/joomla/html/toolbar/JButtonTest.php" tests="0" assertions="0" failures="0" errors="0" time="0.000000"/>
    <testsuite name="JButtonPopupTest" file=".../tests/suite/joomla/html/toolbar/button/JButtonPopupTest.php" tests="0" assertions="0" failures="0" errors="0" time="0.000000"/>
    <testsuite name="JButtonConfirmTest" file=".../tests/suite/joomla/html/toolbar/button/JButtonConfirmTest.php" tests="0" assertions="0" failures="0" errors="0" time="0.000000"/>
    <testsuite name="JButtonStandardTest" file=".../tests/suite/joomla/html/toolbar/button/JButtonStandardTest.php" tests="0" assertions="0" failures="0" errors="0" time="0.000000"/>
    <testsuite name="JButtonLinkTest" file=".../tests/suite/joomla/html/toolbar/button/JButtonLinkTest.php" tests="0" assertions="0" failures="0" errors="0" time="0.000000"/>
[...]
      <testcase name="testOuterJoin" class="JDatabaseQueryTest" file=".../tests/suite/joomla/database/JDatabaseQueryTest.php" line="952" assertions="3" time="0.025964"/>
      <testsuite name="JDatabaseQueryTest::testQuote" tests="1" assertions="2" failures="0" errors="0" time="0.029371">
        <testcase name="testQuote with data set #0" assertions="2" time="0.029371"/>
      </testsuite>
      <testcase name="testQuoteException" class="JDatabaseQueryTest" file=".../tests/suite/joomla/database/JDatabaseQueryTest.php" line="1004" assertions="2" time="0.023411"/>
      <testcase name="testQuoteName" class="JDatabaseQueryTest" file=".../tests/suite/joomla/database/JDatabaseQueryTest.php" line="1021" assertions="2" time="0.029315"/>
      <testcase name="testQuoteNameException" class="JDatabaseQueryTest" file=".../tests/suite/joomla/database/JDatabaseQueryTest.php" line="1040" assertions="2" time="0.023478"/>
      <testcase name="testRightJoin" class="JDatabaseQueryTest" file=".../tests/suite/joomla/database/JDatabaseQueryTest.php" line="1057" assertions="3" time="0.026309"/>
      <testcase name="testSelect" class="JDatabaseQueryTest" file=".../tests/suite/joomla/database/JDatabaseQueryTest.php" line="1085" assertions="6" time="0.027818"/>
      <testcase name="testSet" class="JDatabaseQueryTest" file=".../tests/suite/joomla/database/JDatabaseQueryTest.php" line="1135" assertions="5" time="0.027027"/>
      <testcase name="testUpdate" class="JDatabaseQueryTest" file=".../tests/suite/joomla/database/JDatabaseQueryTest.php" line="1190" assertions="4" time="0.025589"/>
      <testcase name="testValues" class="JDatabaseQueryTest" file=".../tests/suite/joomla/database/JDatabaseQueryTest.php" line="1220" assertions="4" time="0.025849"/>
      <testcase name="testWhere" class="JDatabaseQueryTest" file=".../tests/suite/joomla/database/JDatabaseQueryTest.php" line="1258" assertions="5" time="0.027322"/>
      <testcase name="test__clone_array" class="JDatabaseQueryTest" file=".../tests/suite/joomla/database/JDatabaseQueryTest.php" line="1311" assertions="4" time="0.036993"/>
      <testcase name="test__clone_object" class="JDatabaseQueryTest" file=".../tests/suite/joomla/database/JDatabaseQueryTest.php" line="1332" assertions="4" time="0.036451"/>
    </testsuite>
    <testsuite name="JTableUserTest" file=".../tests/suite/joomla/database/table/JTableUserTest.php" tests="0" assertions="0" failures="0" errors="0" time="0.000000"/>
    <testsuite name="JTableContentTest" file=".../tests/suite/joomla/database/table/JTableContentTest.php" tests="0" assertions="0" failures="0" errors="0" time="0.000000"/>
    <testsuite name="JTableUpdateTest" file=".../tests/suite/joomla/database/table/JTableUpdateTest.php" tests="0" assertions="0" failures="0" errors="0" time="0.000000"/>
    <testsuite name="JTableViewlevelTest" file=".../tests/suite/joomla/database/table/JTableViewlevelTest.php" tests="0" assertions="0" failures="0" errors="0" time="0.000000"/>
    <testsuite name="JTableModuleTest" file=".../tests/suite/joomla/database/table/JTableModuleTest.php" tests="0" assertions="0" failures="0" errors="0" time="0.000000"/>
    <testsuite name="JTableUsergroupTest" file=".../tests/suite/joomla/database/table/JTableUsergroupTest.php" tests="0" assertions="0" failures="0" errors="0" time="0.000000"/>
    <testsuite name="JTableLanguageTest" file=".../tests/suite/joomla/database/table/JTableLanguageTest.php" tests="0" assertions="0" failures="0" errors="0" time="0.000000"/>
    <testsuite name="JTableSessionTest" file=".../tests/suite/joomla/database/table/JTableSessionTest.php" tests="0" assertions="0" failures="0" errors="0" time="0.000000"/>
    <testsuite name="JTableCategoryTest" file=".../tests/suite/joomla/database/table/JTableCategoryTest.php" tests="0" assertions="0" failures="0" errors="0" time="0.000000"/>
    <testsuite name="JTableMenuTypeTest" file=".../tests/suite/joomla/database/table/JTableMenuTypeTest.php" tests="0" assertions="0" failures="0" errors="0" time="0.000000"/>
    <testsuite name="JTableAssetTest" file=".../tests/suite/joomla/database/table/JTableAssetTest.php" tests="0" assertions="0" failures="0" errors="0" time="0.000000"/>
    <testsuite name="JTableMenuTest" file=".../tests/suite/joomla/database/table/JTableMenuTest.php" tests="0" assertions="0" failures="0" errors="0" time="0.000000"/>
    <testsuite name="JTableExtensionTest" file=".../tests/suite/joomla/database/table/JTableExtensionTest.php" tests="0" assertions="0" failures="0" errors="0" time="0.000000"/>
    <testsuite name="JTableTest" file=".../tests/suite/joomla/database/JTableTest.php" tests="0" assertions="0" failures="0" errors="0" time="0.000000"/>
    <testsuite name="JDatabaseImporterMySQLiTest" file=".../tests/suite/joomla/database/database/JDatabaseImporterMySqliTest.php" fullPackage="Joomla.UnitTest.Database" package="Joomla.UnitTest" subpackage="Database" tests="5" assertions="7" failures="0" errors="0" time="0.137222">
      <testcase name="testCheckWithNoDbo" class="JDatabaseImporterMySQLiTest" file=".../tests/suite/joomla/database/database/JDatabaseImporterMySqliTest.php" line="49" assertions="1" time="0.101512"/>
      <testcase name="testCheckWithNoTables" class="JDatabaseImporterMySQLiTest" file=".../tests/suite/joomla/database/database/JDatabaseImporterMySqliTest.php" line="74" assertions="1" time="0.008682"/>
      <testcase name="testCheckWithGoodInput" class="JDatabaseImporterMySQLiTest" file=".../tests/suite/joomla/database/database/JDatabaseImporterMySqliTest.php" line="100" assertions="2" time="0.009140"/>
      <testcase name="testSetDboWithBadInput" class="JDatabaseImporterMySQLiTest" file=".../tests/suite/joomla/database/database/JDatabaseImporterMySqliTest.php" line="130" assertions="1" time="0.009000"/>
      <testcase name="testSetDboWithGoodInput" class="JDatabaseImporterMySQLiTest" file=".../tests/suite/joomla/database/database/JDatabaseImporterMySqliTest.php" line="155" assertions="2" time="0.008888"/>
    </testsuite>
    <testsuite name="JDatabaseMySQLiTest" file=".../tests/suite/joomla/database/database/JDatabaseMySQLiTest.php" tests="0" assertions="0" failures="0" errors="0" time="0.000000">
      <testsuite name="JDatabaseMySQLiTest::testEscape" tests="0" assertions="0" failures="0" errors="0" time="0.000000"/>
    </testsuite>
    <testsuite name="JDatabaseMySQLTest" file=".../tests/suite/joomla/database/database/JDatabaseMySQLTest.php" tests="0" assertions="0" failures="0" errors="0" time="0.000000">
      <testsuite name="JDatabaseMySQLTest::testEscape" tests="0" assertions="0" failures="0" errors="0" time="0.000000"/>
    </testsuite>
    <testsuite name="JDatabaseExporterMySqlTest" file=".../tests/suite/joomla/database/database/JDatabaseExporterMySqlTest.php" fullPackage="Joomla.UnitTest.Database" package="Joomla.UnitTest" subpackage="Database" tests="13" assertions="27" failures="0" errors="0" time="0.318527">
      <testcase name="test__toString" class="JDatabaseExporterMySqlTest" file=".../tests/suite/joomla/database/database/JDatabaseExporterMySqlTest.php" line="198" assertions="2" time="0.048064"/>
      <testcase name="testAsXml" class="JDatabaseExporterMySqlTest" file=".../tests/suite/joomla/database/database/JDatabaseExporterMySqlTest.php" line="234" assertions="3" time="0.020155"/>
      <testcase name="testBuildXml" class="JDatabaseExporterMySqlTest" file=".../tests/suite/joomla/database/database/JDatabaseExporterMySqlTest.php" line="259" assertions="2" time="0.034664"/>
      <testcase name="testBuildXmlStructure" class="JDatabaseExporterMySqlTest" file=".../tests/suite/joomla/database/database/JDatabaseExporterMySqlTest.php" line="294" assertions="2" time="0.034512"/>
      <testcase name="testCheckWithNoDbo" class="JDatabaseExporterMySqlTest" file=".../tests/suite/joomla/database/database/JDatabaseExporterMySqlTest.php" line="326" assertions="1" time="0.018811"/>
      <testcase name="testCheckWithNoTables" class="JDatabaseExporterMySqlTest" file=".../tests/suite/joomla/database/database/JDatabaseExporterMySqlTest.php" line="351" assertions="1" time="0.018905"/>
      <testcase name="testCheckWithGoodInput" class="JDatabaseExporterMySqlTest" file=".../tests/suite/joomla/database/database/JDatabaseExporterMySqlTest.php" line="377" assertions="2" time="0.019435"/>
      <testcase name="testFromWithBadInput" class="JDatabaseExporterMySqlTest" file=".../tests/suite/joomla/database/database/JDatabaseExporterMySqlTest.php" line="407" assertions="1" time="0.018694"/>
      <testcase name="testFromWithGoodInput" class="JDatabaseExporterMySqlTest" file=".../tests/suite/joomla/database/database/JDatabaseExporterMySqlTest.php" line="432" assertions="3" time="0.019899"/>
      <testcase name="testGetGenericTableName" class="JDatabaseExporterMySqlTest" file=".../tests/suite/joomla/database/database/JDatabaseExporterMySqlTest.php" line="466" assertions="2" time="0.024291"/>
      <testcase name="testSetDboWithBadInput" class="JDatabaseExporterMySqlTest" file=".../tests/suite/joomla/database/database/JDatabaseExporterMySqlTest.php" line="484" assertions="1" time="0.019115"/>
      <testcase name="testSetDboWithGoodInput" class="JDatabaseExporterMySqlTest" file=".../tests/suite/joomla/database/database/JDatabaseExporterMySqlTest.php" line="509" assertions="2" time="0.019171"/>
      <testcase name="testWithStructure" class="JDatabaseExporterMySqlTest" file=".../tests/suite/joomla/database/database/JDatabaseExporterMySqlTest.php" line="539" assertions="5" time="0.022811"/>
    </testsuite>
    <testsuite name="JDatabaseImporterMySqlTest" file=".../tests/suite/joomla/database/database/JDatabaseImporterMySqlTest.php" fullPackage="Joomla.UnitTest.Database" package="Joomla.UnitTest" subpackage="Database" tests="25" assertions="53" failures="0" errors="0" time="0.795370">
      <testcase name="testAsXml" class="JDatabaseImporterMySqlTest" file=".../tests/suite/joomla/database/database/JDatabaseImporterMySqlTest.php" line="342" assertions="3" time="0.034918"/>
      <testcase name="testCheckWithNoDbo" class="JDatabaseImporterMySqlTest" file=".../tests/suite/joomla/database/database/JDatabaseImporterMySqlTest.php" line="367" assertions="1" time="0.020449"/>
      <testcase name="testCheckWithNoFrom" class="JDatabaseImporterMySqlTest" file=".../tests/suite/joomla/database/database/JDatabaseImporterMySqlTest.php" line="392" assertions="1" time="0.020615"/>
      <testcase name="testCheckWithGoodInput" class="JDatabaseImporterMySqlTest" file=".../tests/suite/joomla/database/database/JDatabaseImporterMySqlTest.php" line="418" assertions="2" time="0.021021"/>
      <testcase name="testFromWithGoodInput" class="JDatabaseImporterMySqlTest" file=".../tests/suite/joomla/database/database/JDatabaseImporterMySqlTest.php" line="448" assertions="3" time="0.021566"/>
      <testcase name="testGetAddColumnSQL" class="JDatabaseImporterMySqlTest" file=".../tests/suite/joomla/database/database/JDatabaseImporterMySqlTest.php" line="484" assertions="2" time="0.037761"/>
      <testcase name="testGetAddKeySQL" class="JDatabaseImporterMySqlTest" file=".../tests/suite/joomla/database/database/JDatabaseImporterMySqlTest.php" line="509" assertions="2" time="0.032342"/>
      <testsuite name="JDatabaseImporterMySqlTest::testGetAlterTableSQL" tests="5" assertions="10" failures="0" errors="0" time="0.240921">
        <testcase name="testGetAlterTableSQL with data set #0" assertions="2" time="0.038194"/>
        <testcase name="testGetAlterTableSQL with data set #1" assertions="2" time="0.054980"/>
        <testcase name="testGetAlterTableSQL with data set #2" assertions="2" time="0.055022"/>
        <testcase name="testGetAlterTableSQL with data set #3" assertions="2" time="0.049086"/>
        <testcase name="testGetAlterTableSQL with data set #4" assertions="2" time="0.043639"/>
      </testsuite>
      <testcase name="testGetChangeColumnSQL" class="JDatabaseImporterMySqlTest" file=".../tests/suite/joomla/database/database/JDatabaseImporterMySqlTest.php" line="558" assertions="2" time="0.043233"/>
      <testsuite name="JDatabaseImporterMySqlTest::testGetColumnSQL" tests="3" assertions="6" failures="0" errors="0" time="0.090993">
        <testcase name="testGetColumnSQL with data set #0" assertions="2" time="0.032176"/>
        <testcase name="testGetColumnSQL with data set #1" assertions="2" time="0.032084"/>
        <testcase name="testGetColumnSQL with data set #2" assertions="2" time="0.026733"/>
      </testsuite>
      <testcase name="testGetDropColumnSQL" class="JDatabaseImporterMySqlTest" file=".../tests/suite/joomla/database/database/JDatabaseImporterMySqlTest.php" line="605" assertions="2" time="0.031914"/>
      <testcase name="testGetDropKeySQL" class="JDatabaseImporterMySqlTest" file=".../tests/suite/joomla/database/database/JDatabaseImporterMySqlTest.php" line="628" assertions="2" time="0.031938"/>
      <testcase name="testGetDropPrimaryKeySQL" class="JDatabaseImporterMySqlTest" file=".../tests/suite/joomla/database/database/JDatabaseImporterMySqlTest.php" line="651" assertions="2" time="0.026535"/>
      <testcase name="testGetKeyLookup" class="JDatabaseImporterMySqlTest" file=".../tests/suite/joomla/database/database/JDatabaseImporterMySqlTest.php" line="673" assertions="3" time="0.022318"/>
      <testsuite name="JDatabaseImporterMySqlTest::testGetKeySQL" tests="1" assertions="2" failures="0" errors="0" time="0.026733">
        <testcase name="testGetKeySQL with data set #0" assertions="2" time="0.026733"/>
      </testsuite>
      <testcase name="testGetRealTableName" class="JDatabaseImporterMySqlTest" file=".../tests/suite/joomla/database/database/JDatabaseImporterMySqlTest.php" line="742" assertions="2" time="0.026512"/>
      <testcase name="testSetDboWithBadInput" class="JDatabaseImporterMySqlTest" file=".../tests/suite/joomla/database/database/JDatabaseImporterMySqlTest.php" line="760" assertions="1" time="0.021151"/>
      <testcase name="testSetDboWithGoodInput" class="JDatabaseImporterMySqlTest" file=".../tests/suite/joomla/database/database/JDatabaseImporterMySqlTest.php" line="785" assertions="2" time="0.020818"/>
      <testcase name="testWithStructure" class="JDatabaseImporterMySqlTest" file=".../tests/suite/joomla/database/database/JDatabaseImporterMySqlTest.php" line="815" assertions="5" time="0.023632"/>
    </testsuite>
    <testsuite name="JDatabaseExporterMySQLiTest" file=".../tests/suite/joomla/database/database/JDatabaseExporterMySqliTest.php" fullPackage="Joomla.UnitTest.Database" package="Joomla.UnitTest" subpackage="Database" tests="5" assertions="7" failures="0" errors="0" time="0.043522">
      <testcase name="testCheckWithNoDbo" class="JDatabaseExporterMySQLiTest" file=".../tests/suite/joomla/database/database/JDatabaseExporterMySqliTest.php" line="49" assertions="1" time="0.008505"/>
      <testcase name="testCheckWithNoTables" class="JDatabaseExporterMySQLiTest" file=".../tests/suite/joomla/database/database/JDatabaseExporterMySqliTest.php" line="74" assertions="1" time="0.008470"/>
      <testcase name="testCheckWithGoodInput" class="JDatabaseExporterMySQLiTest" file=".../tests/suite/joomla/database/database/JDatabaseExporterMySqliTest.php" line="100" assertions="2" time="0.008947"/>
      <testcase name="testSetDboWithBadInput" class="JDatabaseExporterMySQLiTest" file=".../tests/suite/joomla/database/database/JDatabaseExporterMySqliTest.php" line="130" assertions="1" time="0.008826"/>
      <testcase name="testSetDboWithGoodInput" class="JDatabaseExporterMySQLiTest" file=".../tests/suite/joomla/database/database/JDatabaseExporterMySqliTest.php" line="155" assertions="2" time="0.008774"/>
    </testsuite>
    <testsuite name="JFactoryTest" file=".../tests/suite/joomla/JFactoryTest.php" fullPackage="Joomla.UnitTest.Utilities" package="Joomla.UnitTest" subpackage="Utilities" tests="2" assertions="6" failures="0" errors="0" time="2.063058">
      <testcase name="testGetConfig" class="JFactoryTest" file=".../tests/suite/joomla/JFactoryTest.php" line="58" assertions="1" time="0.014259"/>
      <testcase name="testGetDate" class="JFactoryTest" file=".../tests/suite/joomla/JFactoryTest.php" line="79" assertions="5" time="2.048799"/>
    </testsuite>
    <testsuite name="JDispatcherTest" file=".../tests/suite/joomla/event/JDispatcherTest.php" fullPackage="Joomla.UnitTest.Event" package="Joomla.UnitTest" subpackage="Event" tests="6" assertions="43" failures="0" errors="0" time="0.092731">
      <testcase name="testGetInstance" class="JDispatcherTest" file=".../tests/suite/joomla/event/JDispatcherTest.php" line="54" assertions="3" time="0.009880"/>
      <testcase name="testGetState" class="JDispatcherTest" file=".../tests/suite/joomla/event/JDispatcherTest.php" line="92" assertions="2" time="0.008617"/>
      <testcase name="testRegister" class="JDispatcherTest" file=".../tests/suite/joomla/event/JDispatcherTest.php" line="112" assertions="9" time="0.023420"/>
      <testcase name="testTrigger" class="JDispatcherTest" file=".../tests/suite/joomla/event/JDispatcherTest.php" line="206" assertions="4" time="0.012281"/>
      <testcase name="testAttach" class="JDispatcherTest" file=".../tests/suite/joomla/event/JDispatcherTest.php" line="253" assertions="14" time="0.020958"/>
      <testcase name="testDetach" class="JDispatcherTest" file=".../tests/suite/joomla/event/JDispatcherTest.php" line="391" assertions="11" time="0.017575"/>
    </testsuite>
    <testsuite name="JEventTest" file=".../tests/suite/joomla/event/JEventTest.php" fullPackage="Joomla.UnitTest.Event" package="Joomla.UnitTest" subpackage="Event" tests="2" assertions="6" failures="0" errors="0" time="0.019471">
      <testcase name="test__construct" class="JEventTest" file=".../tests/suite/joomla/event/JEventTest.php" line="27" assertions="1" time="0.007762"/>
      <testcase name="testUpdate" class="JEventTest" file=".../tests/suite/joomla/event/JEventTest.php" line="43" assertions="5" time="0.011709"/>
    </testsuite>
    <testsuite name="JLoaderTest" file=".../tests/suite/JLoaderTest.php" fullPackage="Joomla.UnitTest" package="Joomla.UnitTest" tests="11" assertions="24" failures="0" errors="0" time="0.096512">
      <testcase name="testDiscover" class="JLoaderTest" file=".../tests/suite/JLoaderTest.php" line="144" assertions="10" time="0.016862"/>
      <testcase name="testGetClassList" class="JLoaderTest" file=".../tests/suite/JLoaderTest.php" line="230" assertions="1" time="0.008144"/>
      <testcase name="testLoad" class="JLoaderTest" file=".../tests/suite/JLoaderTest.php" line="246" assertions="4" time="0.010843"/>
      <testsuite name="JLoaderTest::testImport" tests="5" assertions="5" failures="0" errors="0" time="0.037708">
        <testcase name="testImport with data set &quot;factory&quot;" assertions="1" time="0.007366"/>
        <testcase name="testImport with data set &quot;jfactory&quot;" assertions="1" time="0.007479"/>
        <testcase name="testImport with data set &quot;fred.factory&quot;" assertions="1" time="0.007529"/>
        <testcase name="testImport with data set &quot;bogus&quot;" assertions="1" time="0.007841"/>
        <testcase name="testImport with data set &quot;helper&quot;" assertions="1" time="0.007493"/>
      </testsuite>
      <testsuite name="JLoaderTest::testJimport" tests="2" assertions="2" failures="0" errors="0" time="0.014832">
        <testcase name="testJimport with data set &quot;fred.factory&quot;" assertions="1" time="0.007382"/>
        <testcase name="testJimport with data set &quot;helper&quot;" assertions="1" time="0.007450"/>
      </testsuite>
      <testcase name="testRegister" class="JLoaderTest" file=".../tests/suite/JLoaderTest.php" line="338" assertions="2" time="0.008123"/>
    </testsuite>
  </testsuite>
</testsuites>
