<?xml version="1.0" encoding="UTF-8"?>
<testsuites>
  <testsuite name="AllTests" tests="1991" assertions="11150" failures="0" errors="1" time="145.045062">
    <testsuite name="JLoaderTest" file=".../tests/suite/JLoaderTest.php" fullPackage="Joomla.UnitTest" package="Joomla.UnitTest" tests="12" assertions="26" failures="0" errors="0" time="0.277566">
      <testcase name="testDiscover" class="JLoaderTest" file=".../tests/suite/JLoaderTest.php" line="144" assertions="10" time="0.181107"/>
      <testcase name="testGetClassList" class="JLoaderTest" file=".../tests/suite/JLoaderTest.php" line="230" assertions="1" time="0.008297"/>
      <testcase name="testLoad" class="JLoaderTest" file=".../tests/suite/JLoaderTest.php" line="246" assertions="4" time="0.013599"/>
      <testsuite name="JLoaderTest::testImport" tests="5" assertions="5" failures="0" errors="0" time="0.041924">
        <testcase name="testImport with data set &quot;factory&quot;" assertions="1" time="0.008216"/>
        <testcase name="testImport with data set &quot;jfactory&quot;" assertions="1" time="0.008225"/>
        <testcase name="testImport with data set &quot;fred.factory&quot;" assertions="1" time="0.008271"/>
        <testcase name="testImport with data set &quot;bogus&quot;" assertions="1" time="0.008908"/>
        <testcase name="testImport with data set &quot;helper&quot;" assertions="1" time="0.008304"/>
      </testsuite>
      <testsuite name="JLoaderTest::testJimport" tests="2" assertions="2" failures="0" errors="0" time="0.016488">
        <testcase name="testJimport with data set &quot;fred.factory&quot;" assertions="1" time="0.008118"/>
        <testcase name="testJimport with data set &quot;helper&quot;" assertions="1" time="0.008370"/>
      </testsuite>
      <testcase name="testRegister" class="JLoaderTest" file=".../tests/suite/JLoaderTest.php" line="338" assertions="2" time="0.008353"/>
      <testcase name="testSetup" class="JLoaderTest" file=".../tests/suite/JLoaderTest.php" line="364" assertions="2" time="0.007798"/>
    </testsuite>
    <testsuite name="JFormFieldHelpsiteTest" file=".../tests/suite/cms/form/field/JFormFieldHelpsiteTest.php" fullPackage="Joomla.UnitTest.Form" package="Joomla.UnitTest" subpackage="Form" tests="0" assertions="0" failures="0" errors="0" time="0.000000"/>
    <testsuite name="JFormFieldMediaTest" file=".../tests/suite/cms/form/field/JFormFieldMediaTest.php" fullPackage="Joomla.UnitTest.Form" package="Joomla.UnitTest" subpackage="Form" tests="0" assertions="0" failures="0" errors="0" time="0.000000"/>
    <testsuite name="JFactoryTest" file=".../tests/suite/joomla/JFactoryTest.php" fullPackage="Joomla.UnitTest.Utilities" package="Joomla.UnitTest" subpackage="Utilities" tests="2" assertions="6" failures="0" errors="0" time="2.145273">
      <testcase name="testGetConfig" class="JFactoryTest" file=".../tests/suite/joomla/JFactoryTest.php" line="58" assertions="1" time="0.015154"/>
      <testcase name="testGetDate" class="JFactoryTest" file=".../tests/suite/joomla/JFactoryTest.php" line="79" assertions="5" time="2.130119"/>
    </testsuite>
    <testsuite name="JPlatformTest" file=".../tests/suite/joomla/JPlatformTest.php" fullPackage="Joomla.UnitTest.Utilities" package="Joomla.UnitTest" subpackage="Utilities" tests="7" assertions="6" failures="0" errors="0" time="0.057840">
      <testsuite name="JPlatformTest::testIsCompatible" tests="6" assertions="6" failures="0" errors="0" time="0.051289">
        <testcase name="testIsCompatible with data set &quot;wrong&quot;" assertions="1" time="0.008665"/>
        <testcase name="testIsCompatible with data set &quot;empty&quot;" assertions="1" time="0.008582"/>
        <testcase name="testIsCompatible with data set &quot;null&quot;" assertions="1" time="0.008450"/>
        <testcase name="testIsCompatible with data set &quot;itself&quot;" assertions="1" time="0.008574"/>
        <testcase name="testIsCompatible with data set &quot;version 1.5.22&quot;" assertions="1" time="0.008555"/>
        <testcase name="testIsCompatible with data set &quot;version 1.7.0&quot;" assertions="1" time="0.008463"/>
      </testsuite>
      <testcase name="testSetState" class="JPlatformTest" file=".../tests/suite/joomla/JPlatformTest.php" line="135" assertions="0" time="0.006551"/>
    </testsuite>
    <testsuite name="JAccessTest" file=".../tests/suite/joomla/access/JAccessTest.php" fullPackage="Joomla.UnitTest.Access" package="Joomla.UnitTest" subpackage="Access" tests="27" assertions="36" failures="0" errors="0" time="27.106868">
      <testcase name="testGetAuthorisedViewLevels" class="JAccessTest" file=".../tests/suite/joomla/access/JAccessTest.php" line="59" assertions="3" time="1.028937"/>
      <testsuite name="JAccessTest::testCheck" tests="11" assertions="11" failures="0" errors="0" time="10.970669">
        <testcase name="testCheck with data set &quot;valid_superuser_site_login&quot;" assertions="1" time="0.981987"/>
        <testcase name="testCheck with data set &quot;valid_editor_site_login&quot;" assertions="1" time="0.994188"/>
        <testcase name="testCheck with data set &quot;valid_manager_admin_login&quot;" assertions="1" time="1.017931"/>
        <testcase name="testCheck with data set &quot;valid_manager_login&quot;" assertions="1" time="1.046501"/>
        <testcase name="testCheck with data set &quot;super_user_admin&quot;" assertions="1" time="0.980741"/>
        <testcase name="testCheck with data set &quot;publisher_create_banner&quot;" assertions="1" time="0.969333"/>
        <testcase name="testCheck with data set &quot;publisher_delete_banner&quot;" assertions="1" time="1.010026"/>
        <testcase name="testCheck with data set &quot;invalid_user_group_login&quot;" assertions="1" time="0.997292"/>
        <testcase name="testCheck with data set &quot;invalid_action&quot;" assertions="1" time="0.984380"/>
        <testcase name="testCheck with data set &quot;invalid_asset_id&quot;" assertions="1" time="1.002404"/>
        <testcase name="testCheck with data set &quot;publisher_login_admin&quot;" assertions="1" time="0.985886"/>
      </testsuite>
      <testsuite name="JAccessTest::testCheckGroup" tests="12" assertions="12" failures="0" errors="0" time="12.000303">
        <testcase name="testCheckGroup with data set &quot;valid_superuser_site_login&quot;" assertions="1" time="1.008170"/>
        <testcase name="testCheckGroup with data set &quot;valid_editor_site_login&quot;" assertions="1" time="1.020907"/>
        <testcase name="testCheckGroup with data set &quot;valid_manager_admin_login&quot;" assertions="1" time="0.990515"/>
        <testcase name="testCheckGroup with data set &quot;valid_manager_login&quot;" assertions="1" time="0.968083"/>
        <testcase name="testCheckGroup with data set &quot;super_user_admin&quot;" assertions="1" time="1.022714"/>
        <testcase name="testCheckGroup with data set &quot;null_asset&quot;" assertions="1" time="0.995273"/>
        <testcase name="testCheckGroup with data set &quot;publisher_create_banner&quot;" assertions="1" time="1.003627"/>
        <testcase name="testCheckGroup with data set &quot;publisher_delete_banner&quot;" assertions="1" time="1.037547"/>
        <testcase name="testCheckGroup with data set &quot;invalid_user_group_login&quot;" assertions="1" time="0.964385"/>
        <testcase name="testCheckGroup with data set &quot;invalid_action&quot;" assertions="1" time="0.994915"/>
        <testcase name="testCheckGroup with data set &quot;invalid_asset_id&quot;" assertions="1" time="0.989972"/>
        <testcase name="testCheckGroup with data set &quot;publisher_login_admin&quot;" assertions="1" time="1.004195"/>
      </testsuite>
      <testcase name="testGetAssetRules" class="JAccessTest" file=".../tests/suite/joomla/access/JAccessTest.php" line="291" assertions="4" time="1.076795"/>
      <testcase name="testGetUsersByGroup" class="JAccessTest" file=".../tests/suite/joomla/access/JAccessTest.php" line="338" assertions="3" time="1.023326"/>
      <testcase name="testGetGroupsByUser" class="JAccessTest" file=".../tests/suite/joomla/access/JAccessTest.php" line="372" assertions="3" time="1.006838"/>
    </testsuite>
    <testsuite name="JRuleTest" file=".../tests/suite/joomla/access/JRuleTest.php" fullPackage="Joomla.Platform" package="Joomla.Platform" tests="4" assertions="13" failures="0" errors="0" time="0.054889">
      <testcase name="test__construct" class="JRuleTest" file=".../tests/suite/joomla/access/JRuleTest.php" line="24" assertions="2" time="0.013937"/>
      <testcase name="testMergeIdentity" class="JRuleTest" file=".../tests/suite/joomla/access/JRuleTest.php" line="72" assertions="3" time="0.013774"/>
      <testcase name="testMergeIdentities" class="JRuleTest" file=".../tests/suite/joomla/access/JRuleTest.php" line="106" assertions="4" time="0.016115"/>
      <testcase name="testAllow" class="JRuleTest" file=".../tests/suite/joomla/access/JRuleTest.php" line="168" assertions="4" time="0.011063"/>
    </testsuite>
    <testsuite name="JRulesTest" file=".../tests/suite/joomla/access/JRulesTest.php" fullPackage="Joomla.Platform" package="Joomla.Platform" tests="5" assertions="16" failures="0" errors="0" time="0.077849">
      <testcase name="test__construct" class="JRulesTest" file=".../tests/suite/joomla/access/JRulesTest.php" line="28" assertions="3" time="0.014569"/>
      <testcase name="testMergeRule" class="JRulesTest" file=".../tests/suite/joomla/access/JRulesTest.php" line="72" assertions="2" time="0.011947"/>
      <testcase name="testMerge" class="JRulesTest" file=".../tests/suite/joomla/access/JRulesTest.php" line="130" assertions="4" time="0.021127"/>
      <testcase name="testAllow" class="JRulesTest" file=".../tests/suite/joomla/access/JRulesTest.php" line="203" assertions="6" time="0.013248"/>
      <testcase name="testGetAllowed" class="JRulesTest" file=".../tests/suite/joomla/access/JRulesTest.php" line="255" assertions="1" time="0.016958"/>
    </testsuite>
    <testsuite name="JApplicationCliTest" file=".../tests/suite/joomla/application/JApplicationCliTest.php" fullPackage="Joomla.UnitTest.Application" package="Joomla.UnitTest" subpackage="Application" tests="13" assertions="37" failures="0" errors="0" time="0.405192">
      <testcase name="test__construct" class="JApplicationCliTest" file=".../tests/suite/joomla/application/JApplicationCliTest.php" line="69" assertions="5" time="0.021561"/>
      <testcase name="test__constructDependancyInjection" class="JApplicationCliTest" file=".../tests/suite/joomla/application/JApplicationCliTest.php" line="111" assertions="6" time="0.061151"/>
      <testcase name="testClose" class="JApplicationCliTest" file=".../tests/suite/joomla/application/JApplicationCliTest.php" line="165" assertions="2" time="0.017667"/>
      <testcase name="testExecute" class="JApplicationCliTest" file=".../tests/suite/joomla/application/JApplicationCliTest.php" line="191" assertions="2" time="0.073624"/>
      <testsuite name="JApplicationCliTest::testFetchConfigurationData" tests="2" assertions="3" failures="0" errors="0" time="0.038407">
        <testcase name="testFetchConfigurationData with data set &quot;Default configuration class&quot;" assertions="2" time="0.020550"/>
        <testcase name="testFetchConfigurationData with data set &quot;Custom file, invalid class&quot;" assertions="1" time="0.017857"/>
      </testsuite>
      <testcase name="testGet" class="JApplicationCliTest" file=".../tests/suite/joomla/application/JApplicationCliTest.php" line="294" assertions="2" time="0.020218"/>
      <testcase name="testGetInstance" class="JApplicationCliTest" file=".../tests/suite/joomla/application/JApplicationCliTest.php" line="320" assertions="3" time="0.025149"/>
      <testcase name="testLoadConfiguration" class="JApplicationCliTest" file=".../tests/suite/joomla/application/JApplicationCliTest.php" line="352" assertions="3" time="0.020512"/>
      <testcase name="testLoadDispatcher" class="JApplicationCliTest" file=".../tests/suite/joomla/application/JApplicationCliTest.php" line="390" assertions="3" time="0.032826"/>
      <testcase name="testRegisterEvent" class="JApplicationCliTest" file=".../tests/suite/joomla/application/JApplicationCliTest.php" line="417" assertions="3" time="0.032668"/>
      <testcase name="testSet" class="JApplicationCliTest" file=".../tests/suite/joomla/application/JApplicationCliTest.php" line="441" assertions="2" time="0.019661"/>
      <testcase name="testTriggerEvents" class="JApplicationCliTest" file=".../tests/suite/joomla/application/JApplicationCliTest.php" line="467" assertions="3" time="0.041748"/>
    </testsuite>
    <testsuite name="JApplicationDaemonTest" file=".../tests/suite/joomla/application/JApplicationDaemonTest.php" fullPackage="Joomla.UnitTest.Application" package="Joomla.UnitTest" subpackage="Application" tests="3" assertions="6" failures="0" errors="0" time="0.071276">
      <testcase name="testSetupSignalHandlers" class="JApplicationDaemonTest" file=".../tests/suite/joomla/application/JApplicationDaemonTest.php" line="184" assertions="2" time="0.023485"/>
      <testcase name="testSetupSignalHandlersFailure" class="JApplicationDaemonTest" file=".../tests/suite/joomla/application/JApplicationDaemonTest.php" line="208" assertions="2" time="0.023455"/>
      <testcase name="testWriteProcessIdFile" class="JApplicationDaemonTest" file=".../tests/suite/joomla/application/JApplicationDaemonTest.php" line="269" assertions="2" time="0.024336"/>
    </testsuite>
    <testsuite name="JApplicationHelperTest" file=".../tests/suite/joomla/application/JApplicationHelperTest.php" tests="0" assertions="0" failures="0" errors="0" time="0.000000"/>
    <testsuite name="JApplicationTest" file=".../tests/suite/joomla/application/JApplicationTest.php" tests="2" assertions="2" failures="0" errors="0" time="0.018646">
      <testcase name="testConstructJInput" class="JApplicationTest" file=".../tests/suite/joomla/application/JApplicationTest.php" line="40" assertions="1" time="0.009465"/>
      <testcase name="testGetHash" class="JApplicationTest" file=".../tests/suite/joomla/application/JApplicationTest.php" line="246" assertions="1" time="0.009181"/>
    </testsuite>
    <testsuite name="JApplicationWebTest" file=".../tests/suite/joomla/application/JApplicationWebTest.php" fullPackage="Joomla.UnitTest.Application" package="Joomla.UnitTest" subpackage="Application" tests="48" assertions="216" failures="0" errors="0" time="2.337006">
      <testcase name="test__construct" class="JApplicationWebTest" file=".../tests/suite/joomla/application/JApplicationWebTest.php" line="135" assertions="8" time="0.043520"/>
      <testcase name="test__constructDependancyInjection" class="JApplicationWebTest" file=".../tests/suite/joomla/application/JApplicationWebTest.php" line="183" assertions="8" time="0.066096"/>
      <testcase name="testAllowCache" class="JApplicationWebTest" file=".../tests/suite/joomla/application/JApplicationWebTest.php" line="237" assertions="5" time="0.033394"/>
      <testcase name="testAppendBody" class="JApplicationWebTest" file=".../tests/suite/joomla/application/JApplicationWebTest.php" line="265" assertions="4" time="0.048088"/>
      <testcase name="testClearHeaders" class="JApplicationWebTest" file=".../tests/suite/joomla/application/JApplicationWebTest.php" line="298" assertions="3" time="0.033685"/>
      <testcase name="testClose" class="JApplicationWebTest" file=".../tests/suite/joomla/application/JApplicationWebTest.php" line="326" assertions="4" time="0.033048"/>
      <testcase name="testCompressWithGzipEncoding" class="JApplicationWebTest" file=".../tests/suite/joomla/application/JApplicationWebTest.php" line="352" assertions="4" time="0.049920"/>
      <testcase name="testCompressWithDeflateEncoding" class="JApplicationWebTest" file=".../tests/suite/joomla/application/JApplicationWebTest.php" line="404" assertions="4" time="0.048105"/>
      <testcase name="testCompressWithNoAcceptEncodings" class="JApplicationWebTest" file=".../tests/suite/joomla/application/JApplicationWebTest.php" line="456" assertions="4" time="0.036305"/>
      <testcase name="testCompressWithHeadersSent" class="JApplicationWebTest" file=".../tests/suite/joomla/application/JApplicationWebTest.php" line="505" assertions="4" time="0.037225"/>
      <testcase name="testCompressWithUnsupportedEncodings" class="JApplicationWebTest" file=".../tests/suite/joomla/application/JApplicationWebTest.php" line="559" assertions="4" time="0.036011"/>
      <testsuite name="JApplicationWebTest::testDetectRequestUri" tests="4" assertions="12" failures="0" errors="0" time="0.136231">
        <testcase name="testDetectRequestUri with data set #0" assertions="3" time="0.033965"/>
        <testcase name="testDetectRequestUri with data set #1" assertions="3" time="0.034585"/>
        <testcase name="testDetectRequestUri with data set #2" assertions="3" time="0.033979"/>
        <testcase name="testDetectRequestUri with data set #3" assertions="3" time="0.033702"/>
      </testsuite>
      <testcase name="testExecuteWithoutDocument" class="JApplicationWebTest" file=".../tests/suite/joomla/application/JApplicationWebTest.php" line="635" assertions="4" time="0.126986"/>
      <testcase name="testExecuteWithDocument" class="JApplicationWebTest" file=".../tests/suite/joomla/application/JApplicationWebTest.php" line="671" assertions="7" time="0.184582"/>
      <testsuite name="JApplicationWebTest::testFetchConfigurationData" tests="2" assertions="7" failures="0" errors="0" time="0.071275">
        <testcase name="testFetchConfigurationData with data set &quot;Default configuration class&quot;" assertions="4" time="0.036787"/>
        <testcase name="testFetchConfigurationData with data set &quot;Custom file, invalid class&quot;" assertions="3" time="0.034488"/>
      </testsuite>
      <testcase name="testGet" class="JApplicationWebTest" file=".../tests/suite/joomla/application/JApplicationWebTest.php" line="804" assertions="4" time="0.036684"/>
      <testcase name="testGetBody" class="JApplicationWebTest" file=".../tests/suite/joomla/application/JApplicationWebTest.php" line="830" assertions="5" time="0.042343"/>
      <testcase name="testGetHeaders" class="JApplicationWebTest" file=".../tests/suite/joomla/application/JApplicationWebTest.php" line="868" assertions="3" time="0.035827"/>
      <testcase name="testGetInstance" class="JApplicationWebTest" file=".../tests/suite/joomla/application/JApplicationWebTest.php" line="894" assertions="5" time="0.050682"/>
      <testcase name="testInitialiseWithDefaults" class="JApplicationWebTest" file=".../tests/suite/joomla/application/JApplicationWebTest.php" line="926" assertions="5" time="0.034832"/>
      <testcase name="testInitialiseWithFalse" class="JApplicationWebTest" file=".../tests/suite/joomla/application/JApplicationWebTest.php" line="958" assertions="5" time="0.039488"/>
      <testcase name="testInitialiseWithInjection" class="JApplicationWebTest" file=".../tests/suite/joomla/application/JApplicationWebTest.php" line="988" assertions="10" time="0.073105"/>
      <testcase name="testLoadConfiguration" class="JApplicationWebTest" file=".../tests/suite/joomla/application/JApplicationWebTest.php" line="1056" assertions="5" time="0.037752"/>
      <testcase name="testLoadDocument" class="JApplicationWebTest" file=".../tests/suite/joomla/application/JApplicationWebTest.php" line="1106" assertions="5" time="0.047951"/>
      <testcase name="testLoadLanguage" class="JApplicationWebTest" file=".../tests/suite/joomla/application/JApplicationWebTest.php" line="1133" assertions="4" time="0.045838"/>
      <testcase name="testLoadSystemUrisWithSiteUriSet" class="JApplicationWebTest" file=".../tests/suite/joomla/application/JApplicationWebTest.php" line="1169" assertions="7" time="0.048300"/>
      <testcase name="testLoadSystemUrisWithoutSiteUriSet" class="JApplicationWebTest" file=".../tests/suite/joomla/application/JApplicationWebTest.php" line="1215" assertions="7" time="0.049123"/>
      <testcase name="testLoadSystemUrisWithoutSiteUriWithMediaUriSet" class="JApplicationWebTest" file=".../tests/suite/joomla/application/JApplicationWebTest.php" line="1257" assertions="7" time="0.047247"/>
      <testcase name="testLoadSystemUrisWithoutSiteUriWithRelativeMediaUriSet" class="JApplicationWebTest" file=".../tests/suite/joomla/application/JApplicationWebTest.php" line="1304" assertions="7" time="0.047765"/>
      <testcase name="testPrependBody" class="JApplicationWebTest" file=".../tests/suite/joomla/application/JApplicationWebTest.php" line="1351" assertions="4" time="0.048847"/>
      <testcase name="testRedirect" class="JApplicationWebTest" file=".../tests/suite/joomla/application/JApplicationWebTest.php" line="1384" assertions="3" time="0.061940"/>
      <testcase name="testRedirectWithHeadersSent" class="JApplicationWebTest" file=".../tests/suite/joomla/application/JApplicationWebTest.php" line="1424" assertions="3" time="0.036791"/>
      <testcase name="testRedirectWithJavascriptRedirect" class="JApplicationWebTest" file=".../tests/suite/joomla/application/JApplicationWebTest.php" line="1457" assertions="3" time="0.035417"/>
      <testcase name="testRedirectWithMoved" class="JApplicationWebTest" file=".../tests/suite/joomla/application/JApplicationWebTest.php" line="1493" assertions="3" time="0.061138"/>
      <testsuite name="JApplicationWebTest::testRedirectWithUrl" tests="2" assertions="6" failures="0" errors="0" time="0.075256">
        <testcase name="testRedirectWithUrl with data set #0" assertions="3" time="0.037908"/>
        <testcase name="testRedirectWithUrl with data set #1" assertions="3" time="0.037348"/>
      </testsuite>
      <testcase name="testRedirectWithWebkitBug" class="JApplicationWebTest" file=".../tests/suite/joomla/application/JApplicationWebTest.php" line="1559" assertions="3" time="0.035496"/>
      <testcase name="testRegisterEvent" class="JApplicationWebTest" file=".../tests/suite/joomla/application/JApplicationWebTest.php" line="1595" assertions="5" time="0.048660"/>
      <testcase name="testRender" class="JApplicationWebTest" file=".../tests/suite/joomla/application/JApplicationWebTest.php" line="1619" assertions="4" time="0.059411"/>
      <testcase name="testSendHeaders" class="JApplicationWebTest" file=".../tests/suite/joomla/application/JApplicationWebTest.php" line="1657" assertions="4" time="0.054406"/>
      <testcase name="testSet" class="JApplicationWebTest" file=".../tests/suite/joomla/application/JApplicationWebTest.php" line="1689" assertions="4" time="0.039053"/>
      <testcase name="testSetBody" class="JApplicationWebTest" file=".../tests/suite/joomla/application/JApplicationWebTest.php" line="1715" assertions="4" time="0.042849"/>
      <testcase name="testSetHeader" class="JApplicationWebTest" file=".../tests/suite/joomla/application/JApplicationWebTest.php" line="1745" assertions="4" time="0.056252"/>
      <testcase name="testTriggerEvents" class="JApplicationWebTest" file=".../tests/suite/joomla/application/JApplicationWebTest.php" line="1790" assertions="5" time="0.060083"/>
    </testsuite>
    <testsuite name="JCategoriesTest" file=".../tests/suite/joomla/application/JCategoriesTest.php" tests="0" assertions="0" failures="0" errors="0" time="0.000000"/>
    <testsuite name="JCategoryNodeTest" file=".../tests/suite/joomla/application/JCategoryNodeTest.php" tests="0" assertions="0" failures="0" errors="0" time="0.000000"/>
    <testsuite name="JInputTest" file=".../tests/suite/joomla/application/JInputTest.php" tests="4" assertions="13" failures="0" errors="0" time="0.103526">
      <testcase name="testGet" class="JInputTest" file=".../tests/suite/joomla/application/JInputTest.php" line="36" assertions="3" time="0.016238"/>
      <testcase name="testGetArray" class="JInputTest" file=".../tests/suite/joomla/application/JInputTest.php" line="70" assertions="4" time="0.038294"/>
      <testcase name="testGetArrayNested" class="JInputTest" file=".../tests/suite/joomla/application/JInputTest.php" line="113" assertions="4" time="0.036806"/>
      <testcase name="testGetFromCookie" class="JInputTest" file=".../tests/suite/joomla/application/JInputTest.php" line="159" assertions="2" time="0.012188"/>
    </testsuite>
    <testsuite name="JMenuTest" file=".../tests/suite/joomla/application/JMenuTest.php" tests="0" assertions="0" failures="0" errors="0" time="0.000000"/>
    <testsuite name="JPathwayTest" file=".../tests/suite/joomla/application/JPathwayTest.php" tests="0" assertions="0" failures="0" errors="0" time="0.000000"/>
    <testsuite name="JRouterTest" file=".../tests/suite/joomla/application/JRouterTest.php" tests="8" assertions="12" failures="0" errors="0" time="0.113117">
      <testsuite name="JRouterTest::testSetVar" tests="4" assertions="4" failures="0" errors="0" time="0.037261">
        <testcase name="testSetVar with data set #0" assertions="1" time="0.009145"/>
        <testcase name="testSetVar with data set #1" assertions="1" time="0.009037"/>
        <testcase name="testSetVar with data set #2" assertions="1" time="0.009636"/>
        <testcase name="testSetVar with data set #3" assertions="1" time="0.009443"/>
      </testsuite>
      <testsuite name="JRouterTest::test_processParseRules" tests="4" assertions="8" failures="0" errors="0" time="0.075855">
        <testcase name="test_processParseRules with data set #0" assertions="2" time="0.018004"/>
        <testcase name="test_processParseRules with data set #1" assertions="2" time="0.017540"/>
        <testcase name="test_processParseRules with data set #2" assertions="2" time="0.020075"/>
        <testcase name="test_processParseRules with data set #3" assertions="2" time="0.020236"/>
      </testsuite>
    </testsuite>
    <testsuite name="JComponentHelperTest" file=".../tests/suite/joomla/application/component/JComponentHelperTest.php" tests="0" assertions="0" failures="0" errors="0" time="0.000000"/>
    <testsuite name="JControllerFormTest" file=".../tests/suite/joomla/application/component/JControllerFormTest.php" tests="1" assertions="6" failures="0" errors="0" time="0.029969">
      <testcase name="testConstructor" class="JControllerFormTest" file=".../tests/suite/joomla/application/component/JControllerFormTest.php" line="25" assertions="6" time="0.029969"/>
    </testsuite>
    <testsuite name="JControllerTest" file=".../tests/suite/joomla/application/component/JControllerTest.php" tests="10" assertions="51" failures="0" errors="0" time="0.230030">
      <testcase name="test__construct" class="JControllerTest" file=".../tests/suite/joomla/application/component/JControllerTest.php" line="46" assertions="1" time="0.024824"/>
      <testcase name="testAddModelPath" class="JControllerTest" file=".../tests/suite/joomla/application/component/JControllerTest.php" line="65" assertions="1" time="0.011313"/>
      <testcase name="testAddPath" class="JControllerTest" file=".../tests/suite/joomla/application/component/JControllerTest.php" line="91" assertions="3" time="0.015877"/>
      <testcase name="testAddViewPath" class="JControllerTest" file=".../tests/suite/joomla/application/component/JControllerTest.php" line="121" assertions="3" time="0.016420"/>
      <testcase name="testGetInstanceException" class="JControllerTest" file=".../tests/suite/joomla/application/component/JControllerTest.php" line="243" assertions="1" time="0.015431"/>
      <testcase name="testGetName" class="JControllerTest" file=".../tests/suite/joomla/application/component/JControllerTest.php" line="260" assertions="2" time="0.014035"/>
      <testcase name="testGetTask" class="JControllerTest" file=".../tests/suite/joomla/application/component/JControllerTest.php" line="282" assertions="2" time="0.014279"/>
      <testcase name="testGetTasks" class="JControllerTest" file=".../tests/suite/joomla/application/component/JControllerTest.php" line="300" assertions="1" time="0.021987"/>
      <testcase name="testSetMessage" class="JControllerTest" file=".../tests/suite/joomla/application/component/JControllerTest.php" line="354" assertions="4" time="0.020173"/>
      <testcase name="testSetRedirect" class="JControllerTest" file=".../tests/suite/joomla/application/component/JControllerTest.php" line="390" assertions="33" time="0.075691"/>
    </testsuite>
    <testsuite name="JModelAdminTest" file=".../tests/suite/joomla/application/component/JModelAdminTest.php" tests="0" assertions="0" failures="0" errors="0" time="0.000000"/>
    <testsuite name="JModelFormTest" file=".../tests/suite/joomla/application/component/JModelFormTest.php" tests="0" assertions="0" failures="0" errors="0" time="0.000000"/>
    <testsuite name="JModelItemTest" file=".../tests/suite/joomla/application/component/JModelItemTest.php" tests="0" assertions="0" failures="0" errors="0" time="0.000000"/>
    <testsuite name="JModelListTest" file=".../tests/suite/joomla/application/component/JModelListTest.php" tests="0" assertions="0" failures="0" errors="0" time="0.000000"/>
    <testsuite name="JModelTest" file=".../tests/suite/joomla/application/component/JModelTest.php" tests="0" assertions="0" failures="0" errors="0" time="0.000000"/>
    <testsuite name="JViewTest" file=".../tests/suite/joomla/application/component/JViewTest.php" tests="0" assertions="0" failures="0" errors="0" time="0.000000"/>
    <testsuite name="JInputCLITest" file=".../tests/suite/joomla/application/input/JInputCLITest.php" tests="4" assertions="15" failures="0" errors="0" time="0.053226">
      <testcase name="testGet" class="JInputCLITest" file=".../tests/suite/joomla/application/input/JInputCLITest.php" line="36" assertions="4" time="0.014481"/>
      <testcase name="testParseLongArguments" class="JInputCLITest" file=".../tests/suite/joomla/application/input/JInputCLITest.php" line="69" assertions="4" time="0.011328"/>
      <testcase name="testParseShortArguments" class="JInputCLITest" file=".../tests/suite/joomla/application/input/JInputCLITest.php" line="102" assertions="5" time="0.016882"/>
      <testcase name="testGetFromServer" class="JInputCLITest" file=".../tests/suite/joomla/application/input/JInputCLITest.php" line="141" assertions="2" time="0.010535"/>
    </testsuite>
    <testsuite name="JModuleHelperTest" file=".../tests/suite/joomla/application/module/JModuleHelperTest.php" tests="0" assertions="0" failures="0" errors="0" time="0.000000"/>
    <testsuite name="JWebClientTest" file=".../tests/suite/joomla/application/web/JWebClientTest.php" tests="104" assertions="164" failures="0" errors="0" time="1.178840">
      <testsuite name="JWebClientTest::testDetectBrowser" tests="30" assertions="60" failures="0" errors="0" time="0.343536">
        <testcase name="testDetectBrowser with data set #0" assertions="2" time="0.011425"/>
        <testcase name="testDetectBrowser with data set #1" assertions="2" time="0.011088"/>
        <testcase name="testDetectBrowser with data set #2" assertions="2" time="0.011239"/>
        <testcase name="testDetectBrowser with data set #3" assertions="2" time="0.011246"/>
        <testcase name="testDetectBrowser with data set #4" assertions="2" time="0.011436"/>
        <testcase name="testDetectBrowser with data set #5" assertions="2" time="0.011273"/>
        <testcase name="testDetectBrowser with data set #6" assertions="2" time="0.011609"/>
        <testcase name="testDetectBrowser with data set #7" assertions="2" time="0.011230"/>
        <testcase name="testDetectBrowser with data set #8" assertions="2" time="0.011759"/>
        <testcase name="testDetectBrowser with data set #9" assertions="2" time="0.011139"/>
        <testcase name="testDetectBrowser with data set #10" assertions="2" time="0.011195"/>
        <testcase name="testDetectBrowser with data set #11" assertions="2" time="0.011325"/>
        <testcase name="testDetectBrowser with data set #12" assertions="2" time="0.011623"/>
        <testcase name="testDetectBrowser with data set #13" assertions="2" time="0.011706"/>
        <testcase name="testDetectBrowser with data set #14" assertions="2" time="0.011522"/>
        <testcase name="testDetectBrowser with data set #15" assertions="2" time="0.011596"/>
        <testcase name="testDetectBrowser with data set #16" assertions="2" time="0.011838"/>
        <testcase name="testDetectBrowser with data set #17" assertions="2" time="0.011201"/>
        <testcase name="testDetectBrowser with data set #18" assertions="2" time="0.011559"/>
        <testcase name="testDetectBrowser with data set #19" assertions="2" time="0.011681"/>
        <testcase name="testDetectBrowser with data set #20" assertions="2" time="0.011427"/>
        <testcase name="testDetectBrowser with data set #21" assertions="2" time="0.011865"/>
        <testcase name="testDetectBrowser with data set #22" assertions="2" time="0.011289"/>
        <testcase name="testDetectBrowser with data set #23" assertions="2" time="0.011171"/>
        <testcase name="testDetectBrowser with data set #24" assertions="2" time="0.011898"/>
        <testcase name="testDetectBrowser with data set #25" assertions="2" time="0.011425"/>
        <testcase name="testDetectBrowser with data set #26" assertions="2" time="0.011182"/>
        <testcase name="testDetectBrowser with data set #27" assertions="2" time="0.011601"/>
        <testcase name="testDetectBrowser with data set #28" assertions="2" time="0.011615"/>
        <testcase name="testDetectBrowser with data set #29" assertions="2" time="0.011373"/>
      </testsuite>
      <testsuite name="JWebClientTest::testDetectEncoding" tests="7" assertions="7" failures="0" errors="0" time="0.101411">
        <testcase name="testDetectEncoding with data set #0" assertions="1" time="0.014321"/>
        <testcase name="testDetectEncoding with data set #1" assertions="1" time="0.013931"/>
        <testcase name="testDetectEncoding with data set #2" assertions="1" time="0.016285"/>
        <testcase name="testDetectEncoding with data set #3" assertions="1" time="0.014719"/>
        <testcase name="testDetectEncoding with data set #4" assertions="1" time="0.014005"/>
        <testcase name="testDetectEncoding with data set #5" assertions="1" time="0.014113"/>
        <testcase name="testDetectEncoding with data set #6" assertions="1" time="0.014037"/>
      </testsuite>
      <testsuite name="JWebClientTest::testDetectEngine" tests="30" assertions="30" failures="0" errors="0" time="0.285260">
        <testcase name="testDetectEngine with data set #0" assertions="1" time="0.009162"/>
        <testcase name="testDetectEngine with data set #1" assertions="1" time="0.009199"/>
        <testcase name="testDetectEngine with data set #2" assertions="1" time="0.009463"/>
        <testcase name="testDetectEngine with data set #3" assertions="1" time="0.009366"/>
        <testcase name="testDetectEngine with data set #4" assertions="1" time="0.009395"/>
        <testcase name="testDetectEngine with data set #5" assertions="1" time="0.009642"/>
        <testcase name="testDetectEngine with data set #6" assertions="1" time="0.009905"/>
        <testcase name="testDetectEngine with data set #7" assertions="1" time="0.009300"/>
        <testcase name="testDetectEngine with data set #8" assertions="1" time="0.009762"/>
        <testcase name="testDetectEngine with data set #9" assertions="1" time="0.009577"/>
        <testcase name="testDetectEngine with data set #10" assertions="1" time="0.009958"/>
        <testcase name="testDetectEngine with data set #11" assertions="1" time="0.009406"/>
        <testcase name="testDetectEngine with data set #12" assertions="1" time="0.009224"/>
        <testcase name="testDetectEngine with data set #13" assertions="1" time="0.009264"/>
        <testcase name="testDetectEngine with data set #14" assertions="1" time="0.009379"/>
        <testcase name="testDetectEngine with data set #15" assertions="1" time="0.009724"/>
        <testcase name="testDetectEngine with data set #16" assertions="1" time="0.009146"/>
        <testcase name="testDetectEngine with data set #17" assertions="1" time="0.010266"/>
        <testcase name="testDetectEngine with data set #18" assertions="1" time="0.009617"/>
        <testcase name="testDetectEngine with data set #19" assertions="1" time="0.009566"/>
        <testcase name="testDetectEngine with data set #20" assertions="1" time="0.009527"/>
        <testcase name="testDetectEngine with data set #21" assertions="1" time="0.009359"/>
        <testcase name="testDetectEngine with data set #22" assertions="1" time="0.009256"/>
        <testcase name="testDetectEngine with data set #23" assertions="1" time="0.009299"/>
        <testcase name="testDetectEngine with data set #24" assertions="1" time="0.009772"/>
        <testcase name="testDetectEngine with data set #25" assertions="1" time="0.009206"/>
        <testcase name="testDetectEngine with data set #26" assertions="1" time="0.009705"/>
        <testcase name="testDetectEngine with data set #27" assertions="1" time="0.009421"/>
        <testcase name="testDetectEngine with data set #28" assertions="1" time="0.009679"/>
        <testcase name="testDetectEngine with data set #29" assertions="1" time="0.009716"/>
      </testsuite>
      <testsuite name="JWebClientTest::testDetectLanguage" tests="7" assertions="7" failures="0" errors="0" time="0.101514">
        <testcase name="testDetectLanguage with data set #0" assertions="1" time="0.013834"/>
        <testcase name="testDetectLanguage with data set #1" assertions="1" time="0.014028"/>
        <testcase name="testDetectLanguage with data set #2" assertions="1" time="0.016565"/>
        <testcase name="testDetectLanguage with data set #3" assertions="1" time="0.014174"/>
        <testcase name="testDetectLanguage with data set #4" assertions="1" time="0.013938"/>
        <testcase name="testDetectLanguage with data set #5" assertions="1" time="0.014204"/>
        <testcase name="testDetectLanguage with data set #6" assertions="1" time="0.014771"/>
      </testsuite>
      <testsuite name="JWebClientTest::testDetectPlatform" tests="30" assertions="60" failures="0" errors="0" time="0.347119">
        <testcase name="testDetectPlatform with data set #0" assertions="2" time="0.011429"/>
        <testcase name="testDetectPlatform with data set #1" assertions="2" time="0.011114"/>
        <testcase name="testDetectPlatform with data set #2" assertions="2" time="0.011171"/>
        <testcase name="testDetectPlatform with data set #3" assertions="2" time="0.011282"/>
        <testcase name="testDetectPlatform with data set #4" assertions="2" time="0.011211"/>
        <testcase name="testDetectPlatform with data set #5" assertions="2" time="0.011439"/>
        <testcase name="testDetectPlatform with data set #6" assertions="2" time="0.011359"/>
        <testcase name="testDetectPlatform with data set #7" assertions="2" time="0.011225"/>
        <testcase name="testDetectPlatform with data set #8" assertions="2" time="0.011569"/>
        <testcase name="testDetectPlatform with data set #9" assertions="2" time="0.011756"/>
        <testcase name="testDetectPlatform with data set #10" assertions="2" time="0.011339"/>
        <testcase name="testDetectPlatform with data set #11" assertions="2" time="0.011302"/>
        <testcase name="testDetectPlatform with data set #12" assertions="2" time="0.011222"/>
        <testcase name="testDetectPlatform with data set #13" assertions="2" time="0.011259"/>
        <testcase name="testDetectPlatform with data set #14" assertions="2" time="0.011342"/>
        <testcase name="testDetectPlatform with data set #15" assertions="2" time="0.012501"/>
        <testcase name="testDetectPlatform with data set #16" assertions="2" time="0.011596"/>
        <testcase name="testDetectPlatform with data set #17" assertions="2" time="0.012154"/>
        <testcase name="testDetectPlatform with data set #18" assertions="2" time="0.012139"/>
        <testcase name="testDetectPlatform with data set #19" assertions="2" time="0.011636"/>
        <testcase name="testDetectPlatform with data set #20" assertions="2" time="0.011617"/>
        <testcase name="testDetectPlatform with data set #21" assertions="2" time="0.011723"/>
        <testcase name="testDetectPlatform with data set #22" assertions="2" time="0.011886"/>
        <testcase name="testDetectPlatform with data set #23" assertions="2" time="0.011567"/>
        <testcase name="testDetectPlatform with data set #24" assertions="2" time="0.011891"/>
        <testcase name="testDetectPlatform with data set #25" assertions="2" time="0.011664"/>
        <testcase name="testDetectPlatform with data set #26" assertions="2" time="0.011716"/>
        <testcase name="testDetectPlatform with data set #27" assertions="2" time="0.011714"/>
        <testcase name="testDetectPlatform with data set #28" assertions="2" time="0.011437"/>
        <testcase name="testDetectPlatform with data set #29" assertions="2" time="0.011858"/>
      </testsuite>
    </testsuite>
    <testsuite name="JAdapterInstanceTest" file=".../tests/suite/joomla/base/JAdapterInstanceTest.php" tests="1" assertions="2" failures="0" errors="0" time="0.094488">
      <testcase name="testGetParent" class="JAdapterInstanceTest" file=".../tests/suite/joomla/base/JAdapterInstanceTest.php" line="55" assertions="2" time="0.094488"/>
    </testsuite>
    <testsuite name="JAdapterTest" file=".../tests/suite/joomla/base/JAdapterTest.php" tests="4" assertions="11" failures="0" errors="0" time="0.112442">
      <testcase name="testGetDbo" class="JAdapterTest" file=".../tests/suite/joomla/base/JAdapterTest.php" line="59" assertions="2" time="0.025607"/>
      <testcase name="testSetAdapter" class="JAdapterTest" file=".../tests/suite/joomla/base/JAdapterTest.php" line="77" assertions="4" time="0.029563"/>
      <testcase name="testGetAdapter" class="JAdapterTest" file=".../tests/suite/joomla/base/JAdapterTest.php" line="106" assertions="3" time="0.026465"/>
      <testcase name="testLoadAllAdapters" class="JAdapterTest" file=".../tests/suite/joomla/base/JAdapterTest.php" line="130" assertions="2" time="0.030807"/>
    </testsuite>
    <testsuite name="JNodeTest" file=".../tests/suite/joomla/base/JNodeTest.php" tests="5" assertions="12" failures="0" errors="0" time="0.062108">
      <testcase name="testAddChild" class="JNodeTest" file=".../tests/suite/joomla/base/JNodeTest.php" line="44" assertions="1" time="0.011501"/>
      <testcase name="testGetParent" class="JNodeTest" file=".../tests/suite/joomla/base/JNodeTest.php" line="61" assertions="4" time="0.014914"/>
      <testcase name="testSetParent" class="JNodeTest" file=".../tests/suite/joomla/base/JNodeTest.php" line="93" assertions="1" time="0.009141"/>
      <testcase name="testHasChildren" class="JNodeTest" file=".../tests/suite/joomla/base/JNodeTest.php" line="110" assertions="2" time="0.008563"/>
      <testcase name="testGetChildren" class="JNodeTest" file=".../tests/suite/joomla/base/JNodeTest.php" line="130" assertions="4" time="0.017989"/>
    </testsuite>
    <testsuite name="JObjectTest" file=".../tests/suite/joomla/base/JObjectTest.php" tests="10" assertions="24" failures="0" errors="0" time="0.152941">
      <testcase name="test__construct" class="JObjectTest" file=".../tests/suite/joomla/base/JObjectTest.php" line="45" assertions="1" time="0.009687"/>
      <testcase name="test__toString" class="JObjectTest" file=".../tests/suite/joomla/base/JObjectTest.php" line="60" assertions="1" time="0.009279"/>
      <testcase name="testDef" class="JObjectTest" file=".../tests/suite/joomla/base/JObjectTest.php" line="71" assertions="3" time="0.015505"/>
      <testcase name="testGet" class="JObjectTest" file=".../tests/suite/joomla/base/JObjectTest.php" line="87" assertions="2" time="0.012604"/>
      <testcase name="testGetProperties" class="JObjectTest" file=".../tests/suite/joomla/base/JObjectTest.php" line="99" assertions="2" time="0.024204"/>
      <testcase name="testGetError" class="JObjectTest" file=".../tests/suite/joomla/base/JObjectTest.php" line="134" assertions="5" time="0.015937"/>
      <testcase name="testGetErrors" class="JObjectTest" file=".../tests/suite/joomla/base/JObjectTest.php" line="173" assertions="2" time="0.025392"/>
      <testcase name="testSet" class="JObjectTest" file=".../tests/suite/joomla/base/JObjectTest.php" line="197" assertions="3" time="0.013029"/>
      <testcase name="testSetProperties" class="JObjectTest" file=".../tests/suite/joomla/base/JObjectTest.php" line="210" assertions="4" time="0.015093"/>
      <testcase name="testSetError" class="JObjectTest" file=".../tests/suite/joomla/base/JObjectTest.php" line="226" assertions="1" time="0.012211"/>
    </testsuite>
    <testsuite name="JObservableTest" file=".../tests/suite/joomla/base/JObservableTest.php" tests="1" assertions="1" failures="0" errors="0" time="0.009462">
      <testcase name="testGetState" class="JObservableTest" file=".../tests/suite/joomla/base/JObservableTest.php" line="93" assertions="1" time="0.009462"/>
    </testsuite>
    <testsuite name="JObserverTest" file=".../tests/suite/joomla/base/JObserverTest.php" tests="0" assertions="0" failures="0" errors="0" time="0.000000"/>
    <testsuite name="JTreeTest" file=".../tests/suite/joomla/base/JTreeTest.php" tests="0" assertions="0" failures="0" errors="0" time="0.000000"/>
    <testsuite name="JCacheTest_Construct" file=".../tests/suite/joomla/cache/JCacheConstructTest.php" fullPackage="Joomla.UnitTest.Cache" package="Joomla.UnitTest" subpackage="Cache" tests="4" assertions="8" failures="0" errors="0" time="0.052007">
      <testsuite name="JCacheTest_Construct::testConstruct" tests="4" assertions="8" failures="0" errors="0" time="0.052007">
        <testcase name="testConstruct with data set #0" assertions="2" time="0.011085"/>
        <testcase name="testConstruct with data set #1" assertions="2" time="0.013289"/>
        <testcase name="testConstruct with data set #2" assertions="2" time="0.013429"/>
        <testcase name="testConstruct with data set #3" assertions="2" time="0.014204"/>
      </testsuite>
    </testsuite>
    <testsuite name="JCacheControllerTest" file=".../tests/suite/joomla/cache/JCacheControllerTest.php" tests="0" assertions="0" failures="0" errors="0" time="0.000000"/>
    <testsuite name="JCacheStorageTest" file=".../tests/suite/joomla/cache/JCacheStorageTest.php" fullPackage="Joomla.UnitTest.Cache" package="Joomla.UnitTest" subpackage="Cache" tests="8" assertions="18" failures="0" errors="0" time="0.150984">
      <testsuite name="JCacheStorageTest::testGetInstance" tests="2" assertions="12" failures="0" errors="0" time="0.051610">
        <testcase name="testGetInstance with data set &quot;defaultfile&quot;" assertions="6" time="0.025864"/>
        <testcase name="testGetInstance with data set &quot;defaultmemcache&quot;" assertions="6" time="0.025746"/>
      </testsuite>
      <testcase name="testGet" class="JCacheStorageTest" file=".../tests/suite/joomla/cache/JCacheStorageTest.php" line="238" assertions="1" time="0.017783"/>
      <testcase name="testStore" class="JCacheStorageTest" file=".../tests/suite/joomla/cache/JCacheStorageTest.php" line="251" assertions="1" time="0.015987"/>
      <testcase name="testRemove" class="JCacheStorageTest" file=".../tests/suite/joomla/cache/JCacheStorageTest.php" line="264" assertions="1" time="0.016128"/>
      <testcase name="testClean" class="JCacheStorageTest" file=".../tests/suite/joomla/cache/JCacheStorageTest.php" line="277" assertions="1" time="0.016280"/>
      <testcase name="testGc" class="JCacheStorageTest" file=".../tests/suite/joomla/cache/JCacheStorageTest.php" line="290" assertions="1" time="0.017134"/>
      <testcase name="testTest" class="JCacheStorageTest" file=".../tests/suite/joomla/cache/JCacheStorageTest.php" line="303" assertions="1" time="0.016062"/>
    </testsuite>
    <testsuite name="JCacheTest" file=".../tests/suite/joomla/cache/JCacheTest.php" fullPackage="Joomla.UnitTest.Cache" package="Joomla.UnitTest" subpackage="Cache" tests="29" assertions="38" failures="0" errors="0" time="5.341531">
      <testsuite name="JCacheTest::testGetInstance" tests="5" assertions="5" failures="0" errors="0" time="0.046205">
        <testcase name="testGetInstance with data set &quot;simple&quot;" assertions="1" time="0.008883"/>
        <testcase name="testGetInstance with data set &quot;complexOutput&quot;" assertions="1" time="0.009120"/>
        <testcase name="testGetInstance with data set &quot;complexPage&quot;" assertions="1" time="0.009587"/>
        <testcase name="testGetInstance with data set &quot;complexView&quot;" assertions="1" time="0.009362"/>
        <testcase name="testGetInstance with data set &quot;complexCallback&quot;" assertions="1" time="0.009253"/>
      </testsuite>
      <testsuite name="JCacheTest::testSetCaching" tests="5" assertions="5" failures="0" errors="0" time="0.052961">
        <testcase name="testSetCaching with data set &quot;simple&quot;" assertions="1" time="0.010519"/>
        <testcase name="testSetCaching with data set &quot;complexOutput&quot;" assertions="1" time="0.010683"/>
        <testcase name="testSetCaching with data set &quot;complexPage&quot;" assertions="1" time="0.010637"/>
        <testcase name="testSetCaching with data set &quot;complexView&quot;" assertions="1" time="0.010471"/>
        <testcase name="testSetCaching with data set &quot;complexCallback&quot;" assertions="1" time="0.010651"/>
      </testsuite>
      <testsuite name="JCacheTest::testSetLifeTime" tests="5" assertions="5" failures="0" errors="0" time="0.051916">
        <testcase name="testSetLifeTime with data set &quot;simple&quot;" assertions="1" time="0.010484"/>
        <testcase name="testSetLifeTime with data set &quot;complexOutput&quot;" assertions="1" time="0.010202"/>
        <testcase name="testSetLifeTime with data set &quot;complexPage&quot;" assertions="1" time="0.010362"/>
        <testcase name="testSetLifeTime with data set &quot;complexView&quot;" assertions="1" time="0.010357"/>
        <testcase name="testSetLifeTime with data set &quot;complexCallback&quot;" assertions="1" time="0.010511"/>
      </testsuite>
      <testsuite name="JCacheTest::testGetStores" tests="5" assertions="5" failures="0" errors="0" time="0.052167">
        <testcase name="testGetStores with data set &quot;simple&quot;" assertions="1" time="0.010251"/>
        <testcase name="testGetStores with data set &quot;complexOutput&quot;" assertions="1" time="0.010656"/>
        <testcase name="testGetStores with data set &quot;complexPage&quot;" assertions="1" time="0.010534"/>
        <testcase name="testGetStores with data set &quot;complexView&quot;" assertions="1" time="0.010301"/>
        <testcase name="testGetStores with data set &quot;complexCallback&quot;" assertions="1" time="0.010425"/>
      </testsuite>
      <testsuite name="JCacheTest::testStoreAndGet" tests="2" assertions="4" failures="0" errors="0" time="0.030633">
        <testcase name="testStoreAndGet with data set &quot;simple&quot;" assertions="2" time="0.015315"/>
        <testcase name="testStoreAndGet with data set &quot;complexOutput&quot;" assertions="2" time="0.015318"/>
      </testsuite>
      <testcase name="testRemove" class="JCacheTest" file=".../tests/suite/joomla/cache/JCacheTest.php" line="437" assertions="4" time="0.024175"/>
      <testcase name="testClean" class="JCacheTest" file=".../tests/suite/joomla/cache/JCacheTest.php" line="480" assertions="4" time="0.025276"/>
      <testcase name="testGc" class="JCacheTest" file=".../tests/suite/joomla/cache/JCacheTest.php" line="522" assertions="2" time="5.017820"/>
      <testsuite name="JCacheTest::testGetStorage" tests="4" assertions="4" failures="0" errors="0" time="0.040378">
        <testcase name="testGetStorage with data set &quot;file&quot;" assertions="1" time="0.010165"/>
        <testcase name="testGetStorage with data set &quot;apc&quot;" assertions="1" time="0.009690"/>
        <testcase name="testGetStorage with data set &quot;xcache&quot;" assertions="1" time="0.010614"/>
        <testcase name="testGetStorage with data set &quot;memcache&quot;" assertions="1" time="0.009909"/>
      </testsuite>
    </testsuite>
    <testsuite name="JCacheControllerCallbackTest_Callback" file=".../tests/suite/joomla/cache/controller/JCacheControllerCallbackCallbackTest.php" fullPackage="JCacheControllerCallbackTest" tests="3" assertions="12" failures="0" errors="0" time="0.059598">
      <testcase name="testCallbackFunction" class="JCacheControllerCallbackTest_Callback" file=".../tests/suite/joomla/cache/controller/JCacheControllerCallbackCallbackTest.php" line="29" assertions="0" time="0.011578"/>
      <testcase name="testCallbackStatic" class="JCacheControllerCallbackTest_Callback" file=".../tests/suite/joomla/cache/controller/JCacheControllerCallbackCallbackTest.php" line="44" assertions="6" time="0.023872"/>
      <testcase name="testCallbackInstance" class="JCacheControllerCallbackTest_Callback" file=".../tests/suite/joomla/cache/controller/JCacheControllerCallbackCallbackTest.php" line="58" assertions="6" time="0.024148"/>
    </testsuite>
    <testsuite name="JCacheControllerCallbackTest" file=".../tests/suite/joomla/cache/controller/JCacheControllerCallbackTest.php" fullPackage="Joomla.UnitTest.Cache" package="Joomla.UnitTest" subpackage="Cache" tests="0" assertions="0" failures="0" errors="0" time="0.000000"/>
    <testsuite name="JCacheControllerOutputTest" file=".../tests/suite/joomla/cache/controller/JCacheControllerOutputTest.php" fullPackage="Joomla.UnitTest.Cache" package="Joomla.UnitTest" subpackage="Cache" tests="0" assertions="0" failures="0" errors="0" time="0.000000"/>
    <testsuite name="JCacheControllerPageTest" file=".../tests/suite/joomla/cache/controller/JCacheControllerPageTest.php" fullPackage="Joomla.UnitTest.Cache" package="Joomla.UnitTest" subpackage="Cache" tests="0" assertions="0" failures="0" errors="0" time="0.000000"/>
    <testsuite name="JCacheControllerViewTest" file=".../tests/suite/joomla/cache/controller/JCacheControllerViewTest.php" fullPackage="Joomla.UnitTest.Cache" package="Joomla.UnitTest" subpackage="Cache" tests="0" assertions="0" failures="0" errors="0" time="0.000000"/>
    <testsuite name="JCacheStorageApcTest" file=".../tests/suite/joomla/cache/storage/JCacheStorageApcTest.php" fullPackage="Joomla.UnitTest.Cache" package="Joomla.UnitTest" subpackage="Cache" tests="1" assertions="1" failures="0" errors="0" time="0.009643">
      <testcase name="testTest" class="JCacheStorageApcTest" file=".../tests/suite/joomla/cache/storage/JCacheStorageApcTest.php" line="133" assertions="1" time="0.009643"/>
    </testsuite>
    <testsuite name="JCacheStorageCacheliteTest" file=".../tests/suite/joomla/cache/storage/JCacheStorageCacheliteTest.php" tests="0" assertions="0" failures="0" errors="0" time="0.000000"/>
    <testsuite name="JCacheStorageEacceleratorTest" file=".../tests/suite/joomla/cache/storage/JCacheStorageEacceleratorTest.php" fullPackage="Joomla.UnitTest.Cache" package="Joomla.UnitTest" subpackage="Cache" tests="1" assertions="1" failures="0" errors="0" time="0.009799">
      <testcase name="testTest" class="JCacheStorageEacceleratorTest" file=".../tests/suite/joomla/cache/storage/JCacheStorageEacceleratorTest.php" line="144" assertions="1" time="0.009799"/>
    </testsuite>
    <testsuite name="JCacheStorageFileTest" file=".../tests/suite/joomla/cache/storage/JCacheStorageFileTest.php" fullPackage="Joomla.UnitTest.Cache" package="Joomla.UnitTest" subpackage="Cache" tests="6" assertions="17" failures="0" errors="0" time="0.091390">
      <testsuite name="JCacheStorageFileTest::testStoreAndGet" tests="2" assertions="4" failures="0" errors="0" time="0.024079">
        <testcase name="testStoreAndGet with data set &quot;souls&quot;" assertions="2" time="0.012471"/>
        <testcase name="testStoreAndGet with data set &quot;again&quot;" assertions="2" time="0.011608"/>
      </testsuite>
      <testcase name="testRemove" class="JCacheStorageFileTest" file=".../tests/suite/joomla/cache/storage/JCacheStorageFileTest.php" line="102" assertions="3" time="0.014452"/>
      <testcase name="testClean" class="JCacheStorageFileTest" file=".../tests/suite/joomla/cache/storage/JCacheStorageFileTest.php" line="123" assertions="8" time="0.031914"/>
      <testcase name="testGc" class="JCacheStorageFileTest" file=".../tests/suite/joomla/cache/storage/JCacheStorageFileTest.php" line="174" assertions="1" time="0.010839"/>
      <testcase name="testTest" class="JCacheStorageFileTest" file=".../tests/suite/joomla/cache/storage/JCacheStorageFileTest.php" line="185" assertions="1" time="0.010106"/>
    </testsuite>
    <testsuite name="JCacheStorageTest_Main" file=".../tests/suite/joomla/cache/storage/JCacheStorageMainTest.php" fullPackage="Joomla.UnitTest.Cache" package="Joomla.UnitTest" subpackage="Cache" tests="12" assertions="28" failures="0" errors="0" time="10.255548">
      <testsuite name="JCacheStorageTest_Main::testCacheHit" tests="2" assertions="4" failures="0" errors="0" time="0.038945">
        <testcase name="testCacheHit with data set #0" assertions="2" time="0.023558"/>
        <testcase name="testCacheHit with data set #1" assertions="2" time="0.015387"/>
      </testsuite>
      <testsuite name="JCacheStorageTest_Main::testCacheMiss" tests="2" assertions="2" failures="0" errors="0" time="0.026562">
        <testcase name="testCacheMiss with data set #0" assertions="1" time="0.015005"/>
        <testcase name="testCacheMiss with data set #1" assertions="1" time="0.011557"/>
      </testsuite>
      <testsuite name="JCacheStorageTest_Main::testCacheTimeout" tests="2" assertions="4" failures="0" errors="0" time="10.046654">
        <testcase name="testCacheTimeout with data set #0" assertions="2" time="5.022370"/>
        <testcase name="testCacheTimeout with data set #1" assertions="2" time="5.024284"/>
      </testsuite>
      <testsuite name="JCacheStorageTest_Main::testCacheRemove" tests="2" assertions="6" failures="0" errors="0" time="0.047436">
        <testcase name="testCacheRemove with data set #0" assertions="3" time="0.027570"/>
        <testcase name="testCacheRemove with data set #1" assertions="3" time="0.019866"/>
      </testsuite>
      <testsuite name="JCacheStorageTest_Main::testCacheClearGroup" tests="2" assertions="6" failures="0" errors="0" time="0.051999">
        <testcase name="testCacheClearGroup with data set #0" assertions="3" time="0.031077"/>
        <testcase name="testCacheClearGroup with data set #1" assertions="3" time="0.020922"/>
      </testsuite>
      <testsuite name="JCacheStorageTest_Main::testCacheClearNotGroup" tests="2" assertions="6" failures="0" errors="0" time="0.043952">
        <testcase name="testCacheClearNotGroup with data set #0" assertions="3" time="0.023509"/>
        <testcase name="testCacheClearNotGroup with data set #1" assertions="3" time="0.020443"/>
      </testsuite>
    </testsuite>
    <testsuite name="JCacheStorageMemcacheTest" file=".../tests/suite/joomla/cache/storage/JCacheStorageMemcacheTest.php" fullPackage="Joomla.UnitTest.Cache" package="Joomla.UnitTest" subpackage="Cache" tests="0" assertions="0" failures="0" errors="0" time="0.000000"/>
    <testsuite name="JCacheStorageWincacheTest" file=".../tests/suite/joomla/cache/storage/JCacheStorageWincacheTest.php" tests="0" assertions="0" failures="0" errors="0" time="0.000000"/>
    <testsuite name="JCacheStorageXCacheTest" file=".../tests/suite/joomla/cache/storage/JCacheStorageXCacheTest.php" fullPackage="Joomla.UnitTest.Cache" package="Joomla.UnitTest" subpackage="Cache" tests="1" assertions="1" failures="0" errors="0" time="0.010057">
      <testcase name="testTest" class="JCacheStorageXCacheTest" file=".../tests/suite/joomla/cache/storage/JCacheStorageXCacheTest.php" line="118" assertions="1" time="0.010057"/>
    </testsuite>
    <testsuite name="JCacheStorageHelperTest" file=".../tests/suite/joomla/cache/storage/helpers/JCacheStorageHelperTest.php" tests="0" assertions="0" failures="0" errors="0" time="0.000000"/>
    <testsuite name="JClientHelperTest" file=".../tests/suite/joomla/client/JClientHelperTest.php" tests="0" assertions="0" failures="0" errors="0" time="0.000000"/>
    <testsuite name="JFTPTest" file=".../tests/suite/joomla/client/JFTPTest.php" tests="0" assertions="0" failures="0" errors="0" time="0.000000"/>
    <testsuite name="JLDAPTest" file=".../tests/suite/joomla/client/JLDAPTest.php" tests="0" assertions="0" failures="0" errors="0" time="0.000000"/>
    <testsuite name="JDatabaseQueryElementTest" file=".../tests/suite/joomla/database/JDatabaseQueryElementTest.php" tests="10" assertions="16" failures="0" errors="0" time="0.136452">
      <testsuite name="JDatabaseQueryElementTest::test__Construct" tests="2" assertions="6" failures="0" errors="0" time="0.035819">
        <testcase name="test__Construct with data set &quot;array-element&quot;" assertions="3" time="0.019404"/>
        <testcase name="test__Construct with data set &quot;non-array-element&quot;" assertions="3" time="0.016415"/>
      </testsuite>
      <testsuite name="JDatabaseQueryElementTest::test__toString" tests="4" assertions="4" failures="0" errors="0" time="0.038115">
        <testcase name="test__toString with data set #0" assertions="1" time="0.009294"/>
        <testcase name="test__toString with data set #1" assertions="1" time="0.009938"/>
        <testcase name="test__toString with data set #2" assertions="1" time="0.009609"/>
        <testcase name="test__toString with data set #3" assertions="1" time="0.009274"/>
      </testsuite>
      <testsuite name="JDatabaseQueryElementTest::testAppend" tests="2" assertions="2" failures="0" errors="0" time="0.043401">
        <testcase name="testAppend with data set &quot;array-element&quot;" assertions="1" time="0.021766"/>
        <testcase name="testAppend with data set &quot;non-array-element&quot;" assertions="1" time="0.021635"/>
      </testsuite>
      <testcase name="test__clone_array" class="JDatabaseQueryElementTest" file=".../tests/suite/joomla/database/JDatabaseQueryElementTest.php" line="234" assertions="2" time="0.010330"/>
      <testcase name="test__clone_object" class="JDatabaseQueryElementTest" file=".../tests/suite/joomla/database/JDatabaseQueryElementTest.php" line="256" assertions="2" time="0.008787"/>
    </testsuite>
    <testsuite name="JDatabaseQueryTest" file=".../tests/suite/joomla/database/JDatabaseQueryTest.php" tests="43" assertions="267" failures="0" errors="0" time="1.873032">
      <testcase name="test__call" class="JDatabaseQueryTest" file=".../tests/suite/joomla/database/JDatabaseQueryTest.php" line="97" assertions="5" time="0.169901"/>
      <testcase name="test__toStringSelect" class="JDatabaseQueryTest" file=".../tests/suite/joomla/database/JDatabaseQueryTest.php" line="133" assertions="2" time="0.029092"/>
      <testcase name="test__toStringUpdate" class="JDatabaseQueryTest" file=".../tests/suite/joomla/database/JDatabaseQueryTest.php" line="167" assertions="2" time="0.027840"/>
      <testcase name="testCastAsChar" class="JDatabaseQueryTest" file=".../tests/suite/joomla/database/JDatabaseQueryTest.php" line="195" assertions="2" time="0.025566"/>
      <testcase name="testCharLength" class="JDatabaseQueryTest" file=".../tests/suite/joomla/database/JDatabaseQueryTest.php" line="214" assertions="2" time="0.025540"/>
      <testcase name="testChaining" class="JDatabaseQueryTest" file=".../tests/suite/joomla/database/JDatabaseQueryTest.php" line="224" assertions="2" time="0.043537"/>
      <testcase name="testClear_all" class="JDatabaseQueryTest" file=".../tests/suite/joomla/database/JDatabaseQueryTest.php" line="241" assertions="15" time="0.052130"/>
      <testcase name="testClear_clause" class="JDatabaseQueryTest" file=".../tests/suite/joomla/database/JDatabaseQueryTest.php" line="293" assertions="82" time="0.198494"/>
      <testcase name="testClear_type" class="JDatabaseQueryTest" file=".../tests/suite/joomla/database/JDatabaseQueryTest.php" line="349" assertions="45" time="0.111034"/>
      <testcase name="testColumns" class="JDatabaseQueryTest" file=".../tests/suite/joomla/database/JDatabaseQueryTest.php" line="416" assertions="4" time="0.029891"/>
      <testcase name="testConcatenate" class="JDatabaseQueryTest" file=".../tests/suite/joomla/database/JDatabaseQueryTest.php" line="449" assertions="3" time="0.062767"/>
      <testcase name="testCurrentTimestamp" class="JDatabaseQueryTest" file=".../tests/suite/joomla/database/JDatabaseQueryTest.php" line="473" assertions="2" time="0.026459"/>
      <testcase name="testDateFormat" class="JDatabaseQueryTest" file=".../tests/suite/joomla/database/JDatabaseQueryTest.php" line="490" assertions="2" time="0.043514"/>
      <testcase name="testDateFormatException" class="JDatabaseQueryTest" file=".../tests/suite/joomla/database/JDatabaseQueryTest.php" line="508" assertions="2" time="0.025416"/>
      <testcase name="testDelete" class="JDatabaseQueryTest" file=".../tests/suite/joomla/database/JDatabaseQueryTest.php" line="525" assertions="5" time="0.031676"/>
      <testcase name="testDump" class="JDatabaseQueryTest" file=".../tests/suite/joomla/database/JDatabaseQueryTest.php" line="561" assertions="2" time="0.044956"/>
      <testcase name="testEscape" class="JDatabaseQueryTest" file=".../tests/suite/joomla/database/JDatabaseQueryTest.php" line="586" assertions="2" time="0.043976"/>
      <testcase name="testEscapeException" class="JDatabaseQueryTest" file=".../tests/suite/joomla/database/JDatabaseQueryTest.php" line="604" assertions="2" time="0.024838"/>
      <testcase name="testFrom" class="JDatabaseQueryTest" file=".../tests/suite/joomla/database/JDatabaseQueryTest.php" line="621" assertions="4" time="0.029336"/>
      <testcase name="testGroup" class="JDatabaseQueryTest" file=".../tests/suite/joomla/database/JDatabaseQueryTest.php" line="654" assertions="4" time="0.029006"/>
      <testcase name="testHaving" class="JDatabaseQueryTest" file=".../tests/suite/joomla/database/JDatabaseQueryTest.php" line="687" assertions="5" time="0.032504"/>
      <testcase name="testInnerJoin" class="JDatabaseQueryTest" file=".../tests/suite/joomla/database/JDatabaseQueryTest.php" line="731" assertions="3" time="0.038626"/>
      <testcase name="testInsert" class="JDatabaseQueryTest" file=".../tests/suite/joomla/database/JDatabaseQueryTest.php" line="759" assertions="4" time="0.029748"/>
      <testcase name="testJoin" class="JDatabaseQueryTest" file=".../tests/suite/joomla/database/JDatabaseQueryTest.php" line="789" assertions="4" time="0.029510"/>
      <testcase name="testLeftJoin" class="JDatabaseQueryTest" file=".../tests/suite/joomla/database/JDatabaseQueryTest.php" line="821" assertions="3" time="0.039159"/>
      <testcase name="testLength" class="JDatabaseQueryTest" file=".../tests/suite/joomla/database/JDatabaseQueryTest.php" line="849" assertions="2" time="0.025518"/>
      <testsuite name="JDatabaseQueryTest::testNullDate" tests="2" assertions="4" failures="0" errors="0" time="0.104442">
        <testcase name="testNullDate with data set #0" assertions="2" time="0.060957"/>
        <testcase name="testNullDate with data set #1" assertions="2" time="0.043485"/>
      </testsuite>
      <testcase name="testNullDateException" class="JDatabaseQueryTest" file=".../tests/suite/joomla/database/JDatabaseQueryTest.php" line="890" assertions="2" time="0.025183"/>
      <testcase name="testOrder" class="JDatabaseQueryTest" file=".../tests/suite/joomla/database/JDatabaseQueryTest.php" line="907" assertions="5" time="0.031741"/>
      <testcase name="testOuterJoin" class="JDatabaseQueryTest" file=".../tests/suite/joomla/database/JDatabaseQueryTest.php" line="952" assertions="3" time="0.038802"/>
      <testsuite name="JDatabaseQueryTest::testQuote" tests="1" assertions="2" failures="0" errors="0" time="0.043441">
        <testcase name="testQuote with data set #0" assertions="2" time="0.043441"/>
      </testsuite>
      <testcase name="testQuoteException" class="JDatabaseQueryTest" file=".../tests/suite/joomla/database/JDatabaseQueryTest.php" line="1004" assertions="2" time="0.024962"/>
      <testcase name="testQuoteName" class="JDatabaseQueryTest" file=".../tests/suite/joomla/database/JDatabaseQueryTest.php" line="1021" assertions="2" time="0.043564"/>
      <testcase name="testQuoteNameException" class="JDatabaseQueryTest" file=".../tests/suite/joomla/database/JDatabaseQueryTest.php" line="1040" assertions="2" time="0.024406"/>
      <testcase name="testRightJoin" class="JDatabaseQueryTest" file=".../tests/suite/joomla/database/JDatabaseQueryTest.php" line="1057" assertions="3" time="0.038985"/>
      <testcase name="testSelect" class="JDatabaseQueryTest" file=".../tests/suite/joomla/database/JDatabaseQueryTest.php" line="1085" assertions="6" time="0.033657"/>
      <testcase name="testSet" class="JDatabaseQueryTest" file=".../tests/suite/joomla/database/JDatabaseQueryTest.php" line="1135" assertions="5" time="0.027876"/>
      <testcase name="testUpdate" class="JDatabaseQueryTest" file=".../tests/suite/joomla/database/JDatabaseQueryTest.php" line="1190" assertions="4" time="0.028943"/>
      <testcase name="testValues" class="JDatabaseQueryTest" file=".../tests/suite/joomla/database/JDatabaseQueryTest.php" line="1220" assertions="4" time="0.029526"/>
      <testcase name="testWhere" class="JDatabaseQueryTest" file=".../tests/suite/joomla/database/JDatabaseQueryTest.php" line="1258" assertions="5" time="0.032297"/>
      <testcase name="test__clone_array" class="JDatabaseQueryTest" file=".../tests/suite/joomla/database/JDatabaseQueryTest.php" line="1311" assertions="4" time="0.037634"/>
      <testcase name="test__clone_object" class="JDatabaseQueryTest" file=".../tests/suite/joomla/database/JDatabaseQueryTest.php" line="1332" assertions="4" time="0.037540"/>
    </testsuite>
    <testsuite name="JDatabaseTest" file=".../tests/suite/joomla/database/JDatabaseTest.php" tests="16" assertions="26" failures="0" errors="0" time="0.201751">
      <testcase name="test__call" class="JDatabaseTest" file=".../tests/suite/joomla/database/JDatabaseTest.php" line="53" assertions="3" time="0.012930"/>
      <testcase name="testGetConnection" class="JDatabaseTest" file=".../tests/suite/joomla/database/JDatabaseTest.php" line="108" assertions="1" time="0.009415"/>
      <testcase name="testGetCount" class="JDatabaseTest" file=".../tests/suite/joomla/database/JDatabaseTest.php" line="134" assertions="1" time="0.009557"/>
      <testcase name="testGetDatabase" class="JDatabaseTest" file=".../tests/suite/joomla/database/JDatabaseTest.php" line="151" assertions="1" time="0.009791"/>
      <testcase name="testGetDateFormat" class="JDatabaseTest" file=".../tests/suite/joomla/database/JDatabaseTest.php" line="166" assertions="1" time="0.009321"/>
      <testcase name="testSplitSql" class="JDatabaseTest" file=".../tests/suite/joomla/database/JDatabaseTest.php" line="181" assertions="1" time="0.015890"/>
      <testcase name="testGetUTFSupport" class="JDatabaseTest" file=".../tests/suite/joomla/database/JDatabaseTest.php" line="200" assertions="1" time="0.007900"/>
      <testcase name="testGetLog" class="JDatabaseTest" file=".../tests/suite/joomla/database/JDatabaseTest.php" line="234" assertions="1" time="0.009724"/>
      <testcase name="testGetPrefix" class="JDatabaseTest" file=".../tests/suite/joomla/database/JDatabaseTest.php" line="251" assertions="1" time="0.009734"/>
      <testcase name="testGetNullDate" class="JDatabaseTest" file=".../tests/suite/joomla/database/JDatabaseTest.php" line="266" assertions="1" time="0.009440"/>
      <testcase name="testSetDebug" class="JDatabaseTest" file=".../tests/suite/joomla/database/JDatabaseTest.php" line="281" assertions="1" time="0.008300"/>
      <testcase name="testSetQuery" class="JDatabaseTest" file=".../tests/suite/joomla/database/JDatabaseTest.php" line="297" assertions="1" time="0.008378"/>
      <testcase name="testReplacePrefix" class="JDatabaseTest" file=".../tests/suite/joomla/database/JDatabaseTest.php" line="313" assertions="1" time="0.009496"/>
      <testcase name="testQuote" class="JDatabaseTest" file=".../tests/suite/joomla/database/JDatabaseTest.php" line="338" assertions="2" time="0.012045"/>
      <testcase name="testQuoteName" class="JDatabaseTest" file=".../tests/suite/joomla/database/JDatabaseTest.php" line="360" assertions="8" time="0.051129"/>
      <testcase name="testTruncateTable" class="JDatabaseTest" file=".../tests/suite/joomla/database/JDatabaseTest.php" line="420" assertions="1" time="0.008701"/>
    </testsuite>
    <testsuite name="JTableNestedTest" file=".../tests/suite/joomla/database/JTableNestedTest.php" tests="16" assertions="7449" failures="0" errors="0" time="29.551700">
      <testcase name="testGetPath" class="JTableNestedTest" file=".../tests/suite/joomla/database/JTableNestedTest.php" line="94" assertions="10" time="0.955624"/>
      <testcase name="testGetTree" class="JTableNestedTest" file=".../tests/suite/joomla/database/JTableNestedTest.php" line="123" assertions="14" time="0.940229"/>
      <testcase name="testIsLeaf" class="JTableNestedTest" file=".../tests/suite/joomla/database/JTableNestedTest.php" line="158" assertions="5" time="0.895522"/>
      <testcase name="testSetLocation" class="JTableNestedTest" file=".../tests/suite/joomla/database/JTableNestedTest.php" line="173" assertions="5" time="0.908103"/>
      <testcase name="testMove" class="JTableNestedTest" file=".../tests/suite/joomla/database/JTableNestedTest.php" line="197" assertions="3545" time="6.982852"/>
      <testcase name="testMoveByReference" class="JTableNestedTest" file=".../tests/suite/joomla/database/JTableNestedTest.php" line="330" assertions="2533" time="4.915994"/>
      <testcase name="testDelete" class="JTableNestedTest" file=".../tests/suite/joomla/database/JTableNestedTest.php" line="437" assertions="568" time="1.847837"/>
      <testcase name="testCheck" class="JTableNestedTest" file=".../tests/suite/joomla/database/JTableNestedTest.php" line="550" assertions="2" time="0.909599"/>
      <testcase name="testStore" class="JTableNestedTest" file=".../tests/suite/joomla/database/JTableNestedTest.php" line="562" assertions="19" time="1.160990"/>
      <testcase name="testPublish" class="JTableNestedTest" file=".../tests/suite/joomla/database/JTableNestedTest.php" line="640" assertions="20" time="1.274667"/>
      <testcase name="testOrderUp" class="JTableNestedTest" file=".../tests/suite/joomla/database/JTableNestedTest.php" line="708" assertions="6" time="0.979222"/>
      <testcase name="testOrderDown" class="JTableNestedTest" file=".../tests/suite/joomla/database/JTableNestedTest.php" line="728" assertions="2" time="0.901406"/>
      <testcase name="testGetRootId" class="JTableNestedTest" file=".../tests/suite/joomla/database/JTableNestedTest.php" line="740" assertions="11" time="1.245959"/>
      <testcase name="testRebuild" class="JTableNestedTest" file=".../tests/suite/joomla/database/JTableNestedTest.php" line="789" assertions="558" time="3.281647"/>
      <testcase name="testRebuildPath" class="JTableNestedTest" file=".../tests/suite/joomla/database/JTableNestedTest.php" line="832" assertions="3" time="0.932867"/>
      <testcase name="testSaveorder" class="JTableNestedTest" file=".../tests/suite/joomla/database/JTableNestedTest.php" line="847" assertions="148" time="1.419182"/>
    </testsuite>
    <testsuite name="JTableTest" file=".../tests/suite/joomla/database/JTableTest.php" tests="0" assertions="0" failures="0" errors="0" time="0.000000"/>
    <testsuite name="JDatabaseExporterMySqlTest" file=".../tests/suite/joomla/database/database/JDatabaseExporterMySqlTest.php" fullPackage="Joomla.UnitTest.Database" package="Joomla.UnitTest" subpackage="Database" tests="13" assertions="27" failures="0" errors="0" time="0.436239">
      <testcase name="test__toString" class="JDatabaseExporterMySqlTest" file=".../tests/suite/joomla/database/database/JDatabaseExporterMySqlTest.php" line="198" assertions="2" time="0.076536"/>
      <testcase name="testAsXml" class="JDatabaseExporterMySqlTest" file=".../tests/suite/joomla/database/database/JDatabaseExporterMySqlTest.php" line="234" assertions="3" time="0.021073"/>
      <testcase name="testBuildXml" class="JDatabaseExporterMySqlTest" file=".../tests/suite/joomla/database/database/JDatabaseExporterMySqlTest.php" line="259" assertions="2" time="0.065196"/>
      <testcase name="testBuildXmlStructure" class="JDatabaseExporterMySqlTest" file=".../tests/suite/joomla/database/database/JDatabaseExporterMySqlTest.php" line="294" assertions="2" time="0.076673"/>
      <testcase name="testCheckWithNoDbo" class="JDatabaseExporterMySqlTest" file=".../tests/suite/joomla/database/database/JDatabaseExporterMySqlTest.php" line="326" assertions="1" time="0.019539"/>
      <testcase name="testCheckWithNoTables" class="JDatabaseExporterMySqlTest" file=".../tests/suite/joomla/database/database/JDatabaseExporterMySqlTest.php" line="351" assertions="1" time="0.018973"/>
      <testcase name="testCheckWithGoodInput" class="JDatabaseExporterMySqlTest" file=".../tests/suite/joomla/database/database/JDatabaseExporterMySqlTest.php" line="377" assertions="2" time="0.019522"/>
      <testcase name="testFromWithBadInput" class="JDatabaseExporterMySqlTest" file=".../tests/suite/joomla/database/database/JDatabaseExporterMySqlTest.php" line="407" assertions="1" time="0.019406"/>
      <testcase name="testFromWithGoodInput" class="JDatabaseExporterMySqlTest" file=".../tests/suite/joomla/database/database/JDatabaseExporterMySqlTest.php" line="432" assertions="3" time="0.024075"/>
      <testcase name="testGetGenericTableName" class="JDatabaseExporterMySqlTest" file=".../tests/suite/joomla/database/database/JDatabaseExporterMySqlTest.php" line="466" assertions="2" time="0.035350"/>
      <testcase name="testSetDboWithBadInput" class="JDatabaseExporterMySqlTest" file=".../tests/suite/joomla/database/database/JDatabaseExporterMySqlTest.php" line="484" assertions="1" time="0.019221"/>
      <testcase name="testSetDboWithGoodInput" class="JDatabaseExporterMySqlTest" file=".../tests/suite/joomla/database/database/JDatabaseExporterMySqlTest.php" line="509" assertions="2" time="0.019133"/>
      <testcase name="testWithStructure" class="JDatabaseExporterMySqlTest" file=".../tests/suite/joomla/database/database/JDatabaseExporterMySqlTest.php" line="539" assertions="5" time="0.021543"/>
    </testsuite>
    <testsuite name="JDatabaseExporterMySQLiTest" file=".../tests/suite/joomla/database/database/JDatabaseExporterMySqliTest.php" fullPackage="Joomla.UnitTest.Database" package="Joomla.UnitTest" subpackage="Database" tests="5" assertions="2" failures="0" errors="0" time="0.122540">
      <testcase name="testCheckWithNoDbo" class="JDatabaseExporterMySQLiTest" file=".../tests/suite/joomla/database/database/JDatabaseExporterMySqliTest.php" line="49" assertions="0" time="0.083937"/>
      <testcase name="testCheckWithNoTables" class="JDatabaseExporterMySQLiTest" file=".../tests/suite/joomla/database/database/JDatabaseExporterMySqliTest.php" line="74" assertions="0" time="0.009452"/>
      <testcase name="testCheckWithGoodInput" class="JDatabaseExporterMySQLiTest" file=".../tests/suite/joomla/database/database/JDatabaseExporterMySqliTest.php" line="100" assertions="1" time="0.009814"/>
      <testcase name="testSetDboWithBadInput" class="JDatabaseExporterMySQLiTest" file=".../tests/suite/joomla/database/database/JDatabaseExporterMySqliTest.php" line="130" assertions="0" time="0.009795"/>
[...]
        <testcase name="testFromObject with data set &quot;Nested objects into multiple dimension array of int and string&quot;" assertions="1" time="0.025394"/>
        <testcase name="testFromObject with data set &quot;multiple 6&quot;" assertions="1" time="0.039662"/>
      </testsuite>
      <testsuite name="JArrayHelperTest::testGetColumn" tests="3" assertions="3" failures="0" errors="0" time="0.060260">
        <testcase name="testGetColumn with data set &quot;generic array&quot;" assertions="1" time="0.020348"/>
        <testcase name="testGetColumn with data set &quot;associative array&quot;" assertions="1" time="0.019845"/>
        <testcase name="testGetColumn with data set &quot;object array&quot;" assertions="1" time="0.020067"/>
      </testsuite>
      <testsuite name="JArrayHelperTest::testGetValue" tests="8" assertions="8" failures="0" errors="0" time="0.083511">
        <testcase name="testGetValue with data set &quot;defaults&quot;" assertions="1" time="0.009998"/>
        <testcase name="testGetValue with data set &quot;get non-value&quot;" assertions="1" time="0.010201"/>
        <testcase name="testGetValue with data set &quot;get int 5&quot;" assertions="1" time="0.009878"/>
        <testcase name="testGetValue with data set &quot;get float six&quot;" assertions="1" time="0.010022"/>
        <testcase name="testGetValue with data set &quot;get get boolean seven&quot;" assertions="1" time="0.010211"/>
        <testcase name="testGetValue with data set &quot;get array eight&quot;" assertions="1" time="0.012623"/>
        <testcase name="testGetValue with data set &quot;get string nine&quot;" assertions="1" time="0.010196"/>
        <testcase name="testGetValue with data set &quot;get word&quot;" assertions="1" time="0.010382"/>
      </testsuite>
      <testcase name="testIsAssociative" class="JArrayHelperTest" file=".../tests/suite/joomla/utilities/JArrayHelperTest.php" line="1414" assertions="3" time="0.009815"/>
      <testsuite name="JArrayHelperTest::testPivot" tests="3" assertions="3" failures="0" errors="0" time="0.109503">
        <testcase name="testPivot with data set &quot;A scalar array&quot;" assertions="1" time="0.028193"/>
        <testcase name="testPivot with data set &quot;An array of associative arrays&quot;" assertions="1" time="0.039429"/>
        <testcase name="testPivot with data set &quot;An array of objects&quot;" assertions="1" time="0.041881"/>
      </testsuite>
      <testsuite name="JArrayHelperTest::testSortObjects" tests="12" assertions="12" failures="0" errors="0" time="1.173341">
        <testcase name="testSortObjects with data set &quot;by int defaults&quot;" assertions="1" time="0.095105"/>
        <testcase name="testSortObjects with data set &quot;by int ascending&quot;" assertions="1" time="0.099460"/>
        <testcase name="testSortObjects with data set &quot;by int descending&quot;" assertions="1" time="0.093842"/>
        <testcase name="testSortObjects with data set &quot;by string ascending&quot;" assertions="1" time="0.104629"/>
        <testcase name="testSortObjects with data set &quot;by string descending&quot;" assertions="1" time="0.101829"/>
        <testcase name="testSortObjects with data set &quot;by casesensitive string ascending&quot;" assertions="1" time="0.095501"/>
        <testcase name="testSortObjects with data set &quot;by casesensitive string descending&quot;" assertions="1" time="0.095164"/>
        <testcase name="testSortObjects with data set &quot;by casesensitive string,integer ascending&quot;" assertions="1" time="0.095835"/>
        <testcase name="testSortObjects with data set &quot;by casesensitive string,integer descending&quot;" assertions="1" time="0.096233"/>
        <testcase name="testSortObjects with data set &quot;by casesensitive string,integer ascending,descending&quot;" assertions="1" time="0.096120"/>
        <testcase name="testSortObjects with data set &quot;by casesensitive string,integer descending,ascending&quot;" assertions="1" time="0.095676"/>
        <testcase name="testSortObjects with data set &quot;by caseinsensitive string, integer ascending&quot;" assertions="1" time="0.103947"/>
      </testsuite>
      <testsuite name="JArrayHelperTest::testToInteger" tests="5" assertions="5" failures="0" errors="0" time="0.078823">
        <testcase name="testToInteger with data set &quot;floating with single argument&quot;" assertions="1" time="0.020176"/>
        <testcase name="testToInteger with data set &quot;floating with default array&quot;" assertions="1" time="0.019389"/>
        <testcase name="testToInteger with data set &quot;non-array with single argument&quot;" assertions="1" time="0.009306"/>
        <testcase name="testToInteger with data set &quot;non-array with default array&quot;" assertions="1" time="0.017540"/>
        <testcase name="testToInteger with data set &quot;non-array with default single&quot;" assertions="1" time="0.012412"/>
      </testsuite>
      <testsuite name="JArrayHelperTest::testToObject" tests="4" assertions="4" failures="0" errors="0" time="0.120298">
        <testcase name="testToObject with data set &quot;single object&quot;" assertions="1" time="0.018504"/>
        <testcase name="testToObject with data set &quot;multiple objects&quot;" assertions="1" time="0.042304"/>
        <testcase name="testToObject with data set &quot;single object with class&quot;" assertions="1" time="0.018077"/>
        <testcase name="testToObject with data set &quot;multiple objects with class&quot;" assertions="1" time="0.041413"/>
      </testsuite>
      <testsuite name="JArrayHelperTest::testToString" tests="7" assertions="7" failures="0" errors="0" time="0.073398">
        <testcase name="testToString with data set &quot;single dimension 1&quot;" assertions="1" time="0.010073"/>
        <testcase name="testToString with data set &quot;single dimension 2&quot;" assertions="1" time="0.009983"/>
        <testcase name="testToString with data set &quot;single dimension 3&quot;" assertions="1" time="0.009977"/>
        <testcase name="testToString with data set &quot;multiple dimensions 1&quot;" assertions="1" time="0.011073"/>
        <testcase name="testToString with data set &quot;multiple dimensions 2&quot;" assertions="1" time="0.010520"/>
        <testcase name="testToString with data set &quot;multiple dimensions 3&quot;" assertions="1" time="0.011289"/>
        <testcase name="testToString with data set &quot;multiple dimensions 4&quot;" assertions="1" time="0.010483"/>
      </testsuite>
    </testsuite>
    <testsuite name="JBufferTest" file=".../tests/suite/joomla/utilities/JBufferTest.php" fullPackage="Joomla.UnitTest.Utilities" package="Joomla.UnitTest" subpackage="Utilities" tests="14" assertions="22" failures="0" errors="0" time="0.159996">
      <testsuite name="JBufferTest::testStreamOpen" tests="1" assertions="1" failures="0" errors="0" time="0.010210">
        <testcase name="testStreamOpen with data set &quot;basic&quot;" assertions="1" time="0.010210"/>
      </testsuite>
      <testsuite name="JBufferTest::testStreamRead" tests="1" assertions="1" failures="0" errors="0" time="0.009942">
        <testcase name="testStreamRead with data set &quot;basic&quot;" assertions="1" time="0.009942"/>
      </testsuite>
      <testsuite name="JBufferTest::testStreamWrite" tests="1" assertions="1" failures="0" errors="0" time="0.010556">
        <testcase name="testStreamWrite with data set &quot;basic&quot;" assertions="1" time="0.010556"/>
      </testsuite>
      <testcase name="testStreamTell" class="JBufferTest" file=".../tests/suite/joomla/utilities/JBufferTest.php" line="176" assertions="1" time="0.010263"/>
      <testsuite name="JBufferTest::testStreamEOF" tests="2" assertions="2" failures="0" errors="0" time="0.021105">
        <testcase name="testStreamEOF with data set &quot;~EOF&quot;" assertions="1" time="0.010353"/>
        <testcase name="testStreamEOF with data set &quot;EOF&quot;" assertions="1" time="0.010752"/>
      </testsuite>
      <testsuite name="JBufferTest::testStreamSeek" tests="8" assertions="16" failures="0" errors="0" time="0.097919">
        <testcase name="testStreamSeek with data set &quot;basic&quot;" assertions="2" time="0.012280"/>
        <testcase name="testStreamSeek with data set &quot;too_early&quot;" assertions="2" time="0.011920"/>
        <testcase name="testStreamSeek with data set &quot;off_end&quot;" assertions="2" time="0.012108"/>
        <testcase name="testStreamSeek with data set &quot;is_pos&quot;" assertions="2" time="0.012831"/>
        <testcase name="testStreamSeek with data set &quot;is_neg&quot;" assertions="2" time="0.012223"/>
        <testcase name="testStreamSeek with data set &quot;from_end&quot;" assertions="2" time="0.012254"/>
        <testcase name="testStreamSeek with data set &quot;before_beg&quot;" assertions="2" time="0.012018"/>
        <testcase name="testStreamSeek with data set &quot;bad_seek_code&quot;" assertions="2" time="0.012285"/>
      </testsuite>
    </testsuite>
    <testsuite name="JDateTest" file=".../tests/suite/joomla/utilities/JDateTest.php" fullPackage="Joomla.UnitTest.Utilities" package="Joomla.UnitTest" subpackage="Utilities" tests="60" assertions="61" failures="0" errors="0" time="0.657232">
      <testsuite name="JDateTest::test__construct" tests="4" assertions="4" failures="0" errors="0" time="0.043428">
        <testcase name="test__construct with data set &quot;basic&quot;" assertions="1" time="0.010889"/>
        <testcase name="test__construct with data set &quot;unix&quot;" assertions="1" time="0.010817"/>
        <testcase name="test__construct with data set &quot;tzCT&quot;" assertions="1" time="0.010713"/>
        <testcase name="test__construct with data set &quot;DateTime tzCT&quot;" assertions="1" time="0.011010"/>
      </testsuite>
      <testsuite name="JDateTest::test__get" tests="12" assertions="12" failures="0" errors="0" time="0.128383">
        <testcase name="test__get with data set &quot;daysinmonth&quot;" assertions="1" time="0.010741"/>
        <testcase name="test__get with data set &quot;dayofweek&quot;" assertions="1" time="0.011094"/>
        <testcase name="test__get with data set &quot;dayofyear&quot;" assertions="1" time="0.010699"/>
        <testcase name="test__get with data set &quot;isleapyear&quot;" assertions="1" time="0.010520"/>
        <testcase name="test__get with data set &quot;day&quot;" assertions="1" time="0.010401"/>
        <testcase name="test__get with data set &quot;hour&quot;" assertions="1" time="0.010607"/>
        <testcase name="test__get with data set &quot;minute&quot;" assertions="1" time="0.010919"/>
        <testcase name="test__get with data set &quot;second&quot;" assertions="1" time="0.011126"/>
        <testcase name="test__get with data set &quot;month&quot;" assertions="1" time="0.010542"/>
        <testcase name="test__get with data set &quot;ordinal&quot;" assertions="1" time="0.010951"/>
        <testcase name="test__get with data set &quot;week&quot;" assertions="1" time="0.010488"/>
        <testcase name="test__get with data set &quot;year&quot;" assertions="1" time="0.010295"/>
      </testsuite>
      <testcase name="test__toString" class="JDateTest" file=".../tests/suite/joomla/utilities/JDateTest.php" line="544" assertions="1" time="0.010324"/>
      <testsuite name="JDateTest::testToString" tests="3" assertions="3" failures="0" errors="0" time="0.030595">
        <testcase name="testToString with data set &quot;basic&quot;" assertions="1" time="0.010117"/>
        <testcase name="testToString with data set &quot;mmmddyy&quot;" assertions="1" time="0.010367"/>
        <testcase name="testToString with data set &quot;Long&quot;" assertions="1" time="0.010111"/>
      </testsuite>
      <testcase name="testGetInstance" class="JDateTest" file=".../tests/suite/joomla/utilities/JDateTest.php" line="587" assertions="2" time="0.011214"/>
      <testsuite name="JDateTest::testGetOffsetFromGMT" tests="5" assertions="5" failures="0" errors="0" time="0.051835">
        <testcase name="testGetOffsetFromGMT with data set &quot;basic&quot;" assertions="1" time="0.010445"/>
        <testcase name="testGetOffsetFromGMT with data set &quot;Atlantic/Azores&quot;" assertions="1" time="0.010353"/>
        <testcase name="testGetOffsetFromGMT with data set &quot;&#9;/Hours&quot;" assertions="1" time="0.010275"/>
        <testcase name="testGetOffsetFromGMT with data set &quot;Australia/Brisbane&quot;" assertions="1" time="0.010113"/>
        <testcase name="testGetOffsetFromGMT with data set &quot;Australia/Brisbane/Hours&quot;" assertions="1" time="0.010649"/>
      </testsuite>
      <testsuite name="JDateTest::testFormat" tests="3" assertions="3" failures="0" errors="0" time="0.031765">
        <testcase name="testFormat with data set &quot;basic&quot;" assertions="1" time="0.010445"/>
        <testcase name="testFormat with data set &quot;mmddyy&quot;" assertions="1" time="0.010737"/>
        <testcase name="testFormat with data set &quot;mmddyyGMT&quot;" assertions="1" time="0.010583"/>
      </testsuite>
      <testsuite name="JDateTest::testToRFC822" tests="5" assertions="5" failures="0" errors="0" time="0.058483">
        <testcase name="testToRFC822 with data set &quot;basic&quot;" assertions="1" time="0.012993"/>
        <testcase name="testToRFC822 with data set &quot;Atlantic/AzoresGMT&quot;" assertions="1" time="0.011634"/>
        <testcase name="testToRFC822 with data set &quot;Atlantic/AzoresLocal&quot;" assertions="1" time="0.011149"/>
        <testcase name="testToRFC822 with data set &quot;Australia/BrisbaneGMT&quot;" assertions="1" time="0.011296"/>
        <testcase name="testToRFC822 with data set &quot;Australia/Brisbane/Local&quot;" assertions="1" time="0.011411"/>
      </testsuite>
      <testsuite name="JDateTest::testToISO8601" tests="5" assertions="5" failures="0" errors="0" time="0.055696">
        <testcase name="testToISO8601 with data set &quot;basic&quot;" assertions="1" time="0.010756"/>
        <testcase name="testToISO8601 with data set &quot;Atlantic/AzoresGMT&quot;" assertions="1" time="0.011558"/>
        <testcase name="testToISO8601 with data set &quot;Atlantic/AzoresLocal&quot;" assertions="1" time="0.011344"/>
        <testcase name="testToISO8601 with data set &quot;Australia/BrisbaneGMT&quot;" assertions="1" time="0.010840"/>
        <testcase name="testToISO8601 with data set &quot;Australia/Brisbane/Local&quot;" assertions="1" time="0.011198"/>
      </testsuite>
      <testsuite name="JDateTest::testToMySQL" tests="5" assertions="5" failures="0" errors="0" time="0.060389">
        <testcase name="testToMySQL with data set &quot;basic&quot;" assertions="1" time="0.012637"/>
        <testcase name="testToMySQL with data set &quot;Atlantic/AzoresGMT&quot;" assertions="1" time="0.011836"/>
        <testcase name="testToMySQL with data set &quot;Atlantic/AzoresLocal&quot;" assertions="1" time="0.012312"/>
        <testcase name="testToMySQL with data set &quot;Australia/BrisbaneGMT&quot;" assertions="1" time="0.011956"/>
        <testcase name="testToMySQL with data set &quot;Australia/Brisbane/Local&quot;" assertions="1" time="0.011648"/>
      </testsuite>
      <testsuite name="JDateTest::testToSql" tests="5" assertions="5" failures="0" errors="0" time="0.055682">
        <testcase name="testToSql with data set &quot;basic&quot;" assertions="1" time="0.011073"/>
        <testcase name="testToSql with data set &quot;Atlantic/AzoresGMT&quot;" assertions="1" time="0.010928"/>
        <testcase name="testToSql with data set &quot;Atlantic/AzoresLocal&quot;" assertions="1" time="0.010922"/>
        <testcase name="testToSql with data set &quot;Australia/BrisbaneGMT&quot;" assertions="1" time="0.011192"/>
        <testcase name="testToSql with data set &quot;Australia/Brisbane/Local&quot;" assertions="1" time="0.011567"/>
      </testsuite>
      <testsuite name="JDateTest::testToUnix" tests="5" assertions="5" failures="0" errors="0" time="0.054539">
        <testcase name="testToUnix with data set &quot;basic&quot;" assertions="1" time="0.011272"/>
        <testcase name="testToUnix with data set &quot;Atlantic/AzoresGMT&quot;" assertions="1" time="0.010471"/>
        <testcase name="testToUnix with data set &quot;Atlantic/AzoresLocal&quot;" assertions="1" time="0.010952"/>
        <testcase name="testToUnix with data set &quot;Australia/BrisbaneGMT&quot;" assertions="1" time="0.010968"/>
        <testcase name="testToUnix with data set &quot;Australia/Brisbane/Local&quot;" assertions="1" time="0.010876"/>
      </testsuite>
      <testsuite name="JDateTest::testSetTimezone" tests="6" assertions="6" failures="0" errors="0" time="0.064898">
        <testcase name="testSetTimezone with data set &quot;New_York&quot;" assertions="1" time="0.010993"/>
        <testcase name="testSetTimezone with data set &quot;Chicago&quot;" assertions="1" time="0.010781"/>
        <testcase name="testSetTimezone with data set &quot;Los_Angeles&quot;" assertions="1" time="0.010667"/>
        <testcase name="testSetTimezone with data set &quot;Isle of Man&quot;" assertions="1" time="0.010868"/>
        <testcase name="testSetTimezone with data set &quot;Berlin&quot;" assertions="1" time="0.010677"/>
        <testcase name="testSetTimezone with data set &quot;Pacific/Port_Moresby&quot;" assertions="1" time="0.010912"/>
      </testsuite>
    </testsuite>
    <testsuite name="JSimpleCryptTest" file=".../tests/suite/joomla/utilities/JSimpleCryptTest.php" fullPackage="Joomla.UnitTest.Utilities" package="Joomla.UnitTest" subpackage="Utilities" tests="12" assertions="24" failures="0" errors="0" time="0.281292">
      <testsuite name="JSimpleCryptTest::testDecrypt" tests="6" assertions="12" failures="0" errors="0" time="0.147671">
        <testcase name="testDecrypt with data set &quot;HelloDef&quot;" assertions="2" time="0.023614"/>
        <testcase name="testDecrypt with data set &quot;HelloKey&quot;" assertions="2" time="0.017228"/>
        <testcase name="testDecrypt with data set &quot;TypiDef&quot;" assertions="2" time="0.034379"/>
        <testcase name="testDecrypt with data set &quot;TypiKey&quot;" assertions="2" time="0.031259"/>
        <testcase name="testDecrypt with data set &quot;WildDef&quot;" assertions="2" time="0.022096"/>
        <testcase name="testDecrypt with data set &quot;WildKey&quot;" assertions="2" time="0.019095"/>
      </testsuite>
      <testsuite name="JSimpleCryptTest::testEncrypt" tests="6" assertions="12" failures="0" errors="0" time="0.133621">
        <testcase name="testEncrypt with data set &quot;HelloDef&quot;" assertions="2" time="0.019666"/>
        <testcase name="testEncrypt with data set &quot;HelloKey&quot;" assertions="2" time="0.016767"/>
        <testcase name="testEncrypt with data set &quot;TypiDef&quot;" assertions="2" time="0.029829"/>
        <testcase name="testEncrypt with data set &quot;TypiKey&quot;" assertions="2" time="0.027893"/>
        <testcase name="testEncrypt with data set &quot;WildDef&quot;" assertions="2" time="0.020874"/>
        <testcase name="testEncrypt with data set &quot;WildKey&quot;" assertions="2" time="0.018592"/>
      </testsuite>
    </testsuite>
    <testsuite name="JUtilityTest" file=".../tests/suite/joomla/utilities/JUtilityTest.php" fullPackage="Joomla.UnitTest.Utilities" package="Joomla.UnitTest" subpackage="Utilities" tests="2" assertions="2" failures="0" errors="0" time="0.028703">
      <testsuite name="JUtilityTest::testParseAttributes" tests="2" assertions="2" failures="0" errors="0" time="0.028703">
        <testcase name="testParseAttributes with data set &quot;jdoc&quot;" assertions="1" time="0.012897"/>
        <testcase name="testParseAttributes with data set &quot;xml&quot;" assertions="1" time="0.015806"/>
      </testsuite>
    </testsuite>
  </testsuite>
</testsuites>
