<?xml version="1.0" encoding="UTF-8"?>
<testsuites>
  <testsuite name="AllTests" tests="1997" assertions="11165" failures="0" errors="0" time="144.830508">
    <testsuite name="JLoaderTest" file=".../tests/suite/JLoaderTest.php" fullPackage="Joomla.UnitTest" package="Joomla.UnitTest" tests="12" assertions="26" failures="0" errors="0" time="0.272080">
      <testcase name="testDiscover" class="JLoaderTest" file=".../tests/suite/JLoaderTest.php" line="144" assertions="10" time="0.176689"/>
      <testcase name="testGetClassList" class="JLoaderTest" file=".../tests/suite/JLoaderTest.php" line="230" assertions="1" time="0.008335"/>
      <testcase name="testLoad" class="JLoaderTest" file=".../tests/suite/JLoaderTest.php" line="246" assertions="4" time="0.013366"/>
      <testsuite name="JLoaderTest::testImport" tests="5" assertions="5" failures="0" errors="0" time="0.041525">
        <testcase name="testImport with data set &quot;factory&quot;" assertions="1" time="0.008299"/>
        <testcase name="testImport with data set &quot;jfactory&quot;" assertions="1" time="0.008214"/>
        <testcase name="testImport with data set &quot;fred.factory&quot;" assertions="1" time="0.008222"/>
        <testcase name="testImport with data set &quot;bogus&quot;" assertions="1" time="0.008575"/>
        <testcase name="testImport with data set &quot;helper&quot;" assertions="1" time="0.008215"/>
      </testsuite>
      <testsuite name="JLoaderTest::testJimport" tests="2" assertions="2" failures="0" errors="0" time="0.016825">
        <testcase name="testJimport with data set &quot;fred.factory&quot;" assertions="1" time="0.008515"/>
        <testcase name="testJimport with data set &quot;helper&quot;" assertions="1" time="0.008310"/>
      </testsuite>
      <testcase name="testRegister" class="JLoaderTest" file=".../tests/suite/JLoaderTest.php" line="338" assertions="2" time="0.007640"/>
      <testcase name="testSetup" class="JLoaderTest" file=".../tests/suite/JLoaderTest.php" line="364" assertions="2" time="0.007700"/>
    </testsuite>
    <testsuite name="JFormFieldHelpsiteTest" file=".../tests/suite/cms/form/field/JFormFieldHelpsiteTest.php" fullPackage="Joomla.UnitTest.Form" package="Joomla.UnitTest" subpackage="Form" tests="0" assertions="0" failures="0" errors="0" time="0.000000"/>
    <testsuite name="JFormFieldMediaTest" file=".../tests/suite/cms/form/field/JFormFieldMediaTest.php" fullPackage="Joomla.UnitTest.Form" package="Joomla.UnitTest" subpackage="Form" tests="0" assertions="0" failures="0" errors="0" time="0.000000"/>
    <testsuite name="JTableContentTest" file=".../tests/suite/cms/table/JTableContentTest.php" tests="3" assertions="19" failures="0" errors="0" time="3.753626">
      <testcase name="testCheck" class="JTableContentTest" file=".../tests/suite/cms/table/JTableContentTest.php" line="87" assertions="7" time="1.187583"/>
      <testcase name="testStore" class="JTableContentTest" file=".../tests/suite/cms/table/JTableContentTest.php" line="141" assertions="6" time="1.342933"/>
      <testcase name="testPublish" class="JTableContentTest" file=".../tests/suite/cms/table/JTableContentTest.php" line="175" assertions="6" time="1.223110"/>
    </testsuite>
    <testsuite name="JFactoryTest" file=".../tests/suite/joomla/JFactoryTest.php" fullPackage="Joomla.UnitTest.Utilities" package="Joomla.UnitTest" subpackage="Utilities" tests="2" assertions="6" failures="0" errors="0" time="2.119795">
      <testcase name="testGetConfig" class="JFactoryTest" file=".../tests/suite/joomla/JFactoryTest.php" line="58" assertions="1" time="0.015489"/>
      <testcase name="testGetDate" class="JFactoryTest" file=".../tests/suite/joomla/JFactoryTest.php" line="79" assertions="5" time="2.104306"/>
    </testsuite>
    <testsuite name="JPlatformTest" file=".../tests/suite/joomla/JPlatformTest.php" fullPackage="Joomla.UnitTest.Utilities" package="Joomla.UnitTest" subpackage="Utilities" tests="7" assertions="6" failures="0" errors="0" time="0.059542">
      <testsuite name="JPlatformTest::testIsCompatible" tests="6" assertions="6" failures="0" errors="0" time="0.052750">
        <testcase name="testIsCompatible with data set &quot;wrong&quot;" assertions="1" time="0.008840"/>
        <testcase name="testIsCompatible with data set &quot;empty&quot;" assertions="1" time="0.008850"/>
        <testcase name="testIsCompatible with data set &quot;null&quot;" assertions="1" time="0.008767"/>
        <testcase name="testIsCompatible with data set &quot;itself&quot;" assertions="1" time="0.008772"/>
        <testcase name="testIsCompatible with data set &quot;version 1.5.22&quot;" assertions="1" time="0.008720"/>
        <testcase name="testIsCompatible with data set &quot;version 1.7.0&quot;" assertions="1" time="0.008801"/>
      </testsuite>
      <testcase name="testSetState" class="JPlatformTest" file=".../tests/suite/joomla/JPlatformTest.php" line="135" assertions="0" time="0.006792"/>
    </testsuite>
    <testsuite name="JAccessTest" file=".../tests/suite/joomla/access/JAccessTest.php" fullPackage="Joomla.UnitTest.Access" package="Joomla.UnitTest" subpackage="Access" tests="27" assertions="36" failures="0" errors="0" time="27.420864">
      <testcase name="testGetAuthorisedViewLevels" class="JAccessTest" file=".../tests/suite/joomla/access/JAccessTest.php" line="59" assertions="3" time="1.045835"/>
      <testsuite name="JAccessTest::testCheck" tests="11" assertions="11" failures="0" errors="0" time="11.060232">
        <testcase name="testCheck with data set &quot;valid_superuser_site_login&quot;" assertions="1" time="1.027096"/>
        <testcase name="testCheck with data set &quot;valid_editor_site_login&quot;" assertions="1" time="0.999241"/>
        <testcase name="testCheck with data set &quot;valid_manager_admin_login&quot;" assertions="1" time="1.001565"/>
        <testcase name="testCheck with data set &quot;valid_manager_login&quot;" assertions="1" time="0.993718"/>
        <testcase name="testCheck with data set &quot;super_user_admin&quot;" assertions="1" time="0.996901"/>
        <testcase name="testCheck with data set &quot;publisher_create_banner&quot;" assertions="1" time="0.994784"/>
        <testcase name="testCheck with data set &quot;publisher_delete_banner&quot;" assertions="1" time="1.002161"/>
        <testcase name="testCheck with data set &quot;invalid_user_group_login&quot;" assertions="1" time="1.013595"/>
        <testcase name="testCheck with data set &quot;invalid_action&quot;" assertions="1" time="1.002958"/>
        <testcase name="testCheck with data set &quot;invalid_asset_id&quot;" assertions="1" time="1.007208"/>
        <testcase name="testCheck with data set &quot;publisher_login_admin&quot;" assertions="1" time="1.021005"/>
      </testsuite>
      <testsuite name="JAccessTest::testCheckGroup" tests="12" assertions="12" failures="0" errors="0" time="12.207536">
        <testcase name="testCheckGroup with data set &quot;valid_superuser_site_login&quot;" assertions="1" time="0.994301"/>
        <testcase name="testCheckGroup with data set &quot;valid_editor_site_login&quot;" assertions="1" time="1.038140"/>
        <testcase name="testCheckGroup with data set &quot;valid_manager_admin_login&quot;" assertions="1" time="1.022252"/>
        <testcase name="testCheckGroup with data set &quot;valid_manager_login&quot;" assertions="1" time="1.001942"/>
        <testcase name="testCheckGroup with data set &quot;super_user_admin&quot;" assertions="1" time="1.034115"/>
        <testcase name="testCheckGroup with data set &quot;null_asset&quot;" assertions="1" time="1.012238"/>
        <testcase name="testCheckGroup with data set &quot;publisher_create_banner&quot;" assertions="1" time="1.009961"/>
        <testcase name="testCheckGroup with data set &quot;publisher_delete_banner&quot;" assertions="1" time="1.025173"/>
        <testcase name="testCheckGroup with data set &quot;invalid_user_group_login&quot;" assertions="1" time="1.039006"/>
        <testcase name="testCheckGroup with data set &quot;invalid_action&quot;" assertions="1" time="1.019169"/>
        <testcase name="testCheckGroup with data set &quot;invalid_asset_id&quot;" assertions="1" time="1.013455"/>
        <testcase name="testCheckGroup with data set &quot;publisher_login_admin&quot;" assertions="1" time="0.997785"/>
      </testsuite>
      <testcase name="testGetAssetRules" class="JAccessTest" file=".../tests/suite/joomla/access/JAccessTest.php" line="291" assertions="4" time="1.027191"/>
      <testcase name="testGetUsersByGroup" class="JAccessTest" file=".../tests/suite/joomla/access/JAccessTest.php" line="338" assertions="3" time="1.031083"/>
      <testcase name="testGetGroupsByUser" class="JAccessTest" file=".../tests/suite/joomla/access/JAccessTest.php" line="372" assertions="3" time="1.048987"/>
    </testsuite>
    <testsuite name="JRuleTest" file=".../tests/suite/joomla/access/JRuleTest.php" fullPackage="Joomla.Platform" package="Joomla.Platform" tests="4" assertions="13" failures="0" errors="0" time="0.054151">
      <testcase name="test__construct" class="JRuleTest" file=".../tests/suite/joomla/access/JRuleTest.php" line="24" assertions="2" time="0.013855"/>
      <testcase name="testMergeIdentity" class="JRuleTest" file=".../tests/suite/joomla/access/JRuleTest.php" line="72" assertions="3" time="0.013069"/>
      <testcase name="testMergeIdentities" class="JRuleTest" file=".../tests/suite/joomla/access/JRuleTest.php" line="106" assertions="4" time="0.016141"/>
      <testcase name="testAllow" class="JRuleTest" file=".../tests/suite/joomla/access/JRuleTest.php" line="168" assertions="4" time="0.011086"/>
    </testsuite>
    <testsuite name="JRulesTest" file=".../tests/suite/joomla/access/JRulesTest.php" fullPackage="Joomla.Platform" package="Joomla.Platform" tests="5" assertions="16" failures="0" errors="0" time="0.077798">
      <testcase name="test__construct" class="JRulesTest" file=".../tests/suite/joomla/access/JRulesTest.php" line="28" assertions="3" time="0.014952"/>
      <testcase name="testMergeRule" class="JRulesTest" file=".../tests/suite/joomla/access/JRulesTest.php" line="72" assertions="2" time="0.011946"/>
      <testcase name="testMerge" class="JRulesTest" file=".../tests/suite/joomla/access/JRulesTest.php" line="130" assertions="4" time="0.020641"/>
      <testcase name="testAllow" class="JRulesTest" file=".../tests/suite/joomla/access/JRulesTest.php" line="203" assertions="6" time="0.013492"/>
      <testcase name="testGetAllowed" class="JRulesTest" file=".../tests/suite/joomla/access/JRulesTest.php" line="255" assertions="1" time="0.016767"/>
    </testsuite>
    <testsuite name="JApplicationCliTest" file=".../tests/suite/joomla/application/JApplicationCliTest.php" fullPackage="Joomla.UnitTest.Application" package="Joomla.UnitTest" subpackage="Application" tests="13" assertions="37" failures="0" errors="0" time="0.398378">
      <testcase name="test__construct" class="JApplicationCliTest" file=".../tests/suite/joomla/application/JApplicationCliTest.php" line="69" assertions="5" time="0.021198"/>
      <testcase name="test__constructDependancyInjection" class="JApplicationCliTest" file=".../tests/suite/joomla/application/JApplicationCliTest.php" line="111" assertions="6" time="0.060574"/>
      <testcase name="testClose" class="JApplicationCliTest" file=".../tests/suite/joomla/application/JApplicationCliTest.php" line="165" assertions="2" time="0.017404"/>
      <testcase name="testExecute" class="JApplicationCliTest" file=".../tests/suite/joomla/application/JApplicationCliTest.php" line="191" assertions="2" time="0.074177"/>
      <testsuite name="JApplicationCliTest::testFetchConfigurationData" tests="2" assertions="3" failures="0" errors="0" time="0.037270">
        <testcase name="testFetchConfigurationData with data set &quot;Default configuration class&quot;" assertions="2" time="0.020032"/>
        <testcase name="testFetchConfigurationData with data set &quot;Custom file, invalid class&quot;" assertions="1" time="0.017238"/>
      </testsuite>
      <testcase name="testGet" class="JApplicationCliTest" file=".../tests/suite/joomla/application/JApplicationCliTest.php" line="294" assertions="2" time="0.019289"/>
      <testcase name="testGetInstance" class="JApplicationCliTest" file=".../tests/suite/joomla/application/JApplicationCliTest.php" line="320" assertions="3" time="0.024899"/>
      <testcase name="testLoadConfiguration" class="JApplicationCliTest" file=".../tests/suite/joomla/application/JApplicationCliTest.php" line="352" assertions="3" time="0.020079"/>
      <testcase name="testLoadDispatcher" class="JApplicationCliTest" file=".../tests/suite/joomla/application/JApplicationCliTest.php" line="390" assertions="3" time="0.031652"/>
      <testcase name="testRegisterEvent" class="JApplicationCliTest" file=".../tests/suite/joomla/application/JApplicationCliTest.php" line="417" assertions="3" time="0.031159"/>
      <testcase name="testSet" class="JApplicationCliTest" file=".../tests/suite/joomla/application/JApplicationCliTest.php" line="441" assertions="2" time="0.019897"/>
      <testcase name="testTriggerEvents" class="JApplicationCliTest" file=".../tests/suite/joomla/application/JApplicationCliTest.php" line="467" assertions="3" time="0.040780"/>
    </testsuite>
    <testsuite name="JApplicationDaemonTest" file=".../tests/suite/joomla/application/JApplicationDaemonTest.php" fullPackage="Joomla.UnitTest.Application" package="Joomla.UnitTest" subpackage="Application" tests="3" assertions="6" failures="0" errors="0" time="0.070784">
      <testcase name="testSetupSignalHandlers" class="JApplicationDaemonTest" file=".../tests/suite/joomla/application/JApplicationDaemonTest.php" line="184" assertions="2" time="0.023428"/>
      <testcase name="testSetupSignalHandlersFailure" class="JApplicationDaemonTest" file=".../tests/suite/joomla/application/JApplicationDaemonTest.php" line="208" assertions="2" time="0.023663"/>
      <testcase name="testWriteProcessIdFile" class="JApplicationDaemonTest" file=".../tests/suite/joomla/application/JApplicationDaemonTest.php" line="269" assertions="2" time="0.023693"/>
    </testsuite>
    <testsuite name="JApplicationHelperTest" file=".../tests/suite/joomla/application/JApplicationHelperTest.php" tests="0" assertions="0" failures="0" errors="0" time="0.000000"/>
    <testsuite name="JApplicationTest" file=".../tests/suite/joomla/application/JApplicationTest.php" tests="2" assertions="2" failures="0" errors="0" time="0.018524">
      <testcase name="testConstructJInput" class="JApplicationTest" file=".../tests/suite/joomla/application/JApplicationTest.php" line="40" assertions="1" time="0.009105"/>
      <testcase name="testGetHash" class="JApplicationTest" file=".../tests/suite/joomla/application/JApplicationTest.php" line="246" assertions="1" time="0.009419"/>
    </testsuite>
    <testsuite name="JApplicationWebTest" file=".../tests/suite/joomla/application/JApplicationWebTest.php" fullPackage="Joomla.UnitTest.Application" package="Joomla.UnitTest" subpackage="Application" tests="48" assertions="216" failures="0" errors="0" time="2.351699">
      <testcase name="test__construct" class="JApplicationWebTest" file=".../tests/suite/joomla/application/JApplicationWebTest.php" line="135" assertions="8" time="0.045034"/>
      <testcase name="test__constructDependancyInjection" class="JApplicationWebTest" file=".../tests/suite/joomla/application/JApplicationWebTest.php" line="183" assertions="8" time="0.066228"/>
      <testcase name="testAllowCache" class="JApplicationWebTest" file=".../tests/suite/joomla/application/JApplicationWebTest.php" line="237" assertions="5" time="0.034345"/>
      <testcase name="testAppendBody" class="JApplicationWebTest" file=".../tests/suite/joomla/application/JApplicationWebTest.php" line="265" assertions="4" time="0.048365"/>
      <testcase name="testClearHeaders" class="JApplicationWebTest" file=".../tests/suite/joomla/application/JApplicationWebTest.php" line="298" assertions="3" time="0.034976"/>
      <testcase name="testClose" class="JApplicationWebTest" file=".../tests/suite/joomla/application/JApplicationWebTest.php" line="326" assertions="4" time="0.033845"/>
      <testcase name="testCompressWithGzipEncoding" class="JApplicationWebTest" file=".../tests/suite/joomla/application/JApplicationWebTest.php" line="352" assertions="4" time="0.050138"/>
      <testcase name="testCompressWithDeflateEncoding" class="JApplicationWebTest" file=".../tests/suite/joomla/application/JApplicationWebTest.php" line="404" assertions="4" time="0.048849"/>
      <testcase name="testCompressWithNoAcceptEncodings" class="JApplicationWebTest" file=".../tests/suite/joomla/application/JApplicationWebTest.php" line="456" assertions="4" time="0.037235"/>
      <testcase name="testCompressWithHeadersSent" class="JApplicationWebTest" file=".../tests/suite/joomla/application/JApplicationWebTest.php" line="505" assertions="4" time="0.036689"/>
      <testcase name="testCompressWithUnsupportedEncodings" class="JApplicationWebTest" file=".../tests/suite/joomla/application/JApplicationWebTest.php" line="559" assertions="4" time="0.037054"/>
      <testsuite name="JApplicationWebTest::testDetectRequestUri" tests="4" assertions="12" failures="0" errors="0" time="0.139909">
        <testcase name="testDetectRequestUri with data set #0" assertions="3" time="0.034748"/>
        <testcase name="testDetectRequestUri with data set #1" assertions="3" time="0.035010"/>
        <testcase name="testDetectRequestUri with data set #2" assertions="3" time="0.035110"/>
        <testcase name="testDetectRequestUri with data set #3" assertions="3" time="0.035041"/>
      </testsuite>
      <testcase name="testExecuteWithoutDocument" class="JApplicationWebTest" file=".../tests/suite/joomla/application/JApplicationWebTest.php" line="635" assertions="4" time="0.129641"/>
      <testcase name="testExecuteWithDocument" class="JApplicationWebTest" file=".../tests/suite/joomla/application/JApplicationWebTest.php" line="671" assertions="7" time="0.189969"/>
      <testsuite name="JApplicationWebTest::testFetchConfigurationData" tests="2" assertions="7" failures="0" errors="0" time="0.073890">
        <testcase name="testFetchConfigurationData with data set &quot;Default configuration class&quot;" assertions="4" time="0.038076"/>
        <testcase name="testFetchConfigurationData with data set &quot;Custom file, invalid class&quot;" assertions="3" time="0.035814"/>
      </testsuite>
      <testcase name="testGet" class="JApplicationWebTest" file=".../tests/suite/joomla/application/JApplicationWebTest.php" line="804" assertions="4" time="0.037638"/>
      <testcase name="testGetBody" class="JApplicationWebTest" file=".../tests/suite/joomla/application/JApplicationWebTest.php" line="830" assertions="5" time="0.044949"/>
      <testcase name="testGetHeaders" class="JApplicationWebTest" file=".../tests/suite/joomla/application/JApplicationWebTest.php" line="868" assertions="3" time="0.036816"/>
      <testcase name="testGetInstance" class="JApplicationWebTest" file=".../tests/suite/joomla/application/JApplicationWebTest.php" line="894" assertions="5" time="0.050748"/>
      <testcase name="testInitialiseWithDefaults" class="JApplicationWebTest" file=".../tests/suite/joomla/application/JApplicationWebTest.php" line="926" assertions="5" time="0.035686"/>
      <testcase name="testInitialiseWithFalse" class="JApplicationWebTest" file=".../tests/suite/joomla/application/JApplicationWebTest.php" line="958" assertions="5" time="0.038932"/>
      <testcase name="testInitialiseWithInjection" class="JApplicationWebTest" file=".../tests/suite/joomla/application/JApplicationWebTest.php" line="988" assertions="10" time="0.072778"/>
      <testcase name="testLoadConfiguration" class="JApplicationWebTest" file=".../tests/suite/joomla/application/JApplicationWebTest.php" line="1056" assertions="5" time="0.037911"/>
      <testcase name="testLoadDocument" class="JApplicationWebTest" file=".../tests/suite/joomla/application/JApplicationWebTest.php" line="1106" assertions="5" time="0.047072"/>
      <testcase name="testLoadLanguage" class="JApplicationWebTest" file=".../tests/suite/joomla/application/JApplicationWebTest.php" line="1133" assertions="4" time="0.045459"/>
      <testcase name="testLoadSystemUrisWithSiteUriSet" class="JApplicationWebTest" file=".../tests/suite/joomla/application/JApplicationWebTest.php" line="1169" assertions="7" time="0.048372"/>
      <testcase name="testLoadSystemUrisWithoutSiteUriSet" class="JApplicationWebTest" file=".../tests/suite/joomla/application/JApplicationWebTest.php" line="1215" assertions="7" time="0.048386"/>
      <testcase name="testLoadSystemUrisWithoutSiteUriWithMediaUriSet" class="JApplicationWebTest" file=".../tests/suite/joomla/application/JApplicationWebTest.php" line="1257" assertions="7" time="0.047390"/>
      <testcase name="testLoadSystemUrisWithoutSiteUriWithRelativeMediaUriSet" class="JApplicationWebTest" file=".../tests/suite/joomla/application/JApplicationWebTest.php" line="1304" assertions="7" time="0.047540"/>
      <testcase name="testPrependBody" class="JApplicationWebTest" file=".../tests/suite/joomla/application/JApplicationWebTest.php" line="1351" assertions="4" time="0.048645"/>
      <testcase name="testRedirect" class="JApplicationWebTest" file=".../tests/suite/joomla/application/JApplicationWebTest.php" line="1384" assertions="3" time="0.062193"/>
      <testcase name="testRedirectWithHeadersSent" class="JApplicationWebTest" file=".../tests/suite/joomla/application/JApplicationWebTest.php" line="1424" assertions="3" time="0.036070"/>
      <testcase name="testRedirectWithJavascriptRedirect" class="JApplicationWebTest" file=".../tests/suite/joomla/application/JApplicationWebTest.php" line="1457" assertions="3" time="0.036089"/>
      <testcase name="testRedirectWithMoved" class="JApplicationWebTest" file=".../tests/suite/joomla/application/JApplicationWebTest.php" line="1493" assertions="3" time="0.060281"/>
      <testsuite name="JApplicationWebTest::testRedirectWithUrl" tests="2" assertions="6" failures="0" errors="0" time="0.074294">
        <testcase name="testRedirectWithUrl with data set #0" assertions="3" time="0.037411"/>
        <testcase name="testRedirectWithUrl with data set #1" assertions="3" time="0.036883"/>
      </testsuite>
      <testcase name="testRedirectWithWebkitBug" class="JApplicationWebTest" file=".../tests/suite/joomla/application/JApplicationWebTest.php" line="1559" assertions="3" time="0.036100"/>
      <testcase name="testRegisterEvent" class="JApplicationWebTest" file=".../tests/suite/joomla/application/JApplicationWebTest.php" line="1595" assertions="5" time="0.048469"/>
      <testcase name="testRender" class="JApplicationWebTest" file=".../tests/suite/joomla/application/JApplicationWebTest.php" line="1619" assertions="4" time="0.058780"/>
      <testcase name="testSendHeaders" class="JApplicationWebTest" file=".../tests/suite/joomla/application/JApplicationWebTest.php" line="1657" assertions="4" time="0.052063"/>
      <testcase name="testSet" class="JApplicationWebTest" file=".../tests/suite/joomla/application/JApplicationWebTest.php" line="1689" assertions="4" time="0.037119"/>
      <testcase name="testSetBody" class="JApplicationWebTest" file=".../tests/suite/joomla/application/JApplicationWebTest.php" line="1715" assertions="4" time="0.041167"/>
      <testcase name="testSetHeader" class="JApplicationWebTest" file=".../tests/suite/joomla/application/JApplicationWebTest.php" line="1745" assertions="4" time="0.055550"/>
      <testcase name="testTriggerEvents" class="JApplicationWebTest" file=".../tests/suite/joomla/application/JApplicationWebTest.php" line="1790" assertions="5" time="0.059034"/>
    </testsuite>
    <testsuite name="JCategoriesTest" file=".../tests/suite/joomla/application/JCategoriesTest.php" tests="0" assertions="0" failures="0" errors="0" time="0.000000"/>
    <testsuite name="JCategoryNodeTest" file=".../tests/suite/joomla/application/JCategoryNodeTest.php" tests="0" assertions="0" failures="0" errors="0" time="0.000000"/>
    <testsuite name="JInputTest" file=".../tests/suite/joomla/application/JInputTest.php" tests="4" assertions="13" failures="0" errors="0" time="0.103101">
      <testcase name="testGet" class="JInputTest" file=".../tests/suite/joomla/application/JInputTest.php" line="36" assertions="3" time="0.015612"/>
      <testcase name="testGetArray" class="JInputTest" file=".../tests/suite/joomla/application/JInputTest.php" line="70" assertions="4" time="0.038285"/>
      <testcase name="testGetArrayNested" class="JInputTest" file=".../tests/suite/joomla/application/JInputTest.php" line="113" assertions="4" time="0.037223"/>
      <testcase name="testGetFromCookie" class="JInputTest" file=".../tests/suite/joomla/application/JInputTest.php" line="159" assertions="2" time="0.011981"/>
    </testsuite>
    <testsuite name="JMenuTest" file=".../tests/suite/joomla/application/JMenuTest.php" tests="0" assertions="0" failures="0" errors="0" time="0.000000"/>
    <testsuite name="JPathwayTest" file=".../tests/suite/joomla/application/JPathwayTest.php" tests="0" assertions="0" failures="0" errors="0" time="0.000000"/>
    <testsuite name="JRouterTest" file=".../tests/suite/joomla/application/JRouterTest.php" tests="8" assertions="12" failures="0" errors="0" time="0.112550">
      <testsuite name="JRouterTest::testSetVar" tests="4" assertions="4" failures="0" errors="0" time="0.037039">
        <testcase name="testSetVar with data set #0" assertions="1" time="0.009268"/>
        <testcase name="testSetVar with data set #1" assertions="1" time="0.009275"/>
        <testcase name="testSetVar with data set #2" assertions="1" time="0.009238"/>
        <testcase name="testSetVar with data set #3" assertions="1" time="0.009258"/>
      </testsuite>
      <testsuite name="JRouterTest::test_processParseRules" tests="4" assertions="8" failures="0" errors="0" time="0.075511">
        <testcase name="test_processParseRules with data set #0" assertions="2" time="0.017957"/>
        <testcase name="test_processParseRules with data set #1" assertions="2" time="0.017281"/>
        <testcase name="test_processParseRules with data set #2" assertions="2" time="0.019940"/>
        <testcase name="test_processParseRules with data set #3" assertions="2" time="0.020333"/>
      </testsuite>
    </testsuite>
    <testsuite name="JComponentHelperTest" file=".../tests/suite/joomla/application/component/JComponentHelperTest.php" tests="0" assertions="0" failures="0" errors="0" time="0.000000"/>
    <testsuite name="JControllerFormTest" file=".../tests/suite/joomla/application/component/JControllerFormTest.php" tests="1" assertions="6" failures="0" errors="0" time="0.030099">
      <testcase name="testConstructor" class="JControllerFormTest" file=".../tests/suite/joomla/application/component/JControllerFormTest.php" line="25" assertions="6" time="0.030099"/>
    </testsuite>
    <testsuite name="JControllerTest" file=".../tests/suite/joomla/application/component/JControllerTest.php" tests="10" assertions="51" failures="0" errors="0" time="0.227541">
      <testcase name="test__construct" class="JControllerTest" file=".../tests/suite/joomla/application/component/JControllerTest.php" line="46" assertions="1" time="0.025296"/>
      <testcase name="testAddModelPath" class="JControllerTest" file=".../tests/suite/joomla/application/component/JControllerTest.php" line="65" assertions="1" time="0.011252"/>
      <testcase name="testAddPath" class="JControllerTest" file=".../tests/suite/joomla/application/component/JControllerTest.php" line="91" assertions="3" time="0.015990"/>
      <testcase name="testAddViewPath" class="JControllerTest" file=".../tests/suite/joomla/application/component/JControllerTest.php" line="121" assertions="3" time="0.015949"/>
      <testcase name="testGetInstanceException" class="JControllerTest" file=".../tests/suite/joomla/application/component/JControllerTest.php" line="243" assertions="1" time="0.014358"/>
      <testcase name="testGetName" class="JControllerTest" file=".../tests/suite/joomla/application/component/JControllerTest.php" line="260" assertions="2" time="0.013550"/>
      <testcase name="testGetTask" class="JControllerTest" file=".../tests/suite/joomla/application/component/JControllerTest.php" line="282" assertions="2" time="0.013718"/>
      <testcase name="testGetTasks" class="JControllerTest" file=".../tests/suite/joomla/application/component/JControllerTest.php" line="300" assertions="1" time="0.021463"/>
      <testcase name="testSetMessage" class="JControllerTest" file=".../tests/suite/joomla/application/component/JControllerTest.php" line="354" assertions="4" time="0.020318"/>
      <testcase name="testSetRedirect" class="JControllerTest" file=".../tests/suite/joomla/application/component/JControllerTest.php" line="390" assertions="33" time="0.075647"/>
    </testsuite>
    <testsuite name="JModelAdminTest" file=".../tests/suite/joomla/application/component/JModelAdminTest.php" tests="0" assertions="0" failures="0" errors="0" time="0.000000"/>
    <testsuite name="JModelFormTest" file=".../tests/suite/joomla/application/component/JModelFormTest.php" tests="0" assertions="0" failures="0" errors="0" time="0.000000"/>
    <testsuite name="JModelItemTest" file=".../tests/suite/joomla/application/component/JModelItemTest.php" tests="0" assertions="0" failures="0" errors="0" time="0.000000"/>
    <testsuite name="JModelListTest" file=".../tests/suite/joomla/application/component/JModelListTest.php" tests="0" assertions="0" failures="0" errors="0" time="0.000000"/>
    <testsuite name="JModelTest" file=".../tests/suite/joomla/application/component/JModelTest.php" tests="0" assertions="0" failures="0" errors="0" time="0.000000"/>
    <testsuite name="JViewTest" file=".../tests/suite/joomla/application/component/JViewTest.php" tests="0" assertions="0" failures="0" errors="0" time="0.000000"/>
    <testsuite name="JInputCLITest" file=".../tests/suite/joomla/application/input/JInputCLITest.php" tests="4" assertions="15" failures="0" errors="0" time="0.054266">
      <testcase name="testGet" class="JInputCLITest" file=".../tests/suite/joomla/application/input/JInputCLITest.php" line="36" assertions="4" time="0.014020"/>
      <testcase name="testParseLongArguments" class="JInputCLITest" file=".../tests/suite/joomla/application/input/JInputCLITest.php" line="69" assertions="4" time="0.011537"/>
      <testcase name="testParseShortArguments" class="JInputCLITest" file=".../tests/suite/joomla/application/input/JInputCLITest.php" line="102" assertions="5" time="0.018334"/>
      <testcase name="testGetFromServer" class="JInputCLITest" file=".../tests/suite/joomla/application/input/JInputCLITest.php" line="141" assertions="2" time="0.010375"/>
    </testsuite>
    <testsuite name="JModuleHelperTest" file=".../tests/suite/joomla/application/module/JModuleHelperTest.php" tests="0" assertions="0" failures="0" errors="0" time="0.000000"/>
    <testsuite name="JWebClientTest" file=".../tests/suite/joomla/application/web/JWebClientTest.php" tests="104" assertions="164" failures="0" errors="0" time="1.161454">
      <testsuite name="JWebClientTest::testDetectBrowser" tests="30" assertions="60" failures="0" errors="0" time="0.340046">
        <testcase name="testDetectBrowser with data set #0" assertions="2" time="0.011415"/>
        <testcase name="testDetectBrowser with data set #1" assertions="2" time="0.011252"/>
        <testcase name="testDetectBrowser with data set #2" assertions="2" time="0.011302"/>
        <testcase name="testDetectBrowser with data set #3" assertions="2" time="0.011188"/>
        <testcase name="testDetectBrowser with data set #4" assertions="2" time="0.011293"/>
        <testcase name="testDetectBrowser with data set #5" assertions="2" time="0.011281"/>
        <testcase name="testDetectBrowser with data set #6" assertions="2" time="0.011285"/>
        <testcase name="testDetectBrowser with data set #7" assertions="2" time="0.011225"/>
        <testcase name="testDetectBrowser with data set #8" assertions="2" time="0.011215"/>
        <testcase name="testDetectBrowser with data set #9" assertions="2" time="0.011294"/>
        <testcase name="testDetectBrowser with data set #10" assertions="2" time="0.011278"/>
        <testcase name="testDetectBrowser with data set #11" assertions="2" time="0.011353"/>
        <testcase name="testDetectBrowser with data set #12" assertions="2" time="0.011333"/>
        <testcase name="testDetectBrowser with data set #13" assertions="2" time="0.011374"/>
        <testcase name="testDetectBrowser with data set #14" assertions="2" time="0.011280"/>
        <testcase name="testDetectBrowser with data set #15" assertions="2" time="0.011427"/>
        <testcase name="testDetectBrowser with data set #16" assertions="2" time="0.011586"/>
        <testcase name="testDetectBrowser with data set #17" assertions="2" time="0.011137"/>
        <testcase name="testDetectBrowser with data set #18" assertions="2" time="0.011526"/>
        <testcase name="testDetectBrowser with data set #19" assertions="2" time="0.011339"/>
        <testcase name="testDetectBrowser with data set #20" assertions="2" time="0.011261"/>
        <testcase name="testDetectBrowser with data set #21" assertions="2" time="0.011563"/>
        <testcase name="testDetectBrowser with data set #22" assertions="2" time="0.011362"/>
        <testcase name="testDetectBrowser with data set #23" assertions="2" time="0.011532"/>
        <testcase name="testDetectBrowser with data set #24" assertions="2" time="0.011376"/>
        <testcase name="testDetectBrowser with data set #25" assertions="2" time="0.011293"/>
        <testcase name="testDetectBrowser with data set #26" assertions="2" time="0.011150"/>
        <testcase name="testDetectBrowser with data set #27" assertions="2" time="0.011406"/>
        <testcase name="testDetectBrowser with data set #28" assertions="2" time="0.011348"/>
        <testcase name="testDetectBrowser with data set #29" assertions="2" time="0.011371"/>
      </testsuite>
      <testsuite name="JWebClientTest::testDetectEncoding" tests="7" assertions="7" failures="0" errors="0" time="0.100631">
        <testcase name="testDetectEncoding with data set #0" assertions="1" time="0.014021"/>
        <testcase name="testDetectEncoding with data set #1" assertions="1" time="0.014216"/>
        <testcase name="testDetectEncoding with data set #2" assertions="1" time="0.016323"/>
        <testcase name="testDetectEncoding with data set #3" assertions="1" time="0.013894"/>
        <testcase name="testDetectEncoding with data set #4" assertions="1" time="0.014159"/>
        <testcase name="testDetectEncoding with data set #5" assertions="1" time="0.013929"/>
        <testcase name="testDetectEncoding with data set #6" assertions="1" time="0.014089"/>
      </testsuite>
      <testsuite name="JWebClientTest::testDetectEngine" tests="30" assertions="30" failures="0" errors="0" time="0.281343">
        <testcase name="testDetectEngine with data set #0" assertions="1" time="0.009428"/>
        <testcase name="testDetectEngine with data set #1" assertions="1" time="0.009345"/>
        <testcase name="testDetectEngine with data set #2" assertions="1" time="0.009278"/>
        <testcase name="testDetectEngine with data set #3" assertions="1" time="0.009322"/>
        <testcase name="testDetectEngine with data set #4" assertions="1" time="0.009354"/>
        <testcase name="testDetectEngine with data set #5" assertions="1" time="0.009353"/>
        <testcase name="testDetectEngine with data set #6" assertions="1" time="0.009256"/>
        <testcase name="testDetectEngine with data set #7" assertions="1" time="0.009258"/>
        <testcase name="testDetectEngine with data set #8" assertions="1" time="0.009290"/>
        <testcase name="testDetectEngine with data set #9" assertions="1" time="0.009448"/>
        <testcase name="testDetectEngine with data set #10" assertions="1" time="0.009255"/>
        <testcase name="testDetectEngine with data set #11" assertions="1" time="0.009484"/>
        <testcase name="testDetectEngine with data set #12" assertions="1" time="0.009392"/>
        <testcase name="testDetectEngine with data set #13" assertions="1" time="0.009251"/>
        <testcase name="testDetectEngine with data set #14" assertions="1" time="0.009530"/>
        <testcase name="testDetectEngine with data set #15" assertions="1" time="0.009372"/>
        <testcase name="testDetectEngine with data set #16" assertions="1" time="0.009375"/>
        <testcase name="testDetectEngine with data set #17" assertions="1" time="0.009221"/>
        <testcase name="testDetectEngine with data set #18" assertions="1" time="0.009424"/>
        <testcase name="testDetectEngine with data set #19" assertions="1" time="0.009489"/>
        <testcase name="testDetectEngine with data set #20" assertions="1" time="0.009444"/>
        <testcase name="testDetectEngine with data set #21" assertions="1" time="0.009451"/>
        <testcase name="testDetectEngine with data set #22" assertions="1" time="0.009401"/>
        <testcase name="testDetectEngine with data set #23" assertions="1" time="0.009564"/>
        <testcase name="testDetectEngine with data set #24" assertions="1" time="0.009338"/>
        <testcase name="testDetectEngine with data set #25" assertions="1" time="0.009307"/>
        <testcase name="testDetectEngine with data set #26" assertions="1" time="0.009336"/>
        <testcase name="testDetectEngine with data set #27" assertions="1" time="0.009374"/>
        <testcase name="testDetectEngine with data set #28" assertions="1" time="0.009439"/>
        <testcase name="testDetectEngine with data set #29" assertions="1" time="0.009565"/>
      </testsuite>
      <testsuite name="JWebClientTest::testDetectLanguage" tests="7" assertions="7" failures="0" errors="0" time="0.100937">
        <testcase name="testDetectLanguage with data set #0" assertions="1" time="0.014080"/>
        <testcase name="testDetectLanguage with data set #1" assertions="1" time="0.013853"/>
        <testcase name="testDetectLanguage with data set #2" assertions="1" time="0.016512"/>
        <testcase name="testDetectLanguage with data set #3" assertions="1" time="0.013960"/>
        <testcase name="testDetectLanguage with data set #4" assertions="1" time="0.013923"/>
        <testcase name="testDetectLanguage with data set #5" assertions="1" time="0.014103"/>
        <testcase name="testDetectLanguage with data set #6" assertions="1" time="0.014506"/>
      </testsuite>
      <testsuite name="JWebClientTest::testDetectPlatform" tests="30" assertions="60" failures="0" errors="0" time="0.338497">
        <testcase name="testDetectPlatform with data set #0" assertions="2" time="0.011245"/>
        <testcase name="testDetectPlatform with data set #1" assertions="2" time="0.011311"/>
        <testcase name="testDetectPlatform with data set #2" assertions="2" time="0.011211"/>
        <testcase name="testDetectPlatform with data set #3" assertions="2" time="0.011256"/>
        <testcase name="testDetectPlatform with data set #4" assertions="2" time="0.011196"/>
        <testcase name="testDetectPlatform with data set #5" assertions="2" time="0.011320"/>
        <testcase name="testDetectPlatform with data set #6" assertions="2" time="0.011250"/>
        <testcase name="testDetectPlatform with data set #7" assertions="2" time="0.011439"/>
        <testcase name="testDetectPlatform with data set #8" assertions="2" time="0.011135"/>
        <testcase name="testDetectPlatform with data set #9" assertions="2" time="0.011405"/>
        <testcase name="testDetectPlatform with data set #10" assertions="2" time="0.011199"/>
        <testcase name="testDetectPlatform with data set #11" assertions="2" time="0.011277"/>
        <testcase name="testDetectPlatform with data set #12" assertions="2" time="0.011289"/>
        <testcase name="testDetectPlatform with data set #13" assertions="2" time="0.011516"/>
        <testcase name="testDetectPlatform with data set #14" assertions="2" time="0.011246"/>
        <testcase name="testDetectPlatform with data set #15" assertions="2" time="0.011191"/>
        <testcase name="testDetectPlatform with data set #16" assertions="2" time="0.011303"/>
        <testcase name="testDetectPlatform with data set #17" assertions="2" time="0.011651"/>
        <testcase name="testDetectPlatform with data set #18" assertions="2" time="0.011268"/>
        <testcase name="testDetectPlatform with data set #19" assertions="2" time="0.011182"/>
        <testcase name="testDetectPlatform with data set #20" assertions="2" time="0.011413"/>
        <testcase name="testDetectPlatform with data set #21" assertions="2" time="0.011308"/>
        <testcase name="testDetectPlatform with data set #22" assertions="2" time="0.011316"/>
        <testcase name="testDetectPlatform with data set #23" assertions="2" time="0.011246"/>
        <testcase name="testDetectPlatform with data set #24" assertions="2" time="0.011236"/>
        <testcase name="testDetectPlatform with data set #25" assertions="2" time="0.011149"/>
        <testcase name="testDetectPlatform with data set #26" assertions="2" time="0.011197"/>
        <testcase name="testDetectPlatform with data set #27" assertions="2" time="0.011122"/>
        <testcase name="testDetectPlatform with data set #28" assertions="2" time="0.011306"/>
        <testcase name="testDetectPlatform with data set #29" assertions="2" time="0.011314"/>
      </testsuite>
    </testsuite>
    <testsuite name="JAdapterInstanceTest" file=".../tests/suite/joomla/base/JAdapterInstanceTest.php" tests="1" assertions="2" failures="0" errors="0" time="0.092649">
      <testcase name="testGetParent" class="JAdapterInstanceTest" file=".../tests/suite/joomla/base/JAdapterInstanceTest.php" line="55" assertions="2" time="0.092649"/>
    </testsuite>
    <testsuite name="JAdapterTest" file=".../tests/suite/joomla/base/JAdapterTest.php" tests="4" assertions="11" failures="0" errors="0" time="0.111118">
      <testcase name="testGetDbo" class="JAdapterTest" file=".../tests/suite/joomla/base/JAdapterTest.php" line="59" assertions="2" time="0.025218"/>
      <testcase name="testSetAdapter" class="JAdapterTest" file=".../tests/suite/joomla/base/JAdapterTest.php" line="77" assertions="4" time="0.028932"/>
      <testcase name="testGetAdapter" class="JAdapterTest" file=".../tests/suite/joomla/base/JAdapterTest.php" line="106" assertions="3" time="0.026638"/>
      <testcase name="testLoadAllAdapters" class="JAdapterTest" file=".../tests/suite/joomla/base/JAdapterTest.php" line="130" assertions="2" time="0.030330"/>
    </testsuite>
    <testsuite name="JNodeTest" file=".../tests/suite/joomla/base/JNodeTest.php" tests="5" assertions="12" failures="0" errors="0" time="0.061468">
      <testcase name="testAddChild" class="JNodeTest" file=".../tests/suite/joomla/base/JNodeTest.php" line="44" assertions="1" time="0.010958"/>
      <testcase name="testGetParent" class="JNodeTest" file=".../tests/suite/joomla/base/JNodeTest.php" line="61" assertions="4" time="0.014635"/>
      <testcase name="testSetParent" class="JNodeTest" file=".../tests/suite/joomla/base/JNodeTest.php" line="93" assertions="1" time="0.009076"/>
      <testcase name="testHasChildren" class="JNodeTest" file=".../tests/suite/joomla/base/JNodeTest.php" line="110" assertions="2" time="0.008651"/>
      <testcase name="testGetChildren" class="JNodeTest" file=".../tests/suite/joomla/base/JNodeTest.php" line="130" assertions="4" time="0.018148"/>
    </testsuite>
    <testsuite name="JObjectTest" file=".../tests/suite/joomla/base/JObjectTest.php" tests="10" assertions="24" failures="0" errors="0" time="0.150826">
      <testcase name="test__construct" class="JObjectTest" file=".../tests/suite/joomla/base/JObjectTest.php" line="45" assertions="1" time="0.009789"/>
      <testcase name="test__toString" class="JObjectTest" file=".../tests/suite/joomla/base/JObjectTest.php" line="60" assertions="1" time="0.009059"/>
      <testcase name="testDef" class="JObjectTest" file=".../tests/suite/joomla/base/JObjectTest.php" line="71" assertions="3" time="0.015153"/>
      <testcase name="testGet" class="JObjectTest" file=".../tests/suite/joomla/base/JObjectTest.php" line="87" assertions="2" time="0.012177"/>
      <testcase name="testGetProperties" class="JObjectTest" file=".../tests/suite/joomla/base/JObjectTest.php" line="99" assertions="2" time="0.024298"/>
      <testcase name="testGetError" class="JObjectTest" file=".../tests/suite/joomla/base/JObjectTest.php" line="134" assertions="5" time="0.016020"/>
      <testcase name="testGetErrors" class="JObjectTest" file=".../tests/suite/joomla/base/JObjectTest.php" line="173" assertions="2" time="0.025134"/>
      <testcase name="testSet" class="JObjectTest" file=".../tests/suite/joomla/base/JObjectTest.php" line="197" assertions="3" time="0.012646"/>
      <testcase name="testSetProperties" class="JObjectTest" file=".../tests/suite/joomla/base/JObjectTest.php" line="210" assertions="4" time="0.014874"/>
      <testcase name="testSetError" class="JObjectTest" file=".../tests/suite/joomla/base/JObjectTest.php" line="226" assertions="1" time="0.011676"/>
    </testsuite>
    <testsuite name="JObservableTest" file=".../tests/suite/joomla/base/JObservableTest.php" tests="1" assertions="1" failures="0" errors="0" time="0.009347">
      <testcase name="testGetState" class="JObservableTest" file=".../tests/suite/joomla/base/JObservableTest.php" line="93" assertions="1" time="0.009347"/>
    </testsuite>
    <testsuite name="JObserverTest" file=".../tests/suite/joomla/base/JObserverTest.php" tests="0" assertions="0" failures="0" errors="0" time="0.000000"/>
    <testsuite name="JTreeTest" file=".../tests/suite/joomla/base/JTreeTest.php" tests="0" assertions="0" failures="0" errors="0" time="0.000000"/>
    <testsuite name="JCacheTest_Construct" file=".../tests/suite/joomla/cache/JCacheConstructTest.php" fullPackage="Joomla.UnitTest.Cache" package="Joomla.UnitTest" subpackage="Cache" tests="4" assertions="8" failures="0" errors="0" time="0.050434">
      <testsuite name="JCacheTest_Construct::testConstruct" tests="4" assertions="8" failures="0" errors="0" time="0.050434">
        <testcase name="testConstruct with data set #0" assertions="2" time="0.011036"/>
        <testcase name="testConstruct with data set #1" assertions="2" time="0.013037"/>
        <testcase name="testConstruct with data set #2" assertions="2" time="0.013226"/>
        <testcase name="testConstruct with data set #3" assertions="2" time="0.013135"/>
      </testsuite>
    </testsuite>
    <testsuite name="JCacheControllerTest" file=".../tests/suite/joomla/cache/JCacheControllerTest.php" tests="0" assertions="0" failures="0" errors="0" time="0.000000"/>
    <testsuite name="JCacheStorageTest" file=".../tests/suite/joomla/cache/JCacheStorageTest.php" fullPackage="Joomla.UnitTest.Cache" package="Joomla.UnitTest" subpackage="Cache" tests="8" assertions="18" failures="0" errors="0" time="0.146788">
      <testsuite name="JCacheStorageTest::testGetInstance" tests="2" assertions="12" failures="0" errors="0" time="0.049642">
        <testcase name="testGetInstance with data set &quot;defaultfile&quot;" assertions="6" time="0.024817"/>
        <testcase name="testGetInstance with data set &quot;defaultmemcache&quot;" assertions="6" time="0.024825"/>
      </testsuite>
      <testcase name="testGet" class="JCacheStorageTest" file=".../tests/suite/joomla/cache/JCacheStorageTest.php" line="238" assertions="1" time="0.017284"/>
      <testcase name="testStore" class="JCacheStorageTest" file=".../tests/suite/joomla/cache/JCacheStorageTest.php" line="251" assertions="1" time="0.015899"/>
      <testcase name="testRemove" class="JCacheStorageTest" file=".../tests/suite/joomla/cache/JCacheStorageTest.php" line="264" assertions="1" time="0.016011"/>
      <testcase name="testClean" class="JCacheStorageTest" file=".../tests/suite/joomla/cache/JCacheStorageTest.php" line="277" assertions="1" time="0.015967"/>
      <testcase name="testGc" class="JCacheStorageTest" file=".../tests/suite/joomla/cache/JCacheStorageTest.php" line="290" assertions="1" time="0.016107"/>
      <testcase name="testTest" class="JCacheStorageTest" file=".../tests/suite/joomla/cache/JCacheStorageTest.php" line="303" assertions="1" time="0.015877"/>
    </testsuite>
    <testsuite name="JCacheTest" file=".../tests/suite/joomla/cache/JCacheTest.php" fullPackage="Joomla.UnitTest.Cache" package="Joomla.UnitTest" subpackage="Cache" tests="29" assertions="38" failures="0" errors="0" time="5.336745">
      <testsuite name="JCacheTest::testGetInstance" tests="5" assertions="5" failures="0" errors="0" time="0.045609">
        <testcase name="testGetInstance with data set &quot;simple&quot;" assertions="1" time="0.008849"/>
        <testcase name="testGetInstance with data set &quot;complexOutput&quot;" assertions="1" time="0.008963"/>
        <testcase name="testGetInstance with data set &quot;complexPage&quot;" assertions="1" time="0.009020"/>
        <testcase name="testGetInstance with data set &quot;complexView&quot;" assertions="1" time="0.009427"/>
        <testcase name="testGetInstance with data set &quot;complexCallback&quot;" assertions="1" time="0.009350"/>
      </testsuite>
      <testsuite name="JCacheTest::testSetCaching" tests="5" assertions="5" failures="0" errors="0" time="0.052542">
        <testcase name="testSetCaching with data set &quot;simple&quot;" assertions="1" time="0.010409"/>
        <testcase name="testSetCaching with data set &quot;complexOutput&quot;" assertions="1" time="0.010460"/>
        <testcase name="testSetCaching with data set &quot;complexPage&quot;" assertions="1" time="0.010560"/>
        <testcase name="testSetCaching with data set &quot;complexView&quot;" assertions="1" time="0.010599"/>
        <testcase name="testSetCaching with data set &quot;complexCallback&quot;" assertions="1" time="0.010514"/>
      </testsuite>
      <testsuite name="JCacheTest::testSetLifeTime" tests="5" assertions="5" failures="0" errors="0" time="0.052026">
        <testcase name="testSetLifeTime with data set &quot;simple&quot;" assertions="1" time="0.010174"/>
        <testcase name="testSetLifeTime with data set &quot;complexOutput&quot;" assertions="1" time="0.010635"/>
        <testcase name="testSetLifeTime with data set &quot;complexPage&quot;" assertions="1" time="0.010316"/>
        <testcase name="testSetLifeTime with data set &quot;complexView&quot;" assertions="1" time="0.010393"/>
        <testcase name="testSetLifeTime with data set &quot;complexCallback&quot;" assertions="1" time="0.010508"/>
      </testsuite>
      <testsuite name="JCacheTest::testGetStores" tests="5" assertions="5" failures="0" errors="0" time="0.051284">
        <testcase name="testGetStores with data set &quot;simple&quot;" assertions="1" time="0.010236"/>
        <testcase name="testGetStores with data set &quot;complexOutput&quot;" assertions="1" time="0.010255"/>
        <testcase name="testGetStores with data set &quot;complexPage&quot;" assertions="1" time="0.010196"/>
        <testcase name="testGetStores with data set &quot;complexView&quot;" assertions="1" time="0.010220"/>
        <testcase name="testGetStores with data set &quot;complexCallback&quot;" assertions="1" time="0.010377"/>
      </testsuite>
      <testsuite name="JCacheTest::testStoreAndGet" tests="2" assertions="4" failures="0" errors="0" time="0.030110">
        <testcase name="testStoreAndGet with data set &quot;simple&quot;" assertions="2" time="0.014987"/>
        <testcase name="testStoreAndGet with data set &quot;complexOutput&quot;" assertions="2" time="0.015123"/>
      </testsuite>
      <testcase name="testRemove" class="JCacheTest" file=".../tests/suite/joomla/cache/JCacheTest.php" line="437" assertions="4" time="0.023758"/>
      <testcase name="testClean" class="JCacheTest" file=".../tests/suite/joomla/cache/JCacheTest.php" line="480" assertions="4" time="0.024023"/>
      <testcase name="testGc" class="JCacheTest" file=".../tests/suite/joomla/cache/JCacheTest.php" line="522" assertions="2" time="5.018124"/>
      <testsuite name="JCacheTest::testGetStorage" tests="4" assertions="4" failures="0" errors="0" time="0.039269">
        <testcase name="testGetStorage with data set &quot;file&quot;" assertions="1" time="0.009879"/>
        <testcase name="testGetStorage with data set &quot;apc&quot;" assertions="1" time="0.009640"/>
        <testcase name="testGetStorage with data set &quot;xcache&quot;" assertions="1" time="0.009849"/>
        <testcase name="testGetStorage with data set &quot;memcache&quot;" assertions="1" time="0.009901"/>
      </testsuite>
    </testsuite>
    <testsuite name="JCacheControllerCallbackTest_Callback" file=".../tests/suite/joomla/cache/controller/JCacheControllerCallbackCallbackTest.php" fullPackage="JCacheControllerCallbackTest" tests="3" assertions="12" failures="0" errors="0" time="0.056277">
      <testcase name="testCallbackFunction" class="JCacheControllerCallbackTest_Callback" file=".../tests/suite/joomla/cache/controller/JCacheControllerCallbackCallbackTest.php" line="29" assertions="0" time="0.010391"/>
      <testcase name="testCallbackStatic" class="JCacheControllerCallbackTest_Callback" file=".../tests/suite/joomla/cache/controller/JCacheControllerCallbackCallbackTest.php" line="44" assertions="6" time="0.023449"/>
      <testcase name="testCallbackInstance" class="JCacheControllerCallbackTest_Callback" file=".../tests/suite/joomla/cache/controller/JCacheControllerCallbackCallbackTest.php" line="58" assertions="6" time="0.022437"/>
    </testsuite>
    <testsuite name="JCacheControllerCallbackTest" file=".../tests/suite/joomla/cache/controller/JCacheControllerCallbackTest.php" fullPackage="Joomla.UnitTest.Cache" package="Joomla.UnitTest" subpackage="Cache" tests="0" assertions="0" failures="0" errors="0" time="0.000000"/>
    <testsuite name="JCacheControllerOutputTest" file=".../tests/suite/joomla/cache/controller/JCacheControllerOutputTest.php" fullPackage="Joomla.UnitTest.Cache" package="Joomla.UnitTest" subpackage="Cache" tests="0" assertions="0" failures="0" errors="0" time="0.000000"/>
    <testsuite name="JCacheControllerPageTest" file=".../tests/suite/joomla/cache/controller/JCacheControllerPageTest.php" fullPackage="Joomla.UnitTest.Cache" package="Joomla.UnitTest" subpackage="Cache" tests="0" assertions="0" failures="0" errors="0" time="0.000000"/>
    <testsuite name="JCacheControllerViewTest" file=".../tests/suite/joomla/cache/controller/JCacheControllerViewTest.php" fullPackage="Joomla.UnitTest.Cache" package="Joomla.UnitTest" subpackage="Cache" tests="0" assertions="0" failures="0" errors="0" time="0.000000"/>
    <testsuite name="JCacheStorageApcTest" file=".../tests/suite/joomla/cache/storage/JCacheStorageApcTest.php" fullPackage="Joomla.UnitTest.Cache" package="Joomla.UnitTest" subpackage="Cache" tests="1" assertions="1" failures="0" errors="0" time="0.010301">
      <testcase name="testTest" class="JCacheStorageApcTest" file=".../tests/suite/joomla/cache/storage/JCacheStorageApcTest.php" line="133" assertions="1" time="0.010301"/>
    </testsuite>
    <testsuite name="JCacheStorageCacheliteTest" file=".../tests/suite/joomla/cache/storage/JCacheStorageCacheliteTest.php" tests="0" assertions="0" failures="0" errors="0" time="0.000000"/>
    <testsuite name="JCacheStorageEacceleratorTest" file=".../tests/suite/joomla/cache/storage/JCacheStorageEacceleratorTest.php" fullPackage="Joomla.UnitTest.Cache" package="Joomla.UnitTest" subpackage="Cache" tests="1" assertions="1" failures="0" errors="0" time="0.010060">
      <testcase name="testTest" class="JCacheStorageEacceleratorTest" file=".../tests/suite/joomla/cache/storage/JCacheStorageEacceleratorTest.php" line="144" assertions="1" time="0.010060"/>
    </testsuite>
    <testsuite name="JCacheStorageFileTest" file=".../tests/suite/joomla/cache/storage/JCacheStorageFileTest.php" fullPackage="Joomla.UnitTest.Cache" package="Joomla.UnitTest" subpackage="Cache" tests="6" assertions="17" failures="0" errors="0" time="0.085933">
      <testsuite name="JCacheStorageFileTest::testStoreAndGet" tests="2" assertions="4" failures="0" errors="0" time="0.023146">
        <testcase name="testStoreAndGet with data set &quot;souls&quot;" assertions="2" time="0.011684"/>
        <testcase name="testStoreAndGet with data set &quot;again&quot;" assertions="2" time="0.011462"/>
      </testsuite>
      <testcase name="testRemove" class="JCacheStorageFileTest" file=".../tests/suite/joomla/cache/storage/JCacheStorageFileTest.php" line="102" assertions="3" time="0.013247"/>
      <testcase name="testClean" class="JCacheStorageFileTest" file=".../tests/suite/joomla/cache/storage/JCacheStorageFileTest.php" line="123" assertions="8" time="0.029219"/>
      <testcase name="testGc" class="JCacheStorageFileTest" file=".../tests/suite/joomla/cache/storage/JCacheStorageFileTest.php" line="174" assertions="1" time="0.010147"/>
      <testcase name="testTest" class="JCacheStorageFileTest" file=".../tests/suite/joomla/cache/storage/JCacheStorageFileTest.php" line="185" assertions="1" time="0.010174"/>
    </testsuite>
    <testsuite name="JCacheStorageTest_Main" file=".../tests/suite/joomla/cache/storage/JCacheStorageMainTest.php" fullPackage="Joomla.UnitTest.Cache" package="Joomla.UnitTest" subpackage="Cache" tests="12" assertions="28" failures="0" errors="0" time="10.256340">
      <testsuite name="JCacheStorageTest_Main::testCacheHit" tests="2" assertions="4" failures="0" errors="0" time="0.036536">
        <testcase name="testCacheHit with data set #0" assertions="2" time="0.021857"/>
        <testcase name="testCacheHit with data set #1" assertions="2" time="0.014679"/>
      </testsuite>
      <testsuite name="JCacheStorageTest_Main::testCacheMiss" tests="2" assertions="2" failures="0" errors="0" time="0.025951">
        <testcase name="testCacheMiss with data set #0" assertions="1" time="0.014557"/>
        <testcase name="testCacheMiss with data set #1" assertions="1" time="0.011394"/>
      </testsuite>
      <testsuite name="JCacheStorageTest_Main::testCacheTimeout" tests="2" assertions="4" failures="0" errors="0" time="10.043111">
        <testcase name="testCacheTimeout with data set #0" assertions="2" time="5.024980"/>
        <testcase name="testCacheTimeout with data set #1" assertions="2" time="5.018131"/>
      </testsuite>
      <testsuite name="JCacheStorageTest_Main::testCacheRemove" tests="2" assertions="6" failures="0" errors="0" time="0.061760">
        <testcase name="testCacheRemove with data set #0" assertions="3" time="0.041765"/>
        <testcase name="testCacheRemove with data set #1" assertions="3" time="0.019995"/>
      </testsuite>
      <testsuite name="JCacheStorageTest_Main::testCacheClearGroup" tests="2" assertions="6" failures="0" errors="0" time="0.048555">
        <testcase name="testCacheClearGroup with data set #0" assertions="3" time="0.028849"/>
        <testcase name="testCacheClearGroup with data set #1" assertions="3" time="0.019706"/>
      </testsuite>
      <testsuite name="JCacheStorageTest_Main::testCacheClearNotGroup" tests="2" assertions="6" failures="0" errors="0" time="0.040427">
        <testcase name="testCacheClearNotGroup with data set #0" assertions="3" time="0.021627"/>
        <testcase name="testCacheClearNotGroup with data set #1" assertions="3" time="0.018800"/>
      </testsuite>
    </testsuite>
    <testsuite name="JCacheStorageMemcacheTest" file=".../tests/suite/joomla/cache/storage/JCacheStorageMemcacheTest.php" fullPackage="Joomla.UnitTest.Cache" package="Joomla.UnitTest" subpackage="Cache" tests="0" assertions="0" failures="0" errors="0" time="0.000000"/>
    <testsuite name="JCacheStorageWincacheTest" file=".../tests/suite/joomla/cache/storage/JCacheStorageWincacheTest.php" tests="0" assertions="0" failures="0" errors="0" time="0.000000"/>
    <testsuite name="JCacheStorageXCacheTest" file=".../tests/suite/joomla/cache/storage/JCacheStorageXCacheTest.php" fullPackage="Joomla.UnitTest.Cache" package="Joomla.UnitTest" subpackage="Cache" tests="1" assertions="1" failures="0" errors="0" time="0.009695">
      <testcase name="testTest" class="JCacheStorageXCacheTest" file=".../tests/suite/joomla/cache/storage/JCacheStorageXCacheTest.php" line="118" assertions="1" time="0.009695"/>
    </testsuite>
    <testsuite name="JCacheStorageHelperTest" file=".../tests/suite/joomla/cache/storage/helpers/JCacheStorageHelperTest.php" tests="0" assertions="0" failures="0" errors="0" time="0.000000"/>
    <testsuite name="JClientHelperTest" file=".../tests/suite/joomla/client/JClientHelperTest.php" tests="0" assertions="0" failures="0" errors="0" time="0.000000"/>
    <testsuite name="JFTPTest" file=".../tests/suite/joomla/client/JFTPTest.php" tests="0" assertions="0" failures="0" errors="0" time="0.000000"/>
    <testsuite name="JLDAPTest" file=".../tests/suite/joomla/client/JLDAPTest.php" tests="0" assertions="0" failures="0" errors="0" time="0.000000"/>
    <testsuite name="JDatabaseQueryElementTest" file=".../tests/suite/joomla/database/JDatabaseQueryElementTest.php" tests="10" assertions="16" failures="0" errors="0" time="0.131340">
      <testsuite name="JDatabaseQueryElementTest::test__Construct" tests="2" assertions="6" failures="0" errors="0" time="0.034262">
        <testcase name="test__Construct with data set &quot;array-element&quot;" assertions="3" time="0.018360"/>
        <testcase name="test__Construct with data set &quot;non-array-element&quot;" assertions="3" time="0.015902"/>
      </testsuite>
      <testsuite name="JDatabaseQueryElementTest::test__toString" tests="4" assertions="4" failures="0" errors="0" time="0.036817">
        <testcase name="test__toString with data set #0" assertions="1" time="0.009199"/>
        <testcase name="test__toString with data set #1" assertions="1" time="0.009137"/>
        <testcase name="test__toString with data set #2" assertions="1" time="0.009286"/>
        <testcase name="test__toString with data set #3" assertions="1" time="0.009195"/>
      </testsuite>
      <testsuite name="JDatabaseQueryElementTest::testAppend" tests="2" assertions="2" failures="0" errors="0" time="0.041796">
        <testcase name="testAppend with data set &quot;array-element&quot;" assertions="1" time="0.020963"/>
        <testcase name="testAppend with data set &quot;non-array-element&quot;" assertions="1" time="0.020833"/>
      </testsuite>
      <testcase name="test__clone_array" class="JDatabaseQueryElementTest" file=".../tests/suite/joomla/database/JDatabaseQueryElementTest.php" line="234" assertions="2" time="0.009948"/>
      <testcase name="test__clone_object" class="JDatabaseQueryElementTest" file=".../tests/suite/joomla/database/JDatabaseQueryElementTest.php" line="256" assertions="2" time="0.008517"/>
    </testsuite>
    <testsuite name="JDatabaseQueryTest" file=".../tests/suite/joomla/database/JDatabaseQueryTest.php" tests="49" assertions="281" failures="0" errors="0" time="2.043025">
      <testcase name="test__call" class="JDatabaseQueryTest" file=".../tests/suite/joomla/database/JDatabaseQueryTest.php" line="97" assertions="5" time="0.162716"/>
      <testcase name="test__toStringYear" class="JDatabaseQueryTest" file=".../tests/suite/joomla/database/JDatabaseQueryTest.php" line="133" assertions="2" time="0.042663"/>
      <testcase name="test__toStringMonth" class="JDatabaseQueryTest" file=".../tests/suite/joomla/database/JDatabaseQueryTest.php" line="152" assertions="2" time="0.042758"/>
      <testcase name="test__toStringDay" class="JDatabaseQueryTest" file=".../tests/suite/joomla/database/JDatabaseQueryTest.php" line="171" assertions="2" time="0.042819"/>
      <testcase name="test__toStringHour" class="JDatabaseQueryTest" file=".../tests/suite/joomla/database/JDatabaseQueryTest.php" line="190" assertions="2" time="0.042484"/>
      <testcase name="test__toStringMinute" class="JDatabaseQueryTest" file=".../tests/suite/joomla/database/JDatabaseQueryTest.php" line="209" assertions="2" time="0.042680"/>
      <testcase name="test__toStringSecond" class="JDatabaseQueryTest" file=".../tests/suite/joomla/database/JDatabaseQueryTest.php" line="228" assertions="2" time="0.042364"/>
      <testcase name="test__toStringSelect" class="JDatabaseQueryTest" file=".../tests/suite/joomla/database/JDatabaseQueryTest.php" line="247" assertions="2" time="0.027891"/>
      <testcase name="test__toStringUpdate" class="JDatabaseQueryTest" file=".../tests/suite/joomla/database/JDatabaseQueryTest.php" line="281" assertions="2" time="0.026442"/>
      <testcase name="testCastAsChar" class="JDatabaseQueryTest" file=".../tests/suite/joomla/database/JDatabaseQueryTest.php" line="309" assertions="2" time="0.024697"/>
      <testcase name="testCharLength" class="JDatabaseQueryTest" file=".../tests/suite/joomla/database/JDatabaseQueryTest.php" line="328" assertions="4" time="0.028577"/>
      <testcase name="testChaining" class="JDatabaseQueryTest" file=".../tests/suite/joomla/database/JDatabaseQueryTest.php" line="348" assertions="2" time="0.041217"/>
      <testcase name="testClear_all" class="JDatabaseQueryTest" file=".../tests/suite/joomla/database/JDatabaseQueryTest.php" line="365" assertions="15" time="0.050700"/>
      <testcase name="testClear_clause" class="JDatabaseQueryTest" file=".../tests/suite/joomla/database/JDatabaseQueryTest.php" line="417" assertions="82" time="0.189126"/>
      <testcase name="testClear_type" class="JDatabaseQueryTest" file=".../tests/suite/joomla/database/JDatabaseQueryTest.php" line="473" assertions="45" time="0.105452"/>
      <testcase name="testColumns" class="JDatabaseQueryTest" file=".../tests/suite/joomla/database/JDatabaseQueryTest.php" line="540" assertions="4" time="0.027837"/>
      <testcase name="testConcatenate" class="JDatabaseQueryTest" file=".../tests/suite/joomla/database/JDatabaseQueryTest.php" line="573" assertions="3" time="0.060789"/>
      <testcase name="testCurrentTimestamp" class="JDatabaseQueryTest" file=".../tests/suite/joomla/database/JDatabaseQueryTest.php" line="597" assertions="2" time="0.024737"/>
      <testcase name="testDateFormat" class="JDatabaseQueryTest" file=".../tests/suite/joomla/database/JDatabaseQueryTest.php" line="614" assertions="2" time="0.041188"/>
      <testcase name="testDateFormatException" class="JDatabaseQueryTest" file=".../tests/suite/joomla/database/JDatabaseQueryTest.php" line="632" assertions="2" time="0.023269"/>
      <testcase name="testDelete" class="JDatabaseQueryTest" file=".../tests/suite/joomla/database/JDatabaseQueryTest.php" line="649" assertions="5" time="0.029798"/>
      <testcase name="testDump" class="JDatabaseQueryTest" file=".../tests/suite/joomla/database/JDatabaseQueryTest.php" line="685" assertions="2" time="0.042604"/>
      <testcase name="testEscape" class="JDatabaseQueryTest" file=".../tests/suite/joomla/database/JDatabaseQueryTest.php" line="710" assertions="2" time="0.041531"/>
      <testcase name="testEscapeException" class="JDatabaseQueryTest" file=".../tests/suite/joomla/database/JDatabaseQueryTest.php" line="728" assertions="2" time="0.023531"/>
      <testcase name="testFrom" class="JDatabaseQueryTest" file=".../tests/suite/joomla/database/JDatabaseQueryTest.php" line="745" assertions="4" time="0.027637"/>
      <testcase name="testGroup" class="JDatabaseQueryTest" file=".../tests/suite/joomla/database/JDatabaseQueryTest.php" line="778" assertions="4" time="0.027736"/>
      <testcase name="testHaving" class="JDatabaseQueryTest" file=".../tests/suite/joomla/database/JDatabaseQueryTest.php" line="811" assertions="5" time="0.030284"/>
      <testcase name="testInnerJoin" class="JDatabaseQueryTest" file=".../tests/suite/joomla/database/JDatabaseQueryTest.php" line="855" assertions="3" time="0.037003"/>
      <testcase name="testInsert" class="JDatabaseQueryTest" file=".../tests/suite/joomla/database/JDatabaseQueryTest.php" line="883" assertions="4" time="0.027627"/>
      <testcase name="testJoin" class="JDatabaseQueryTest" file=".../tests/suite/joomla/database/JDatabaseQueryTest.php" line="913" assertions="4" time="0.027952"/>
      <testcase name="testLeftJoin" class="JDatabaseQueryTest" file=".../tests/suite/joomla/database/JDatabaseQueryTest.php" line="945" assertions="3" time="0.036783"/>
      <testcase name="testLength" class="JDatabaseQueryTest" file=".../tests/suite/joomla/database/JDatabaseQueryTest.php" line="973" assertions="2" time="0.024806"/>
      <testsuite name="JDatabaseQueryTest::testNullDate" tests="2" assertions="4" failures="0" errors="0" time="0.099771">
        <testcase name="testNullDate with data set #0" assertions="2" time="0.058368"/>
        <testcase name="testNullDate with data set #1" assertions="2" time="0.041403"/>
      </testsuite>
      <testcase name="testNullDateException" class="JDatabaseQueryTest" file=".../tests/suite/joomla/database/JDatabaseQueryTest.php" line="1014" assertions="2" time="0.023405"/>
      <testcase name="testOrder" class="JDatabaseQueryTest" file=".../tests/suite/joomla/database/JDatabaseQueryTest.php" line="1031" assertions="5" time="0.030437"/>
      <testcase name="testOuterJoin" class="JDatabaseQueryTest" file=".../tests/suite/joomla/database/JDatabaseQueryTest.php" line="1076" assertions="3" time="0.039804"/>
      <testsuite name="JDatabaseQueryTest::testQuote" tests="1" assertions="2" failures="0" errors="0" time="0.041529">
        <testcase name="testQuote with data set #0" assertions="2" time="0.041529"/>
      </testsuite>
      <testcase name="testQuoteException" class="JDatabaseQueryTest" file=".../tests/suite/joomla/database/JDatabaseQueryTest.php" line="1128" assertions="2" time="0.023412"/>
      <testcase name="testQuoteName" class="JDatabaseQueryTest" file=".../tests/suite/joomla/database/JDatabaseQueryTest.php" line="1145" assertions="2" time="0.041583"/>
      <testcase name="testQuoteNameException" class="JDatabaseQueryTest" file=".../tests/suite/joomla/database/JDatabaseQueryTest.php" line="1164" assertions="2" time="0.023260"/>
      <testcase name="testRightJoin" class="JDatabaseQueryTest" file=".../tests/suite/joomla/database/JDatabaseQueryTest.php" line="1181" assertions="3" time="0.036879"/>
      <testcase name="testSelect" class="JDatabaseQueryTest" file=".../tests/suite/joomla/database/JDatabaseQueryTest.php" line="1209" assertions="6" time="0.032036"/>
      <testcase name="testSet" class="JDatabaseQueryTest" file=".../tests/suite/joomla/database/JDatabaseQueryTest.php" line="1259" assertions="5" time="0.026565"/>
      <testcase name="testUpdate" class="JDatabaseQueryTest" file=".../tests/suite/joomla/database/JDatabaseQueryTest.php" line="1314" assertions="4" time="0.027321"/>
      <testcase name="testValues" class="JDatabaseQueryTest" file=".../tests/suite/joomla/database/JDatabaseQueryTest.php" line="1344" assertions="4" time="0.027717"/>
      <testcase name="testWhere" class="JDatabaseQueryTest" file=".../tests/suite/joomla/database/JDatabaseQueryTest.php" line="1382" assertions="5" time="0.030059"/>
      <testcase name="test__clone_array" class="JDatabaseQueryTest" file=".../tests/suite/joomla/database/JDatabaseQueryTest.php" line="1435" assertions="4" time="0.035746"/>
      <testcase name="test__clone_object" class="JDatabaseQueryTest" file=".../tests/suite/joomla/database/JDatabaseQueryTest.php" line="1456" assertions="4" time="0.035804"/>
    </testsuite>
    <testsuite name="JDatabaseTest" file=".../tests/suite/joomla/database/JDatabaseTest.php" tests="16" assertions="26" failures="0" errors="0" time="0.199097">
      <testcase name="test__call" class="JDatabaseTest" file=".../tests/suite/joomla/database/JDatabaseTest.php" line="53" assertions="3" time="0.012768"/>
      <testcase name="testGetConnection" class="JDatabaseTest" file=".../tests/suite/joomla/database/JDatabaseTest.php" line="108" assertions="1" time="0.009920"/>
      <testcase name="testGetCount" class="JDatabaseTest" file=".../tests/suite/joomla/database/JDatabaseTest.php" line="134" assertions="1" time="0.009662"/>
      <testcase name="testGetDatabase" class="JDatabaseTest" file=".../tests/suite/joomla/database/JDatabaseTest.php" line="151" assertions="1" time="0.009874"/>
      <testcase name="testGetDateFormat" class="JDatabaseTest" file=".../tests/suite/joomla/database/JDatabaseTest.php" line="166" assertions="1" time="0.009782"/>
      <testcase name="testSplitSql" class="JDatabaseTest" file=".../tests/suite/joomla/database/JDatabaseTest.php" line="181" assertions="1" time="0.015556"/>
      <testcase name="testGetUTFSupport" class="JDatabaseTest" file=".../tests/suite/joomla/database/JDatabaseTest.php" line="200" assertions="1" time="0.008419"/>
      <testcase name="testGetLog" class="JDatabaseTest" file=".../tests/suite/joomla/database/JDatabaseTest.php" line="234" assertions="1" time="0.009512"/>
      <testcase name="testGetPrefix" class="JDatabaseTest" file=".../tests/suite/joomla/database/JDatabaseTest.php" line="251" assertions="1" time="0.009667"/>
      <testcase name="testGetNullDate" class="JDatabaseTest" file=".../tests/suite/joomla/database/JDatabaseTest.php" line="266" assertions="1" time="0.009231"/>
      <testcase name="testSetDebug" class="JDatabaseTest" file=".../tests/suite/joomla/database/JDatabaseTest.php" line="281" assertions="1" time="0.008261"/>
      <testcase name="testSetQuery" class="JDatabaseTest" file=".../tests/suite/joomla/database/JDatabaseTest.php" line="297" assertions="1" time="0.008135"/>
      <testcase name="testReplacePrefix" class="JDatabaseTest" file=".../tests/suite/joomla/database/JDatabaseTest.php" line="313" assertions="1" time="0.009303"/>
      <testcase name="testQuote" class="JDatabaseTest" file=".../tests/suite/joomla/database/JDatabaseTest.php" line="338" assertions="2" time="0.011072"/>
      <testcase name="testQuoteName" class="JDatabaseTest" file=".../tests/suite/joomla/database/JDatabaseTest.php" line="360" assertions="8" time="0.049613"/>
      <testcase name="testTruncateTable" class="JDatabaseTest" file=".../tests/suite/joomla/database/JDatabaseTest.php" line="420" assertions="1" time="0.008322"/>
    </testsuite>
    <testsuite name="JTableNestedTest" file=".../tests/suite/joomla/database/JTableNestedTest.php" tests="16" assertions="7449" failures="0" errors="0" time="29.883384">
      <testcase name="testGetPath" class="JTableNestedTest" file=".../tests/suite/joomla/database/JTableNestedTest.php" line="94" assertions="10" time="0.953161"/>
      <testcase name="testGetTree" class="JTableNestedTest" file=".../tests/suite/joomla/database/JTableNestedTest.php" line="123" assertions="14" time="0.927950"/>
      <testcase name="testIsLeaf" class="JTableNestedTest" file=".../tests/suite/joomla/database/JTableNestedTest.php" line="158" assertions="5" time="0.944387"/>
      <testcase name="testSetLocation" class="JTableNestedTest" file=".../tests/suite/joomla/database/JTableNestedTest.php" line="173" assertions="5" time="0.888648"/>
      <testcase name="testMove" class="JTableNestedTest" file=".../tests/suite/joomla/database/JTableNestedTest.php" line="197" assertions="3545" time="6.991956"/>
      <testcase name="testMoveByReference" class="JTableNestedTest" file=".../tests/suite/joomla/database/JTableNestedTest.php" line="330" assertions="2533" time="5.037728"/>
      <testcase name="testDelete" class="JTableNestedTest" file=".../tests/suite/joomla/database/JTableNestedTest.php" line="437" assertions="568" time="1.911880"/>
      <testcase name="testCheck" class="JTableNestedTest" file=".../tests/suite/joomla/database/JTableNestedTest.php" line="550" assertions="2" time="0.888033"/>
      <testcase name="testStore" class="JTableNestedTest" file=".../tests/suite/joomla/database/JTableNestedTest.php" line="562" assertions="19" time="1.195296"/>
      <testcase name="testPublish" class="JTableNestedTest" file=".../tests/suite/joomla/database/JTableNestedTest.php" line="640" assertions="20" time="1.307445"/>
      <testcase name="testOrderUp" class="JTableNestedTest" file=".../tests/suite/joomla/database/JTableNestedTest.php" line="708" assertions="6" time="1.014682"/>
      <testcase name="testOrderDown" class="JTableNestedTest" file=".../tests/suite/joomla/database/JTableNestedTest.php" line="728" assertions="2" time="0.918878"/>
      <testcase name="testGetRootId" class="JTableNestedTest" file=".../tests/suite/joomla/database/JTableNestedTest.php" line="740" assertions="11" time="1.261562"/>
      <testcase name="testRebuild" class="JTableNestedTest" file=".../tests/suite/joomla/database/JTableNestedTest.php" line="789" assertions="558" time="3.257124"/>
      <testcase name="testRebuildPath" class="JTableNestedTest" file=".../tests/suite/joomla/database/JTableNestedTest.php" line="832" assertions="3" time="0.938043"/>
      <testcase name="testSaveorder" class="JTableNestedTest" file=".../tests/suite/joomla/database/JTableNestedTest.php" line="847" assertions="148" time="1.446611"/>
    </testsuite>
    <testsuite name="JTableTest" file=".../tests/suite/joomla/database/JTableTest.php" tests="0" assertions="0" failures="0" errors="0" time="0.000000"/>
    <testsuite name="JDatabaseExporterMySqlTest" file=".../tests/suite/joomla/database/database/JDatabaseExporterMySqlTest.php" fullPackage="Joomla.UnitTest.Database" package="Joomla.UnitTest" subpackage="Database" tests="13" assertions="27" failures="0" errors="0" time="0.441499">
      <testcase name="test__toString" class="JDatabaseExporterMySqlTest" file=".../tests/suite/joomla/database/database/JDatabaseExporterMySqlTest.php" line="198" assertions="2" time="0.078139"/>
      <testcase name="testAsXml" class="JDatabaseExporterMySqlTest" file=".../tests/suite/joomla/database/database/JDatabaseExporterMySqlTest.php" line="234" assertions="3" time="0.020726"/>
      <testcase name="testBuildXml" class="JDatabaseExporterMySqlTest" file=".../tests/suite/joomla/database/database/JDatabaseExporterMySqlTest.php" line="259" assertions="2" time="0.067237"/>
      <testcase name="testBuildXmlStructure" class="JDatabaseExporterMySqlTest" file=".../tests/suite/joomla/database/database/JDatabaseExporterMySqlTest.php" line="294" assertions="2" time="0.077464"/>
      <testcase name="testCheckWithNoDbo" class="JDatabaseExporterMySqlTest" file=".../tests/suite/joomla/database/database/JDatabaseExporterMySqlTest.php" line="326" assertions="1" time="0.020249"/>
      <testcase name="testCheckWithNoTables" class="JDatabaseExporterMySqlTest" file=".../tests/suite/joomla/database/database/JDatabaseExporterMySqlTest.php" line="351" assertions="1" time="0.018779"/>
      <testcase name="testCheckWithGoodInput" class="JDatabaseExporterMySqlTest" file=".../tests/suite/joomla/database/database/JDatabaseExporterMySqlTest.php" line="377" assertions="2" time="0.019727"/>
      <testcase name="testFromWithBadInput" class="JDatabaseExporterMySqlTest" file=".../tests/suite/joomla/database/database/JDatabaseExporterMySqlTest.php" line="407" assertions="1" time="0.018555"/>
      <testcase name="testFromWithGoodInput" class="JDatabaseExporterMySqlTest" file=".../tests/suite/joomla/database/database/JDatabaseExporterMySqlTest.php" line="432" assertions="3" time="0.024577"/>
      <testcase name="testGetGenericTableName" class="JDatabaseExporterMySqlTest" file=".../tests/suite/joomla/database/database/JDatabaseExporterMySqlTest.php" line="466" assertions="2" time="0.035616"/>
[...]
        <testcase name="testFromObject with data set &quot;Nested objects into multiple dimension array of int and string&quot;" assertions="1" time="0.024266"/>
        <testcase name="testFromObject with data set &quot;multiple 6&quot;" assertions="1" time="0.039235"/>
      </testsuite>
      <testsuite name="JArrayHelperTest::testGetColumn" tests="3" assertions="3" failures="0" errors="0" time="0.057480">
        <testcase name="testGetColumn with data set &quot;generic array&quot;" assertions="1" time="0.019246"/>
        <testcase name="testGetColumn with data set &quot;associative array&quot;" assertions="1" time="0.019103"/>
        <testcase name="testGetColumn with data set &quot;object array&quot;" assertions="1" time="0.019131"/>
      </testsuite>
      <testsuite name="JArrayHelperTest::testGetValue" tests="8" assertions="8" failures="0" errors="0" time="0.080404">
        <testcase name="testGetValue with data set &quot;defaults&quot;" assertions="1" time="0.009704"/>
        <testcase name="testGetValue with data set &quot;get non-value&quot;" assertions="1" time="0.009685"/>
        <testcase name="testGetValue with data set &quot;get int 5&quot;" assertions="1" time="0.009743"/>
        <testcase name="testGetValue with data set &quot;get float six&quot;" assertions="1" time="0.009743"/>
        <testcase name="testGetValue with data set &quot;get get boolean seven&quot;" assertions="1" time="0.009922"/>
        <testcase name="testGetValue with data set &quot;get array eight&quot;" assertions="1" time="0.012074"/>
        <testcase name="testGetValue with data set &quot;get string nine&quot;" assertions="1" time="0.009861"/>
        <testcase name="testGetValue with data set &quot;get word&quot;" assertions="1" time="0.009672"/>
      </testsuite>
      <testcase name="testIsAssociative" class="JArrayHelperTest" file=".../tests/suite/joomla/utilities/JArrayHelperTest.php" line="1414" assertions="3" time="0.009449"/>
      <testsuite name="JArrayHelperTest::testPivot" tests="3" assertions="3" failures="0" errors="0" time="0.108015">
        <testcase name="testPivot with data set &quot;A scalar array&quot;" assertions="1" time="0.027631"/>
        <testcase name="testPivot with data set &quot;An array of associative arrays&quot;" assertions="1" time="0.038776"/>
        <testcase name="testPivot with data set &quot;An array of objects&quot;" assertions="1" time="0.041608"/>
      </testsuite>
      <testsuite name="JArrayHelperTest::testSortObjects" tests="12" assertions="12" failures="0" errors="0" time="1.154543">
        <testcase name="testSortObjects with data set &quot;by int defaults&quot;" assertions="1" time="0.094571"/>
        <testcase name="testSortObjects with data set &quot;by int ascending&quot;" assertions="1" time="0.094786"/>
        <testcase name="testSortObjects with data set &quot;by int descending&quot;" assertions="1" time="0.093169"/>
        <testcase name="testSortObjects with data set &quot;by string ascending&quot;" assertions="1" time="0.101523"/>
        <testcase name="testSortObjects with data set &quot;by string descending&quot;" assertions="1" time="0.100676"/>
        <testcase name="testSortObjects with data set &quot;by casesensitive string ascending&quot;" assertions="1" time="0.094323"/>
        <testcase name="testSortObjects with data set &quot;by casesensitive string descending&quot;" assertions="1" time="0.094452"/>
        <testcase name="testSortObjects with data set &quot;by casesensitive string,integer ascending&quot;" assertions="1" time="0.094159"/>
        <testcase name="testSortObjects with data set &quot;by casesensitive string,integer descending&quot;" assertions="1" time="0.096216"/>
        <testcase name="testSortObjects with data set &quot;by casesensitive string,integer ascending,descending&quot;" assertions="1" time="0.094446"/>
        <testcase name="testSortObjects with data set &quot;by casesensitive string,integer descending,ascending&quot;" assertions="1" time="0.094912"/>
        <testcase name="testSortObjects with data set &quot;by caseinsensitive string, integer ascending&quot;" assertions="1" time="0.101310"/>
      </testsuite>
      <testsuite name="JArrayHelperTest::testToInteger" tests="5" assertions="5" failures="0" errors="0" time="0.076571">
        <testcase name="testToInteger with data set &quot;floating with single argument&quot;" assertions="1" time="0.019082"/>
        <testcase name="testToInteger with data set &quot;floating with default array&quot;" assertions="1" time="0.019296"/>
        <testcase name="testToInteger with data set &quot;non-array with single argument&quot;" assertions="1" time="0.009547"/>
        <testcase name="testToInteger with data set &quot;non-array with default array&quot;" assertions="1" time="0.016779"/>
        <testcase name="testToInteger with data set &quot;non-array with default single&quot;" assertions="1" time="0.011867"/>
      </testsuite>
      <testsuite name="JArrayHelperTest::testToObject" tests="4" assertions="4" failures="0" errors="0" time="0.116709">
        <testcase name="testToObject with data set &quot;single object&quot;" assertions="1" time="0.017678"/>
        <testcase name="testToObject with data set &quot;multiple objects&quot;" assertions="1" time="0.040738"/>
        <testcase name="testToObject with data set &quot;single object with class&quot;" assertions="1" time="0.017595"/>
        <testcase name="testToObject with data set &quot;multiple objects with class&quot;" assertions="1" time="0.040698"/>
      </testsuite>
      <testsuite name="JArrayHelperTest::testToString" tests="7" assertions="7" failures="0" errors="0" time="0.071155">
        <testcase name="testToString with data set &quot;single dimension 1&quot;" assertions="1" time="0.009816"/>
        <testcase name="testToString with data set &quot;single dimension 2&quot;" assertions="1" time="0.009824"/>
        <testcase name="testToString with data set &quot;single dimension 3&quot;" assertions="1" time="0.009765"/>
        <testcase name="testToString with data set &quot;multiple dimensions 1&quot;" assertions="1" time="0.010572"/>
        <testcase name="testToString with data set &quot;multiple dimensions 2&quot;" assertions="1" time="0.010278"/>
        <testcase name="testToString with data set &quot;multiple dimensions 3&quot;" assertions="1" time="0.010371"/>
        <testcase name="testToString with data set &quot;multiple dimensions 4&quot;" assertions="1" time="0.010529"/>
      </testsuite>
    </testsuite>
    <testsuite name="JBufferTest" file=".../tests/suite/joomla/utilities/JBufferTest.php" fullPackage="Joomla.UnitTest.Utilities" package="Joomla.UnitTest" subpackage="Utilities" tests="14" assertions="22" failures="0" errors="0" time="0.152541">
      <testsuite name="JBufferTest::testStreamOpen" tests="1" assertions="1" failures="0" errors="0" time="0.009780">
        <testcase name="testStreamOpen with data set &quot;basic&quot;" assertions="1" time="0.009780"/>
      </testsuite>
      <testsuite name="JBufferTest::testStreamRead" tests="1" assertions="1" failures="0" errors="0" time="0.009811">
        <testcase name="testStreamRead with data set &quot;basic&quot;" assertions="1" time="0.009811"/>
      </testsuite>
      <testsuite name="JBufferTest::testStreamWrite" tests="1" assertions="1" failures="0" errors="0" time="0.009841">
        <testcase name="testStreamWrite with data set &quot;basic&quot;" assertions="1" time="0.009841"/>
      </testsuite>
      <testcase name="testStreamTell" class="JBufferTest" file=".../tests/suite/joomla/utilities/JBufferTest.php" line="176" assertions="1" time="0.009830"/>
      <testsuite name="JBufferTest::testStreamEOF" tests="2" assertions="2" failures="0" errors="0" time="0.019620">
        <testcase name="testStreamEOF with data set &quot;~EOF&quot;" assertions="1" time="0.009921"/>
        <testcase name="testStreamEOF with data set &quot;EOF&quot;" assertions="1" time="0.009699"/>
      </testsuite>
      <testsuite name="JBufferTest::testStreamSeek" tests="8" assertions="16" failures="0" errors="0" time="0.093659">
        <testcase name="testStreamSeek with data set &quot;basic&quot;" assertions="2" time="0.011711"/>
        <testcase name="testStreamSeek with data set &quot;too_early&quot;" assertions="2" time="0.011755"/>
        <testcase name="testStreamSeek with data set &quot;off_end&quot;" assertions="2" time="0.011586"/>
        <testcase name="testStreamSeek with data set &quot;is_pos&quot;" assertions="2" time="0.011633"/>
        <testcase name="testStreamSeek with data set &quot;is_neg&quot;" assertions="2" time="0.011686"/>
        <testcase name="testStreamSeek with data set &quot;from_end&quot;" assertions="2" time="0.011745"/>
        <testcase name="testStreamSeek with data set &quot;before_beg&quot;" assertions="2" time="0.011947"/>
        <testcase name="testStreamSeek with data set &quot;bad_seek_code&quot;" assertions="2" time="0.011596"/>
      </testsuite>
    </testsuite>
    <testsuite name="JDateTest" file=".../tests/suite/joomla/utilities/JDateTest.php" fullPackage="Joomla.UnitTest.Utilities" package="Joomla.UnitTest" subpackage="Utilities" tests="60" assertions="61" failures="0" errors="0" time="0.633400">
      <testsuite name="JDateTest::test__construct" tests="4" assertions="4" failures="0" errors="0" time="0.041116">
        <testcase name="test__construct with data set &quot;basic&quot;" assertions="1" time="0.010178"/>
        <testcase name="test__construct with data set &quot;unix&quot;" assertions="1" time="0.010313"/>
        <testcase name="test__construct with data set &quot;tzCT&quot;" assertions="1" time="0.010123"/>
        <testcase name="test__construct with data set &quot;DateTime tzCT&quot;" assertions="1" time="0.010502"/>
      </testsuite>
      <testsuite name="JDateTest::test__get" tests="12" assertions="12" failures="0" errors="0" time="0.125820">
        <testcase name="test__get with data set &quot;daysinmonth&quot;" assertions="1" time="0.010419"/>
        <testcase name="test__get with data set &quot;dayofweek&quot;" assertions="1" time="0.010747"/>
        <testcase name="test__get with data set &quot;dayofyear&quot;" assertions="1" time="0.010472"/>
        <testcase name="test__get with data set &quot;isleapyear&quot;" assertions="1" time="0.010546"/>
        <testcase name="test__get with data set &quot;day&quot;" assertions="1" time="0.010432"/>
        <testcase name="test__get with data set &quot;hour&quot;" assertions="1" time="0.010600"/>
        <testcase name="test__get with data set &quot;minute&quot;" assertions="1" time="0.010356"/>
        <testcase name="test__get with data set &quot;second&quot;" assertions="1" time="0.010285"/>
        <testcase name="test__get with data set &quot;month&quot;" assertions="1" time="0.010338"/>
        <testcase name="test__get with data set &quot;ordinal&quot;" assertions="1" time="0.010682"/>
        <testcase name="test__get with data set &quot;week&quot;" assertions="1" time="0.010450"/>
        <testcase name="test__get with data set &quot;year&quot;" assertions="1" time="0.010493"/>
      </testsuite>
      <testcase name="test__toString" class="JDateTest" file=".../tests/suite/joomla/utilities/JDateTest.php" line="544" assertions="1" time="0.010265"/>
      <testsuite name="JDateTest::testToString" tests="3" assertions="3" failures="0" errors="0" time="0.030553">
        <testcase name="testToString with data set &quot;basic&quot;" assertions="1" time="0.010183"/>
        <testcase name="testToString with data set &quot;mmmddyy&quot;" assertions="1" time="0.010170"/>
        <testcase name="testToString with data set &quot;Long&quot;" assertions="1" time="0.010200"/>
      </testsuite>
      <testcase name="testGetInstance" class="JDateTest" file=".../tests/suite/joomla/utilities/JDateTest.php" line="587" assertions="2" time="0.011251"/>
      <testsuite name="JDateTest::testGetOffsetFromGMT" tests="5" assertions="5" failures="0" errors="0" time="0.051559">
        <testcase name="testGetOffsetFromGMT with data set &quot;basic&quot;" assertions="1" time="0.010387"/>
        <testcase name="testGetOffsetFromGMT with data set &quot;Atlantic/Azores&quot;" assertions="1" time="0.010227"/>
        <testcase name="testGetOffsetFromGMT with data set &quot;&#9;/Hours&quot;" assertions="1" time="0.010296"/>
        <testcase name="testGetOffsetFromGMT with data set &quot;Australia/Brisbane&quot;" assertions="1" time="0.010272"/>
        <testcase name="testGetOffsetFromGMT with data set &quot;Australia/Brisbane/Hours&quot;" assertions="1" time="0.010377"/>
      </testsuite>
      <testsuite name="JDateTest::testFormat" tests="3" assertions="3" failures="0" errors="0" time="0.030561">
        <testcase name="testFormat with data set &quot;basic&quot;" assertions="1" time="0.010239"/>
        <testcase name="testFormat with data set &quot;mmddyy&quot;" assertions="1" time="0.010226"/>
        <testcase name="testFormat with data set &quot;mmddyyGMT&quot;" assertions="1" time="0.010096"/>
      </testsuite>
      <testsuite name="JDateTest::testToRFC822" tests="5" assertions="5" failures="0" errors="0" time="0.055107">
        <testcase name="testToRFC822 with data set &quot;basic&quot;" assertions="1" time="0.011972"/>
        <testcase name="testToRFC822 with data set &quot;Atlantic/AzoresGMT&quot;" assertions="1" time="0.010748"/>
        <testcase name="testToRFC822 with data set &quot;Atlantic/AzoresLocal&quot;" assertions="1" time="0.010703"/>
        <testcase name="testToRFC822 with data set &quot;Australia/BrisbaneGMT&quot;" assertions="1" time="0.010871"/>
        <testcase name="testToRFC822 with data set &quot;Australia/Brisbane/Local&quot;" assertions="1" time="0.010813"/>
      </testsuite>
      <testsuite name="JDateTest::testToISO8601" tests="5" assertions="5" failures="0" errors="0" time="0.052423">
        <testcase name="testToISO8601 with data set &quot;basic&quot;" assertions="1" time="0.010529"/>
        <testcase name="testToISO8601 with data set &quot;Atlantic/AzoresGMT&quot;" assertions="1" time="0.010345"/>
        <testcase name="testToISO8601 with data set &quot;Atlantic/AzoresLocal&quot;" assertions="1" time="0.010512"/>
        <testcase name="testToISO8601 with data set &quot;Australia/BrisbaneGMT&quot;" assertions="1" time="0.010654"/>
        <testcase name="testToISO8601 with data set &quot;Australia/Brisbane/Local&quot;" assertions="1" time="0.010383"/>
      </testsuite>
      <testsuite name="JDateTest::testToMySQL" tests="5" assertions="5" failures="0" errors="0" time="0.056988">
        <testcase name="testToMySQL with data set &quot;basic&quot;" assertions="1" time="0.011294"/>
        <testcase name="testToMySQL with data set &quot;Atlantic/AzoresGMT&quot;" assertions="1" time="0.011370"/>
        <testcase name="testToMySQL with data set &quot;Atlantic/AzoresLocal&quot;" assertions="1" time="0.011509"/>
        <testcase name="testToMySQL with data set &quot;Australia/BrisbaneGMT&quot;" assertions="1" time="0.011543"/>
        <testcase name="testToMySQL with data set &quot;Australia/Brisbane/Local&quot;" assertions="1" time="0.011272"/>
      </testsuite>
      <testsuite name="JDateTest::testToSql" tests="5" assertions="5" failures="0" errors="0" time="0.053989">
        <testcase name="testToSql with data set &quot;basic&quot;" assertions="1" time="0.010638"/>
        <testcase name="testToSql with data set &quot;Atlantic/AzoresGMT&quot;" assertions="1" time="0.010884"/>
        <testcase name="testToSql with data set &quot;Atlantic/AzoresLocal&quot;" assertions="1" time="0.010966"/>
        <testcase name="testToSql with data set &quot;Australia/BrisbaneGMT&quot;" assertions="1" time="0.010827"/>
        <testcase name="testToSql with data set &quot;Australia/Brisbane/Local&quot;" assertions="1" time="0.010674"/>
      </testsuite>
      <testsuite name="JDateTest::testToUnix" tests="5" assertions="5" failures="0" errors="0" time="0.051709">
        <testcase name="testToUnix with data set &quot;basic&quot;" assertions="1" time="0.010429"/>
        <testcase name="testToUnix with data set &quot;Atlantic/AzoresGMT&quot;" assertions="1" time="0.010243"/>
        <testcase name="testToUnix with data set &quot;Atlantic/AzoresLocal&quot;" assertions="1" time="0.010234"/>
        <testcase name="testToUnix with data set &quot;Australia/BrisbaneGMT&quot;" assertions="1" time="0.010265"/>
        <testcase name="testToUnix with data set &quot;Australia/Brisbane/Local&quot;" assertions="1" time="0.010538"/>
      </testsuite>
      <testsuite name="JDateTest::testSetTimezone" tests="6" assertions="6" failures="0" errors="0" time="0.062059">
        <testcase name="testSetTimezone with data set &quot;New_York&quot;" assertions="1" time="0.010520"/>
        <testcase name="testSetTimezone with data set &quot;Chicago&quot;" assertions="1" time="0.010323"/>
        <testcase name="testSetTimezone with data set &quot;Los_Angeles&quot;" assertions="1" time="0.010361"/>
        <testcase name="testSetTimezone with data set &quot;Isle of Man&quot;" assertions="1" time="0.010232"/>
        <testcase name="testSetTimezone with data set &quot;Berlin&quot;" assertions="1" time="0.010291"/>
        <testcase name="testSetTimezone with data set &quot;Pacific/Port_Moresby&quot;" assertions="1" time="0.010332"/>
      </testsuite>
    </testsuite>
    <testsuite name="JSimpleCryptTest" file=".../tests/suite/joomla/utilities/JSimpleCryptTest.php" fullPackage="Joomla.UnitTest.Utilities" package="Joomla.UnitTest" subpackage="Utilities" tests="12" assertions="24" failures="0" errors="0" time="0.276749">
      <testsuite name="JSimpleCryptTest::testDecrypt" tests="6" assertions="12" failures="0" errors="0" time="0.146005">
        <testcase name="testDecrypt with data set &quot;HelloDef&quot;" assertions="2" time="0.023660"/>
        <testcase name="testDecrypt with data set &quot;HelloKey&quot;" assertions="2" time="0.016915"/>
        <testcase name="testDecrypt with data set &quot;TypiDef&quot;" assertions="2" time="0.033745"/>
        <testcase name="testDecrypt with data set &quot;TypiKey&quot;" assertions="2" time="0.030944"/>
        <testcase name="testDecrypt with data set &quot;WildDef&quot;" assertions="2" time="0.021922"/>
        <testcase name="testDecrypt with data set &quot;WildKey&quot;" assertions="2" time="0.018819"/>
      </testsuite>
      <testsuite name="JSimpleCryptTest::testEncrypt" tests="6" assertions="12" failures="0" errors="0" time="0.130744">
        <testcase name="testEncrypt with data set &quot;HelloDef&quot;" assertions="2" time="0.019211"/>
        <testcase name="testEncrypt with data set &quot;HelloKey&quot;" assertions="2" time="0.016185"/>
        <testcase name="testEncrypt with data set &quot;TypiDef&quot;" assertions="2" time="0.030048"/>
        <testcase name="testEncrypt with data set &quot;TypiKey&quot;" assertions="2" time="0.026882"/>
        <testcase name="testEncrypt with data set &quot;WildDef&quot;" assertions="2" time="0.020752"/>
        <testcase name="testEncrypt with data set &quot;WildKey&quot;" assertions="2" time="0.017666"/>
      </testsuite>
    </testsuite>
    <testsuite name="JUtilityTest" file=".../tests/suite/joomla/utilities/JUtilityTest.php" fullPackage="Joomla.UnitTest.Utilities" package="Joomla.UnitTest" subpackage="Utilities" tests="2" assertions="2" failures="0" errors="0" time="0.027834">
      <testsuite name="JUtilityTest::testParseAttributes" tests="2" assertions="2" failures="0" errors="0" time="0.027834">
        <testcase name="testParseAttributes with data set &quot;jdoc&quot;" assertions="1" time="0.012625"/>
        <testcase name="testParseAttributes with data set &quot;xml&quot;" assertions="1" time="0.015209"/>
      </testsuite>
    </testsuite>
  </testsuite>
</testsuites>
